21:38:57 **** Rebuild of configuration Debug for project FirstLabSecSem ****
Info: Internal Builder is used for build
g++ -O0 -g3 -Wall -c -fmessage-length=0 -o main.o "..\\main.cpp" 
g++ -o FirstLabSecSem.exe main.o 
C:/mingw730_32/bin/../lib/gcc/i686-w64-mingw32/7.3.0/../../../../i686-w64-mingw32/lib/../lib/libmingw32.a(lib32_libmingw32_a-crt0_c.o):crt0_c.c:(.text.startup+0x39): undefined reference to `WinMain@16'
collect2.exe: error: ld returned 1 exit status
21:39:45 **** Incremental Build of configuration Debug for project FirstLabSecSem ****
Info: Internal Builder is used for build
g++ -o FirstLabSecSem.exe main.o 
C:/mingw730_32/bin/../lib/gcc/i686-w64-mingw32/7.3.0/../../../../i686-w64-mingw32/lib/../lib/libmingw32.a(lib32_libmingw32_a-crt0_c.o):crt0_c.c:(.text.startup+0x39): undefined reference to `WinMain@16'
collect2.exe: error: ld returned 1 exit status
21:48:29 **** Rebuild of configuration Debug for project FirstLabSecTerm ****
Info: Internal Builder is used for build
g++ -O0 -g3 -Wall -c -fmessage-length=0 -o "Src\\main.o" "..\\Src\\main.cpp" 
g++ -o FirstLabSecTerm.exe "Src\\main.o" 
C:/mingw730_32/bin/../lib/gcc/i686-w64-mingw32/7.3.0/../../../../i686-w64-mingw32/lib/../lib/libmingw32.a(lib32_libmingw32_a-crt0_c.o):crt0_c.c:(.text.startup+0x39): undefined reference to `WinMain@16'
collect2.exe: error: ld returned 1 exit status
21:50:53 **** Incremental Build of configuration Debug for project FirstLabSecTerm ****
Info: Internal Builder is used for build
g++ "-IE:\\Workspace\\FirstLabSecTerm\\Inc" -O0 -g3 -Wall -c -fmessage-length=0 -o "Src\\main.o" "..\\Src\\main.cpp" 
g++ -o FirstLabSecTerm.exe "Src\\main.o" 
Info: Nothing to build for FirstLabSecTerm
21:52:12 **** Incremental Build of configuration Debug for project FirstLabSecTerm ****
Info: Internal Builder is used for build
g++ "-IE:\\Workspace\\FirstLabSecTerm\\Inc" -O0 -g3 -Wall -c -fmessage-length=0 -o "Src\\main.o" "..\\Src\\main.cpp" 
g++ -o FirstLabSecTerm.exe "Src\\main.o" 
21:54:02 **** Incremental Build of configuration Debug for project FirstLabSecTerm ****
Info: Internal Builder is used for build
g++ "-IE:\\Workspace\\FirstLabSecTerm\\Inc" -O0 -g3 -Wall -c -fmessage-length=0 -o "Src\\main.o" "..\\Src\\main.cpp" 
g++ -o FirstLabSecTerm.exe "Src\\main.o" 
Info: Nothing to build for FirstLabSecTerm
Info: Nothing to build for FirstLabSecTerm
21:55:57 **** Incremental Build of configuration Debug for project FirstLabSecTerm ****
Info: Internal Builder is used for build
g++ "-IE:\\Workspace\\FirstLabSecTerm\\Inc" -O0 -g3 -Wall -c -fmessage-length=0 -o "Src\\main.o" "..\\Src\\main.cpp" 
..\Src\main.cpp: In function 'int read_console(char*)':
..\Src\main.cpp:272:1: warning: control reaches end of non-void function [-Wreturn-type]
 }
 ^
g++ -o FirstLabSecTerm.exe "Src\\main.o" 
Info: Nothing to build for FirstLabSecTerm
Info: Nothing to build for FirstLabSecTerm
Info: Nothing to build for FirstLabSecTerm
Info: Nothing to build for FirstLabSecTerm
Info: Nothing to build for FirstLabSecTerm
22:06:30 **** Incremental Build of configuration Debug for project FirstLabSecTerm ****
Info: Internal Builder is used for build
g++ "-IE:\\Workspace\\FirstLabSecTerm\\Inc" -O0 -g3 -Wall -c -fmessage-length=0 -o "Src\\main.o" "..\\Src\\main.cpp" 
g++ -o FirstLabSecTerm.exe "Src\\main.o" 
Src\main.o: In function `main':
E:\Workspace\FirstLabSecTerm\Debug/../Src/main.cpp:51: undefined reference to `read_file(char const*, char*)'
E:\Workspace\FirstLabSecTerm\Debug/../Src/main.cpp:78: undefined reference to `resize_arr()'
collect2.exe: error: ld returned 1 exit status
22:08:11 **** Incremental Build of configuration Debug for project FirstLabSecTerm ****
Info: Internal Builder is used for build
g++ "-IE:\\Workspace\\FirstLabSecTerm\\Inc" -O0 -g3 -Wall -c -fmessage-length=0 -o "Src\\main.o" "..\\Src\\main.cpp" 
..\Src\main.cpp: In function 'int main()':
..\Src\main.cpp:79:16: error: too few arguments to function 'void resize_arr(char*, int)'
     resize_arr();
                ^
..\Src\main.cpp:31:6: note: declared here
 void resize_arr(char* file, int sze);
      ^~~~~~~~~~
22:11:36 **** Incremental Build of configuration Debug for project FirstLabSecTerm ****
Info: Internal Builder is used for build
g++ "-IE:\\Workspace\\FirstLabSecTerm\\Inc" -O0 -g3 -Wall -c -fmessage-length=0 -o "Src\\main.o" "..\\Src\\main.cpp" 
g++ -o FirstLabSecTerm.exe "Src\\main.o" 
Info: Nothing to build for FirstLabSecTerm
Info: Nothing to build for FirstLabSecTerm
Info: Nothing to build for FirstLabSecTerm
Info: Nothing to build for FirstLabSecTerm
22:12:21 **** Incremental Build of configuration Debug for project FirstLabSecTerm ****
Info: Internal Builder is used for build
g++ -o FirstLabSecTerm.exe "Src\\main.o" 
Info: Nothing to build for FirstLabSecTerm
Info: Nothing to build for FirstLabSecTerm
Info: Nothing to build for FirstLabSecTerm
Info: Nothing to build for FirstLabSecTerm
22:14:09 **** Incremental Build of configuration Debug for project FirstLabSecTerm ****
Info: Internal Builder is used for build
g++ -o FirstLabSecTerm.exe "Src\\main.o" 
Info: Nothing to build for FirstLabSecTerm
Info: Nothing to build for FirstLabSecTerm
Info: Nothing to build for FirstLabSecTerm
22:15:04 **** Incremental Build of configuration Debug for project FirstLabSecTerm ****
Info: Internal Builder is used for build
g++ "-IE:\\Workspace\\FirstLabSecTerm\\Inc" -O0 -g3 -Wall -c -fmessage-length=0 -o "Src\\main.o" "..\\Src\\main.cpp" 
g++ -o FirstLabSecTerm.exe "Src\\main.o" 
Info: Nothing to build for FirstLabSecTerm
22:16:01 **** Incremental Build of configuration Debug for project FirstLabSecTerm ****
Info: Internal Builder is used for build
g++ "-IE:\\Workspace\\FirstLabSecTerm\\Inc" -O0 -g3 -Wall -c -fmessage-length=0 -o "Src\\main.o" "..\\Src\\main.cpp" 
g++ -o FirstLabSecTerm.exe "Src\\main.o" 
Info: Nothing to build for FirstLabSecTerm
22:16:23 **** Incremental Build of configuration Debug for project FirstLabSecTerm ****
Info: Internal Builder is used for build
g++ "-IE:\\Workspace\\FirstLabSecTerm\\Inc" -O0 -g3 -Wall -c -fmessage-length=0 -o "Src\\main.o" "..\\Src\\main.cpp" 
g++ -o FirstLabSecTerm.exe "Src\\main.o" 
Info: Nothing to build for FirstLabSecTerm
22:16:42 **** Incremental Build of configuration Debug for project FirstLabSecTerm ****
Info: Internal Builder is used for build
g++ "-IE:\\Workspace\\FirstLabSecTerm\\Inc" -O0 -g3 -Wall -c -fmessage-length=0 -o "Src\\main.o" "..\\Src\\main.cpp" 
g++ -o FirstLabSecTerm.exe "Src\\main.o" 
Info: Nothing to build for FirstLabSecTerm
22:17:12 **** Incremental Build of configuration Debug for project FirstLabSecTerm ****
Info: Internal Builder is used for build
g++ "-IE:\\Workspace\\FirstLabSecTerm\\Inc" -O0 -g3 -Wall -c -fmessage-length=0 -o "Src\\main.o" "..\\Src\\main.cpp" 
g++ -o FirstLabSecTerm.exe "Src\\main.o" 
Info: Nothing to build for FirstLabSecTerm
22:17:29 **** Incremental Build of configuration Debug for project FirstLabSecTerm ****
Info: Internal Builder is used for build
g++ "-IE:\\Workspace\\FirstLabSecTerm\\Inc" -O0 -g3 -Wall -c -fmessage-length=0 -o "Src\\main.o" "..\\Src\\main.cpp" 
g++ -o FirstLabSecTerm.exe "Src\\main.o" 
Info: Nothing to build for FirstLabSecTerm
22:18:18 **** Incremental Build of configuration Debug for project FirstLabSecTerm ****
Info: Internal Builder is used for build
g++ "-IE:\\Workspace\\FirstLabSecTerm\\Inc" -O0 -g3 -Wall -c -fmessage-length=0 -o "Src\\main.o" "..\\Src\\main.cpp" 
g++ -o FirstLabSecTerm.exe "Src\\main.o" 
Info: Nothing to build for FirstLabSecTerm
22:18:40 **** Incremental Build of configuration Debug for project FirstLabSecTerm ****
Info: Internal Builder is used for build
g++ "-IE:\\Workspace\\FirstLabSecTerm\\Inc" -O0 -g3 -Wall -c -fmessage-length=0 -o "Src\\main.o" "..\\Src\\main.cpp" 
g++ -o FirstLabSecTerm.exe "Src\\main.o" 
Info: Nothing to build for FirstLabSecTerm
22:19:13 **** Incremental Build of configuration Debug for project FirstLabSecTerm ****
Info: Internal Builder is used for build
g++ "-IE:\\Workspace\\FirstLabSecTerm\\Inc" -O0 -g3 -Wall -c -fmessage-length=0 -o "Src\\main.o" "..\\Src\\main.cpp" 
..\Src\main.cpp: In function 'int main()':
..\Src\main.cpp:113:17: error: 'i' was not declared in this scope
  cout<<"Flag "<<i<<endl;
                 ^
22:19:23 **** Incremental Build of configuration Debug for project FirstLabSecTerm ****
Info: Internal Builder is used for build
g++ "-IE:\\Workspace\\FirstLabSecTerm\\Inc" -O0 -g3 -Wall -c -fmessage-length=0 -o "Src\\main.o" "..\\Src\\main.cpp" 
g++ -o FirstLabSecTerm.exe "Src\\main.o" 
Info: Nothing to build for FirstLabSecTerm
Info: Nothing to build for FirstLabSecTerm
22:19:54 **** Incremental Build of configuration Debug for project FirstLabSecTerm ****
Info: Internal Builder is used for build
g++ "-IE:\\Workspace\\FirstLabSecTerm\\Inc" -O0 -g3 -Wall -c -fmessage-length=0 -o "Src\\main.o" "..\\Src\\main.cpp" 
g++ -o FirstLabSecTerm.exe "Src\\main.o" 
Info: Nothing to build for FirstLabSecTerm
22:21:41 **** Incremental Build of configuration Debug for project FirstLabSecTerm ****
Info: Internal Builder is used for build
g++ "-IE:\\Workspace\\FirstLabSecTerm\\Inc" -O0 -g3 -Wall -c -fmessage-length=0 -o "Src\\main.o" "..\\Src\\main.cpp" 
g++ -o FirstLabSecTerm.exe "Src\\main.o" 
Info: Nothing to build for FirstLabSecTerm
22:22:30 **** Incremental Build of configuration Debug for project FirstLabSecTerm ****
Info: Internal Builder is used for build
g++ "-IE:\\Workspace\\FirstLabSecTerm\\Inc" -O0 -g3 -Wall -c -fmessage-length=0 -o "Src\\main.o" "..\\Src\\main.cpp" 
g++ -o FirstLabSecTerm.exe "Src\\main.o" 
Info: Nothing to build for FirstLabSecTerm
22:23:24 **** Incremental Build of configuration Debug for project FirstLabSecTerm ****
Info: Internal Builder is used for build
g++ "-IE:\\Workspace\\FirstLabSecTerm\\Inc" -O0 -g3 -Wall -c -fmessage-length=0 -o "Src\\main.o" "..\\Src\\main.cpp" 
g++ -o FirstLabSecTerm.exe "Src\\main.o" 
Info: Nothing to build for FirstLabSecTerm
22:33:14 **** Rebuild of configuration Debug for project FirstLabSecTerm ****
Info: Internal Builder is used for build
g++ "-IE:\\Workspace\\FirstLabSecTerm\\Inc" -O0 -g3 -Wall -c -fmessage-length=0 -o "Src\\main.o" "..\\Src\\main.cpp" 
g++ -o FirstLabSecTerm.exe "Src\\main.o" 
Info: Nothing to build for FirstLabSecTerm
22:37:26 **** Incremental Build of configuration Debug for project FirstLabSecTerm ****
Info: Internal Builder is used for build
g++ "-IE:\\Workspace\\FirstLabSecTerm\\Inc" -O0 -g3 -Wall -c -fmessage-length=0 -o "Src\\main.o" "..\\Src\\main.cpp" 
..\Src\main.cpp: In function 'int read_file(const char*, char*, int, int*)':
..\Src\main.cpp:212:23: error: call of overloaded 'resize_arr(char*&, int&)' is ambiguous
    resize_arr(file,sze);
                       ^
..\Src\main.cpp:31:6: note: candidate: void resize_arr(char*, int)
 void resize_arr(char* file, int sze);
      ^~~~~~~~~~
..\Src\main.cpp:178:6: note: candidate: void resize_arr(char*&, int)
 void resize_arr(char*&file, int sze) {
      ^~~~~~~~~~
..\Src\main.cpp: In function 'int read_console(char*, int, int*)':
..\Src\main.cpp:243:23: error: call of overloaded 'resize_arr(char*&, int&)' is ambiguous
    resize_arr(file,sze);
                       ^
..\Src\main.cpp:31:6: note: candidate: void resize_arr(char*, int)
 void resize_arr(char* file, int sze);
      ^~~~~~~~~~
..\Src\main.cpp:178:6: note: candidate: void resize_arr(char*&, int)
 void resize_arr(char*&file, int sze) {
      ^~~~~~~~~~
22:38:03 **** Incremental Build of configuration Debug for project FirstLabSecTerm ****
Info: Internal Builder is used for build
g++ "-IE:\\Workspace\\FirstLabSecTerm\\Inc" -O0 -g3 -Wall -c -fmessage-length=0 -o "Src\\main.o" "..\\Src\\main.cpp" 
g++ -o FirstLabSecTerm.exe "Src\\main.o" 
Info: Nothing to build for FirstLabSecTerm
22:39:35 **** Incremental Build of configuration Debug for project FirstLabSecTerm ****
Info: Internal Builder is used for build
g++ "-IE:\\Workspace\\FirstLabSecTerm\\Inc" -O0 -g3 -Wall -c -fmessage-length=0 -o "Src\\main.o" "..\\Src\\main.cpp" 
g++ -o FirstLabSecTerm.exe "Src\\main.o" 
Info: Nothing to build for FirstLabSecTerm
22:41:19 **** Incremental Build of configuration Debug for project FirstLabSecTerm ****
Info: Internal Builder is used for build
g++ "-IE:\\Workspace\\FirstLabSecTerm\\Inc" -O0 -g3 -Wall -c -fmessage-length=0 -o "Src\\main.o" "..\\Src\\main.cpp" 
..\Src\main.cpp: In function 'int main()':
..\Src\main.cpp:44:11: warning: value computed is not used [-Wunused-value]
  newline[0],newline[1] = 0,0;
  ~~~~~~~~~^
..\Src\main.cpp:44:11: warning: left operand of comma operator has no effect [-Wunused-value]
..\Src\main.cpp:44:29: warning: right operand of comma operator has no effect [-Wunused-value]
  newline[0],newline[1] = 0,0;
                             ^
g++ -o FirstLabSecTerm.exe "Src\\main.o" 
22:41:55 **** Incremental Build of configuration Debug for project FirstLabSecTerm ****
Info: Internal Builder is used for build
g++ "-IE:\\Workspace\\FirstLabSecTerm\\Inc" -O0 -g3 -Wall -c -fmessage-length=0 -o "Src\\main.o" "..\\Src\\main.cpp" 
g++ -o FirstLabSecTerm.exe "Src\\main.o" 
Info: Nothing to build for FirstLabSecTerm
Info: Nothing to build for FirstLabSecTerm
Info: Nothing to build for FirstLabSecTerm
Info: Nothing to build for FirstLabSecTerm
22:42:23 **** Incremental Build of configuration Debug for project FirstLabSecTerm ****
Info: Internal Builder is used for build
g++ "-IE:\\Workspace\\FirstLabSecTerm\\Inc" -O0 -g3 -Wall -c -fmessage-length=0 -o "Src\\main.o" "..\\Src\\main.cpp" 
..\Src\main.cpp: In function 'int main()':
..\Src\main.cpp:43:7: error: scalar object 'newline' requires one element in initializer
  int* newline = {0,0};//ÐŸÐ¾Ñ€ÑÐ´ÐºÐ¾Ð²Ñ‹Ðµ Ð½Ð¾Ð¼ÐµÑ€Ð° ÑÐ¸Ð¼Ð²Ð¾Ð»Ð¾Ð² Ð¿ÐµÑ€ÐµÑ…Ð¾Ð´Ð° Ð½Ð° Ð½Ð¾Ð²ÑƒÑŽ ÑÑ‚Ñ€Ð¾ÐºÑƒ
       ^~~~~~~
22:42:37 **** Incremental Build of configuration Debug for project FirstLabSecTerm ****
Info: Internal Builder is used for build
g++ "-IE:\\Workspace\\FirstLabSecTerm\\Inc" -O0 -g3 -Wall -c -fmessage-length=0 -o "Src\\main.o" "..\\Src\\main.cpp" 
g++ -o FirstLabSecTerm.exe "Src\\main.o" 
Info: Nothing to build for FirstLabSecTerm
22:43:19 **** Incremental Build of configuration Debug for project FirstLabSecTerm ****
Info: Internal Builder is used for build
g++ "-IE:\\Workspace\\FirstLabSecTerm\\Inc" -O0 -g3 -Wall -c -fmessage-length=0 -o "Src\\main.o" "..\\Src\\main.cpp" 
g++ -o FirstLabSecTerm.exe "Src\\main.o" 
Info: Nothing to build for FirstLabSecTerm
22:43:48 **** Incremental Build of configuration Debug for project FirstLabSecTerm ****
Info: Internal Builder is used for build
g++ "-IE:\\Workspace\\FirstLabSecTerm\\Inc" -O0 -g3 -Wall -c -fmessage-length=0 -o "Src\\main.o" "..\\Src\\main.cpp" 
g++ -o FirstLabSecTerm.exe "Src\\main.o" 
Info: Nothing to build for FirstLabSecTerm
Info: Nothing to build for FirstLabSecTerm
22:44:12 **** Incremental Build of configuration Debug for project FirstLabSecTerm ****
Info: Internal Builder is used for build
g++ "-IE:\\Workspace\\FirstLabSecTerm\\Inc" -O0 -g3 -Wall -c -fmessage-length=0 -o "Src\\main.o" "..\\Src\\main.cpp" 
g++ -o FirstLabSecTerm.exe "Src\\main.o" 
Info: Nothing to build for FirstLabSecTerm
Info: Nothing to build for FirstLabSecTerm
Info: Nothing to build for FirstLabSecTerm
Info: Nothing to build for FirstLabSecTerm
Info: Nothing to build for FirstLabSecTerm
Info: Nothing to build for FirstLabSecTerm
22:44:40 **** Incremental Build of configuration Debug for project FirstLabSecTerm ****
Info: Internal Builder is used for build
g++ "-IE:\\Workspace\\FirstLabSecTerm\\Inc" -O0 -g3 -Wall -c -fmessage-length=0 -o "Src\\main.o" "..\\Src\\main.cpp" 
g++ -o FirstLabSecTerm.exe "Src\\main.o" 
Info: Nothing to build for FirstLabSecTerm
22:45:37 **** Incremental Build of configuration Debug for project FirstLabSecTerm ****
Info: Internal Builder is used for build
g++ "-IE:\\Workspace\\FirstLabSecTerm\\Inc" -O0 -g3 -Wall -c -fmessage-length=0 -o "Src\\main.o" "..\\Src\\main.cpp" 
g++ -o FirstLabSecTerm.exe "Src\\main.o" 
Info: Nothing to build for FirstLabSecTerm
22:47:14 **** Incremental Build of configuration Debug for project FirstLabSecTerm ****
Info: Internal Builder is used for build
g++ "-IE:\\Workspace\\FirstLabSecTerm\\Inc" -O0 -g3 -Wall -c -fmessage-length=0 -o "Src\\main.o" "..\\Src\\main.cpp" 
..\Src\main.cpp: In function 'int main()':
..\Src\main.cpp:42:23: error: expression in new-declarator must have integral or enumeration type
  char* arr = new char[sizem];//ÐœÐ°ÑÑÐ¸Ð² Ñ…Ñ€Ð°Ð½ÑÑ‰Ð¸Ð¹ Ð²ÑÐµ Ð´Ð°Ð½Ð½Ñ‹Ðµ Ð¸Ð· Ñ„Ð°Ð¹Ð»Ð°
                       ^~~~~
..\Src\main.cpp:89:35: error: ISO C++ forbids comparison between pointer and integer [-fpermissive]
  for (int i = newline[1] + 1; i < sizem; i++)//Ð¡Ñ‡Ð¸Ñ‚Ð°ÐµÐ¼ ÑÐ¸Ð¼Ð²Ð¾Ð»Ñ‹ Ð²Ð¾ Ð²Ñ‚Ð¾Ñ€Ð¾Ð¹ ÑÑ‚Ñ€Ð¾ÐºÐµ
                                   ^~~~~
..\Src\main.cpp:138:35: error: ISO C++ forbids comparison between pointer and integer [-fpermissive]
  for (int i = newline[1] + 1; i < sizem; i++)//Ð?Ñ‰ÐµÐ¼ ÑÐ»Ð¾Ð²Ð¾ Ð²Ð¾ Ð²Ñ‚Ð¾Ñ€Ð¾Ð¹ ÑÑ‚Ñ€Ð¾ÐºÐµ
                                   ^~~~~
..\Src\main.cpp: In function 'void resize_arr(char*, int*)':
..\Src\main.cpp:179:23: error: invalid conversion from 'int*' to 'size_t {aka unsigned int}' [-fpermissive]
  size_t newSize = sze + 1;
                   ~~~~^~~
..\Src\main.cpp:181:22: error: ISO C++ forbids comparison between pointer and integer [-fpermissive]
  for (int i = 1; i < sze; i++)
                      ^~~
..\Src\main.cpp:185:8: error: invalid conversion from 'size_t {aka unsigned int}' to 'int*' [-fpermissive]
  sze = newSize;
        ^~~~~~~
..\Src\main.cpp: In function 'int read_file(const char*, char*, int*, int*)':
..\Src\main.cpp:217:16: error: invalid types 'char*[int*]' for array subscript
    file[sze - 1] = fin.get();//Ð”Ð¾Ð¿Ð¸ÑÑ‹Ð²Ð°ÐµÐ¼ Ð² Ñ‚Ð¾Ð»ÑŒÐºÐ¾ Ñ‡Ñ‚Ð¾ ÑÐ¾Ð·Ð´Ð°Ð½Ð½ÑƒÑŽ ÑÑ‡ÐµÐ¹ÐºÑƒ Ð¼Ð°ÑÑÐ¸Ð²Ð° Ð½Ð¾Ð²Ñ‹Ð¹ ÑÐ¸Ð¼Ð²Ð¾Ð» Ð¸Ð· Ñ„Ð°Ð¹Ð»Ð°
                ^
..\Src\main.cpp:218:24: error: invalid types 'char*[int*]' for array subscript
    if (int(file[sze - 1]) == ENDL)
                        ^
..\Src\main.cpp:221:18: error: invalid conversion from 'int*' to 'int' [-fpermissive]
      nl[0] = sze - 1;
              ~~~~^~~
..\Src\main.cpp:225:18: error: invalid conversion from 'int*' to 'int' [-fpermissive]
      nl[1] = sze - 1;
              ~~~~^~~
..\Src\main.cpp:231:24: error: invalid types 'char*[int*]' for array subscript
    if (int(file[sze - 1]) == SPACE and nl[0] == 0) {//ÐŸÑ€Ð¾Ð²ÐµÑ€ÐºÐ° Ð½Ð° 1 ÑÐ»Ð¾Ð²Ð¾ Ð² Ð¿ÐµÑ€Ð²Ð¾Ð¹ ÑÑ‚Ñ€Ð¾ÐºÐµ
                        ^
..\Src\main.cpp: In function 'int read_console(char*, int*, int*)':
..\Src\main.cpp:245:22: error: invalid types 'char*[int*]' for array subscript
   while (file[sze - 1] != '\n' or flag == 0) {
                      ^
..\Src\main.cpp:248:16: error: invalid types 'char*[int*]' for array subscript
    file[sze - 1] = cin.get();//Ð”Ð¾Ð¿Ð¸ÑÑ‹Ð²Ð°ÐµÐ¼ Ð² Ñ‚Ð¾Ð»ÑŒÐºÐ¾ Ñ‡Ñ‚Ð¾ ÑÐ¾Ð·Ð´Ð°Ð½Ð½ÑƒÑŽ ÑÑ‡ÐµÐ¹ÐºÑƒ Ð¼Ð°ÑÑÐ¸Ð²Ð° Ð½Ð¾Ð²Ñ‹Ð¹ ÑÐ¸Ð¼Ð²Ð¾Ð» Ð¸Ð· Ñ„Ð°Ð¹Ð»Ð°
                ^
..\Src\main.cpp:250:24: error: invalid types 'char*[int*]' for array subscript
    if (int(file[sze - 1]) == SPACE and nl[0] == 0) {//ÐŸÑ€Ð¾Ð²ÐµÑ€ÐºÐ° Ð½Ð° 1 ÑÐ»Ð¾Ð²Ð¾ Ð² Ð¿ÐµÑ€Ð²Ð¾Ð¹ ÑÑ‚Ñ€Ð¾ÐºÐµ
                        ^
..\Src\main.cpp:255:16: error: invalid conversion from 'int*' to 'int' [-fpermissive]
    nl[0] = sze - 1;
            ~~~~^~~
..\Src\main.cpp:259:16: error: invalid conversion from 'int*' to 'int' [-fpermissive]
    nl[1] = sze - 1;
            ~~~~^~~
22:47:30 **** Incremental Build of configuration Debug for project FirstLabSecTerm ****
Info: Internal Builder is used for build
g++ "-IE:\\Workspace\\FirstLabSecTerm\\Inc" -O0 -g3 -Wall -c -fmessage-length=0 -o "Src\\main.o" "..\\Src\\main.cpp" 
..\Src\main.cpp: In function 'int main()':
..\Src\main.cpp:42:23: error: expression in new-declarator must have integral or enumeration type
  char* arr = new char[sizem];//ÐœÐ°ÑÑÐ¸Ð² Ñ…Ñ€Ð°Ð½ÑÑ‰Ð¸Ð¹ Ð²ÑÐµ Ð´Ð°Ð½Ð½Ñ‹Ðµ Ð¸Ð· Ñ„Ð°Ð¹Ð»Ð°
                       ^~~~~
..\Src\main.cpp:89:35: error: ISO C++ forbids comparison between pointer and integer [-fpermissive]
  for (int i = newline[1] + 1; i < sizem; i++)//Ð¡Ñ‡Ð¸Ñ‚Ð°ÐµÐ¼ ÑÐ¸Ð¼Ð²Ð¾Ð»Ñ‹ Ð²Ð¾ Ð²Ñ‚Ð¾Ñ€Ð¾Ð¹ ÑÑ‚Ñ€Ð¾ÐºÐµ
                                   ^~~~~
..\Src\main.cpp:138:35: error: ISO C++ forbids comparison between pointer and integer [-fpermissive]
  for (int i = newline[1] + 1; i < sizem; i++)//Ð?Ñ‰ÐµÐ¼ ÑÐ»Ð¾Ð²Ð¾ Ð²Ð¾ Ð²Ñ‚Ð¾Ñ€Ð¾Ð¹ ÑÑ‚Ñ€Ð¾ÐºÐµ
                                   ^~~~~
..\Src\main.cpp: In function 'void resize_arr(char*, int*)':
..\Src\main.cpp:179:23: error: invalid conversion from 'int*' to 'size_t {aka unsigned int}' [-fpermissive]
  size_t newSize = sze + 1;
                   ~~~~^~~
..\Src\main.cpp:181:22: error: ISO C++ forbids comparison between pointer and integer [-fpermissive]
  for (int i = 1; i < sze; i++)
                      ^~~
..\Src\main.cpp:185:8: error: invalid conversion from 'size_t {aka unsigned int}' to 'int*' [-fpermissive]
  sze = newSize;
        ^~~~~~~
..\Src\main.cpp: In function 'int read_file(const char*, char*, int*, int*)':
..\Src\main.cpp:217:16: error: invalid types 'char*[int*]' for array subscript
    file[sze - 1] = fin.get();//Ð”Ð¾Ð¿Ð¸ÑÑ‹Ð²Ð°ÐµÐ¼ Ð² Ñ‚Ð¾Ð»ÑŒÐºÐ¾ Ñ‡Ñ‚Ð¾ ÑÐ¾Ð·Ð´Ð°Ð½Ð½ÑƒÑŽ ÑÑ‡ÐµÐ¹ÐºÑƒ Ð¼Ð°ÑÑÐ¸Ð²Ð° Ð½Ð¾Ð²Ñ‹Ð¹ ÑÐ¸Ð¼Ð²Ð¾Ð» Ð¸Ð· Ñ„Ð°Ð¹Ð»Ð°
                ^
..\Src\main.cpp:218:24: error: invalid types 'char*[int*]' for array subscript
    if (int(file[sze - 1]) == ENDL)
                        ^
..\Src\main.cpp:221:18: error: invalid conversion from 'int*' to 'int' [-fpermissive]
      nl[0] = sze - 1;
              ~~~~^~~
..\Src\main.cpp:225:18: error: invalid conversion from 'int*' to 'int' [-fpermissive]
      nl[1] = sze - 1;
              ~~~~^~~
..\Src\main.cpp:231:24: error: invalid types 'char*[int*]' for array subscript
    if (int(file[sze - 1]) == SPACE and nl[0] == 0) {//ÐŸÑ€Ð¾Ð²ÐµÑ€ÐºÐ° Ð½Ð° 1 ÑÐ»Ð¾Ð²Ð¾ Ð² Ð¿ÐµÑ€Ð²Ð¾Ð¹ ÑÑ‚Ñ€Ð¾ÐºÐµ
                        ^
..\Src\main.cpp: In function 'int read_console(char*, int*, int*)':
..\Src\main.cpp:245:22: error: invalid types 'char*[int*]' for array subscript
   while (file[sze - 1] != '\n' or flag == 0) {
                      ^
..\Src\main.cpp:248:16: error: invalid types 'char*[int*]' for array subscript
    file[sze - 1] = cin.get();//Ð”Ð¾Ð¿Ð¸ÑÑ‹Ð²Ð°ÐµÐ¼ Ð² Ñ‚Ð¾Ð»ÑŒÐºÐ¾ Ñ‡Ñ‚Ð¾ ÑÐ¾Ð·Ð´Ð°Ð½Ð½ÑƒÑŽ ÑÑ‡ÐµÐ¹ÐºÑƒ Ð¼Ð°ÑÑÐ¸Ð²Ð° Ð½Ð¾Ð²Ñ‹Ð¹ ÑÐ¸Ð¼Ð²Ð¾Ð» Ð¸Ð· Ñ„Ð°Ð¹Ð»Ð°
                ^
..\Src\main.cpp:250:20: error: invalid operands of types 'int*' and 'int' to binary 'operator*'
    if (int(file[sze* - 1]) == SPACE and nl[0] == 0) {//ÐŸÑ€Ð¾Ð²ÐµÑ€ÐºÐ° Ð½Ð° 1 ÑÐ»Ð¾Ð²Ð¾ Ð² Ð¿ÐµÑ€Ð²Ð¾Ð¹ ÑÑ‚Ñ€Ð¾ÐºÐµ
                 ~~~^~~~~
..\Src\main.cpp:250:20: error: invalid operands of types 'int*' and 'int' to binary 'operator*'
..\Src\main.cpp:255:16: error: invalid conversion from 'int*' to 'int' [-fpermissive]
    nl[0] = sze - 1;
            ~~~~^~~
..\Src\main.cpp:259:16: error: invalid conversion from 'int*' to 'int' [-fpermissive]
    nl[1] = sze - 1;
            ~~~~^~~
22:48:07 **** Incremental Build of configuration Debug for project FirstLabSecTerm ****
Info: Internal Builder is used for build
g++ "-IE:\\Workspace\\FirstLabSecTerm\\Inc" -O0 -g3 -Wall -c -fmessage-length=0 -o "Src\\main.o" "..\\Src\\main.cpp" 
g++ -o FirstLabSecTerm.exe "Src\\main.o" 
22:51:33 **** Incremental Build of configuration Debug for project FirstLabSecTerm ****
Info: Internal Builder is used for build
g++ "-IE:\\Workspace\\FirstLabSecTerm\\Inc" -O0 -g3 -Wall -c -fmessage-length=0 -o "Src\\main.o" "..\\Src\\main.cpp" 
..\Src\main.cpp: In function 'int main()':
..\Src\main.cpp:50:44: error: invalid conversion from 'int' to 'int*' [-fpermissive]
   switch (read_file(FNAME,arr,sizem,newline))
                                            ^
..\Src\main.cpp:33:5: note:   initializing argument 3 of 'int read_file(const char*, char*, int*, int*)'
 int read_file(const char* NAME, char* file,int* sze,int* nl);
     ^~~~~~~~~
..\Src\main.cpp:70:40: error: invalid conversion from 'int' to 'int*' [-fpermissive]
   switch(read_console(arr,sizem,newline)){
                                        ^
..\Src\main.cpp:34:5: note:   initializing argument 2 of 'int read_console(char*, int*, int*)'
 int read_console(char* file, int* sze,int* nl);
     ^~~~~~~~~~~~
..\Src\main.cpp: In function 'int read_file(const char*, char*, int*, int*)':
..\Src\main.cpp:216:16: error: invalid types 'char*[int*]' for array subscript
    file[sze - 1] = fin.get();//Ð”Ð¾Ð¿Ð¸ÑÑ‹Ð²Ð°ÐµÐ¼ Ð² Ñ‚Ð¾Ð»ÑŒÐºÐ¾ Ñ‡Ñ‚Ð¾ ÑÐ¾Ð·Ð´Ð°Ð½Ð½ÑƒÑŽ ÑÑ‡ÐµÐ¹ÐºÑƒ Ð¼Ð°ÑÑÐ¸Ð²Ð° Ð½Ð¾Ð²Ñ‹Ð¹ ÑÐ¸Ð¼Ð²Ð¾Ð» Ð¸Ð· Ñ„Ð°Ð¹Ð»Ð°
                ^
..\Src\main.cpp: In function 'int read_console(char*, int*, int*)':
..\Src\main.cpp:247:16: error: invalid types 'char*[int*]' for array subscript
    file[sze - 1] = cin.get();//Ð”Ð¾Ð¿Ð¸ÑÑ‹Ð²Ð°ÐµÐ¼ Ð² Ñ‚Ð¾Ð»ÑŒÐºÐ¾ Ñ‡Ñ‚Ð¾ ÑÐ¾Ð·Ð´Ð°Ð½Ð½ÑƒÑŽ ÑÑ‡ÐµÐ¹ÐºÑƒ Ð¼Ð°ÑÑÐ¸Ð²Ð° Ð½Ð¾Ð²Ñ‹Ð¹ ÑÐ¸Ð¼Ð²Ð¾Ð» Ð¸Ð· Ñ„Ð°Ð¹Ð»Ð°
                ^
22:51:50 **** Incremental Build of configuration Debug for project FirstLabSecTerm ****
Info: Internal Builder is used for build
g++ "-IE:\\Workspace\\FirstLabSecTerm\\Inc" -O0 -g3 -Wall -c -fmessage-length=0 -o "Src\\main.o" "..\\Src\\main.cpp" 
..\Src\main.cpp: In function 'int main()':
..\Src\main.cpp:50:44: error: invalid conversion from 'int' to 'int*' [-fpermissive]
   switch (read_file(FNAME,arr,sizem,newline))
                                            ^
..\Src\main.cpp:33:5: note:   initializing argument 3 of 'int read_file(const char*, char*, int*, int*)'
 int read_file(const char* NAME, char* file,int* sze,int* nl);
     ^~~~~~~~~
..\Src\main.cpp:70:40: error: invalid conversion from 'int' to 'int*' [-fpermissive]
   switch(read_console(arr,sizem,newline)){
                                        ^
..\Src\main.cpp:34:5: note:   initializing argument 2 of 'int read_console(char*, int*, int*)'
 int read_console(char* file, int* sze,int* nl);
     ^~~~~~~~~~~~
..\Src\main.cpp: In function 'int read_console(char*, int*, int*)':
..\Src\main.cpp:247:16: error: invalid types 'char*[int*]' for array subscript
    file[sze - 1] = cin.get();//Ð”Ð¾Ð¿Ð¸ÑÑ‹Ð²Ð°ÐµÐ¼ Ð² Ñ‚Ð¾Ð»ÑŒÐºÐ¾ Ñ‡Ñ‚Ð¾ ÑÐ¾Ð·Ð´Ð°Ð½Ð½ÑƒÑŽ ÑÑ‡ÐµÐ¹ÐºÑƒ Ð¼Ð°ÑÑÐ¸Ð²Ð° Ð½Ð¾Ð²Ñ‹Ð¹ ÑÐ¸Ð¼Ð²Ð¾Ð» Ð¸Ð· Ñ„Ð°Ð¹Ð»Ð°
                ^
22:52:42 **** Incremental Build of configuration Debug for project FirstLabSecTerm ****
Info: Internal Builder is used for build
g++ "-IE:\\Workspace\\FirstLabSecTerm\\Inc" -O0 -g3 -Wall -c -fmessage-length=0 -o "Src\\main.o" "..\\Src\\main.cpp" 
..\Src\main.cpp: In function 'int main()':
..\Src\main.cpp:41:23: error: expression in new-declarator must have integral or enumeration type
  char* arr = new char[sizem];//ÐœÐ°ÑÑÐ¸Ð² Ñ…Ñ€Ð°Ð½ÑÑ‰Ð¸Ð¹ Ð²ÑÐµ Ð´Ð°Ð½Ð½Ñ‹Ðµ Ð¸Ð· Ñ„Ð°Ð¹Ð»Ð°
                       ^~~~~
..\Src\main.cpp:88:35: error: ISO C++ forbids comparison between pointer and integer [-fpermissive]
  for (int i = newline[1] + 1; i < sizem; i++)//Ð¡Ñ‡Ð¸Ñ‚Ð°ÐµÐ¼ ÑÐ¸Ð¼Ð²Ð¾Ð»Ñ‹ Ð²Ð¾ Ð²Ñ‚Ð¾Ñ€Ð¾Ð¹ ÑÑ‚Ñ€Ð¾ÐºÐµ
                                   ^~~~~
..\Src\main.cpp:137:35: error: ISO C++ forbids comparison between pointer and integer [-fpermissive]
  for (int i = newline[1] + 1; i < sizem; i++)//Ð?Ñ‰ÐµÐ¼ ÑÐ»Ð¾Ð²Ð¾ Ð²Ð¾ Ð²Ñ‚Ð¾Ñ€Ð¾Ð¹ ÑÑ‚Ñ€Ð¾ÐºÐµ
                                   ^~~~~
..\Src\main.cpp: In function 'int read_console(char*, int*, int*)':
..\Src\main.cpp:247:16: error: invalid types 'char*[int*]' for array subscript
    file[sze - 1] = cin.get();//Ð”Ð¾Ð¿Ð¸ÑÑ‹Ð²Ð°ÐµÐ¼ Ð² Ñ‚Ð¾Ð»ÑŒÐºÐ¾ Ñ‡Ñ‚Ð¾ ÑÐ¾Ð·Ð´Ð°Ð½Ð½ÑƒÑŽ ÑÑ‡ÐµÐ¹ÐºÑƒ Ð¼Ð°ÑÑÐ¸Ð²Ð° Ð½Ð¾Ð²Ñ‹Ð¹ ÑÐ¸Ð¼Ð²Ð¾Ð» Ð¸Ð· Ñ„Ð°Ð¹Ð»Ð°
                ^
22:52:46 **** Incremental Build of configuration Debug for project FirstLabSecTerm ****
Info: Internal Builder is used for build
g++ "-IE:\\Workspace\\FirstLabSecTerm\\Inc" -O0 -g3 -Wall -c -fmessage-length=0 -o "Src\\main.o" "..\\Src\\main.cpp" 
..\Src\main.cpp: In function 'int main()':
..\Src\main.cpp:41:23: error: expression in new-declarator must have integral or enumeration type
  char* arr = new char[sizem];//ÐœÐ°ÑÑÐ¸Ð² Ñ…Ñ€Ð°Ð½ÑÑ‰Ð¸Ð¹ Ð²ÑÐµ Ð´Ð°Ð½Ð½Ñ‹Ðµ Ð¸Ð· Ñ„Ð°Ð¹Ð»Ð°
                       ^~~~~
..\Src\main.cpp:88:35: error: ISO C++ forbids comparison between pointer and integer [-fpermissive]
  for (int i = newline[1] + 1; i < sizem; i++)//Ð¡Ñ‡Ð¸Ñ‚Ð°ÐµÐ¼ ÑÐ¸Ð¼Ð²Ð¾Ð»Ñ‹ Ð²Ð¾ Ð²Ñ‚Ð¾Ñ€Ð¾Ð¹ ÑÑ‚Ñ€Ð¾ÐºÐµ
                                   ^~~~~
..\Src\main.cpp:137:35: error: ISO C++ forbids comparison between pointer and integer [-fpermissive]
  for (int i = newline[1] + 1; i < sizem; i++)//Ð?Ñ‰ÐµÐ¼ ÑÐ»Ð¾Ð²Ð¾ Ð²Ð¾ Ð²Ñ‚Ð¾Ñ€Ð¾Ð¹ ÑÑ‚Ñ€Ð¾ÐºÐµ
                                   ^~~~~
..\Src\main.cpp: In function 'int read_console(char*, int*, int*)':
..\Src\main.cpp:247:16: error: invalid types 'char*[int*]' for array subscript
    file[sze - 1] = cin.get();//Ð”Ð¾Ð¿Ð¸ÑÑ‹Ð²Ð°ÐµÐ¼ Ð² Ñ‚Ð¾Ð»ÑŒÐºÐ¾ Ñ‡Ñ‚Ð¾ ÑÐ¾Ð·Ð´Ð°Ð½Ð½ÑƒÑŽ ÑÑ‡ÐµÐ¹ÐºÑƒ Ð¼Ð°ÑÑÐ¸Ð²Ð° Ð½Ð¾Ð²Ñ‹Ð¹ ÑÐ¸Ð¼Ð²Ð¾Ð» Ð¸Ð· Ñ„Ð°Ð¹Ð»Ð°
                ^
22:53:25 **** Incremental Build of configuration Debug for project FirstLabSecTerm ****
Info: Internal Builder is used for build
g++ "-IE:\\Workspace\\FirstLabSecTerm\\Inc" -O0 -g3 -Wall -c -fmessage-length=0 -o "Src\\main.o" "..\\Src\\main.cpp" 
..\Src\main.cpp: In function 'int main()':
..\Src\main.cpp:41:23: error: expression in new-declarator must have integral or enumeration type
  char* arr = new char[sizem];//ÐœÐ°ÑÑÐ¸Ð² Ñ…Ñ€Ð°Ð½ÑÑ‰Ð¸Ð¹ Ð²ÑÐµ Ð´Ð°Ð½Ð½Ñ‹Ðµ Ð¸Ð· Ñ„Ð°Ð¹Ð»Ð°
                       ^~~~~
..\Src\main.cpp:88:35: error: ISO C++ forbids comparison between pointer and integer [-fpermissive]
  for (int i = newline[1] + 1; i < sizem; i++)//Ð¡Ñ‡Ð¸Ñ‚Ð°ÐµÐ¼ ÑÐ¸Ð¼Ð²Ð¾Ð»Ñ‹ Ð²Ð¾ Ð²Ñ‚Ð¾Ñ€Ð¾Ð¹ ÑÑ‚Ñ€Ð¾ÐºÐµ
                                   ^~~~~
..\Src\main.cpp:137:35: error: ISO C++ forbids comparison between pointer and integer [-fpermissive]
  for (int i = newline[1] + 1; i < sizem; i++)//Ð?Ñ‰ÐµÐ¼ ÑÐ»Ð¾Ð²Ð¾ Ð²Ð¾ Ð²Ñ‚Ð¾Ñ€Ð¾Ð¹ ÑÑ‚Ñ€Ð¾ÐºÐµ
                                   ^~~~~
..\Src\main.cpp: In function 'int read_console(char*, int*, int*)':
..\Src\main.cpp:247:16: error: invalid types 'char*[int*]' for array subscript
    file[sze - 1] = cin.get();//Ð”Ð¾Ð¿Ð¸ÑÑ‹Ð²Ð°ÐµÐ¼ Ð² Ñ‚Ð¾Ð»ÑŒÐºÐ¾ Ñ‡Ñ‚Ð¾ ÑÐ¾Ð·Ð´Ð°Ð½Ð½ÑƒÑŽ ÑÑ‡ÐµÐ¹ÐºÑƒ Ð¼Ð°ÑÑÐ¸Ð²Ð° Ð½Ð¾Ð²Ñ‹Ð¹ ÑÐ¸Ð¼Ð²Ð¾Ð» Ð¸Ð· Ñ„Ð°Ð¹Ð»Ð°
                ^
22:53:39 **** Incremental Build of configuration Debug for project FirstLabSecTerm ****
Info: Internal Builder is used for build
g++ "-IE:\\Workspace\\FirstLabSecTerm\\Inc" -O0 -g3 -Wall -c -fmessage-length=0 -o "Src\\main.o" "..\\Src\\main.cpp" 
..\Src\main.cpp: In function 'int main()':
..\Src\main.cpp:88:35: error: ISO C++ forbids comparison between pointer and integer [-fpermissive]
  for (int i = newline[1] + 1; i < sizem; i++)//Ð¡Ñ‡Ð¸Ñ‚Ð°ÐµÐ¼ ÑÐ¸Ð¼Ð²Ð¾Ð»Ñ‹ Ð²Ð¾ Ð²Ñ‚Ð¾Ñ€Ð¾Ð¹ ÑÑ‚Ñ€Ð¾ÐºÐµ
                                   ^~~~~
..\Src\main.cpp:137:35: error: ISO C++ forbids comparison between pointer and integer [-fpermissive]
  for (int i = newline[1] + 1; i < sizem; i++)//Ð?Ñ‰ÐµÐ¼ ÑÐ»Ð¾Ð²Ð¾ Ð²Ð¾ Ð²Ñ‚Ð¾Ñ€Ð¾Ð¹ ÑÑ‚Ñ€Ð¾ÐºÐµ
                                   ^~~~~
..\Src\main.cpp: In function 'int read_console(char*, int*, int*)':
..\Src\main.cpp:247:16: error: invalid types 'char*[int*]' for array subscript
    file[sze - 1] = cin.get();//Ð”Ð¾Ð¿Ð¸ÑÑ‹Ð²Ð°ÐµÐ¼ Ð² Ñ‚Ð¾Ð»ÑŒÐºÐ¾ Ñ‡Ñ‚Ð¾ ÑÐ¾Ð·Ð´Ð°Ð½Ð½ÑƒÑŽ ÑÑ‡ÐµÐ¹ÐºÑƒ Ð¼Ð°ÑÑÐ¸Ð²Ð° Ð½Ð¾Ð²Ñ‹Ð¹ ÑÐ¸Ð¼Ð²Ð¾Ð» Ð¸Ð· Ñ„Ð°Ð¹Ð»Ð°
                ^
22:54:14 **** Incremental Build of configuration Debug for project FirstLabSecTerm ****
Info: Internal Builder is used for build
g++ "-IE:\\Workspace\\FirstLabSecTerm\\Inc" -O0 -g3 -Wall -c -fmessage-length=0 -o "Src\\main.o" "..\\Src\\main.cpp" 
g++ -o FirstLabSecTerm.exe "Src\\main.o" 
Info: Nothing to build for FirstLabSecTerm
Info: Nothing to build for FirstLabSecTerm
Info: Nothing to build for FirstLabSecTerm
22:55:28 **** Incremental Build of configuration Debug for project FirstLabSecTerm ****
Info: Internal Builder is used for build
g++ "-IE:\\Workspace\\FirstLabSecTerm\\Inc" -O0 -g3 -Wall -c -fmessage-length=0 -o "Src\\main.o" "..\\Src\\main.cpp" 
..\Src\main.cpp: In function 'int main()':
..\Src\main.cpp:50:44: error: invalid conversion from 'int' to 'int*' [-fpermissive]
   switch (read_file(FNAME,arr,sizem,newline))
                                            ^
..\Src\main.cpp:33:5: note:   initializing argument 3 of 'int read_file(const char*, char*, int*, int*)'
 int read_file(const char* NAME, char* file,int* sze,int* nl);
     ^~~~~~~~~
..\Src\main.cpp:70:40: error: invalid conversion from 'int' to 'int*' [-fpermissive]
   switch(read_console(arr,sizem,newline)){
                                        ^
..\Src\main.cpp:34:5: note:   initializing argument 2 of 'int read_console(char*, int*, int*)'
 int read_console(char* file, int* sze,int* nl);
     ^~~~~~~~~~~~
23:01:32 **** Incremental Build of configuration Debug for project FirstLabSecTerm ****
Info: Internal Builder is used for build
g++ "-IE:\\Workspace\\FirstLabSecTerm\\Inc" -O0 -g3 -Wall -c -fmessage-length=0 -o "Src\\main.o" "..\\Src\\main.cpp" 
..\Src\main.cpp: In function 'int main()':
..\Src\main.cpp:50:44: error: invalid conversion from 'int' to 'int*' [-fpermissive]
   switch (read_file(FNAME,arr,sizem,newline))
                                            ^
..\Src\main.cpp:33:5: note:   initializing argument 3 of 'int read_file(const char*, char*, int*, int*)'
 int read_file(const char* NAME, char* file,int* sze,int* nl);
     ^~~~~~~~~
..\Src\main.cpp:70:40: error: invalid conversion from 'int' to 'int*' [-fpermissive]
   switch(read_console(arr,sizem,newline)){
                                        ^
..\Src\main.cpp:34:5: note:   initializing argument 2 of 'int read_console(char*, int*, int*)'
 int read_console(char* file, int* sze,int* nl);
     ^~~~~~~~~~~~
..\Src\main.cpp: In function 'void resize_arr(char**, int*)':
..\Src\main.cpp:182:21: error: invalid conversion from 'char*' to 'char' [-fpermissive]
   newArr[i] = file[i];
               ~~~~~~^
..\Src\main.cpp:186:9: error: cannot convert 'char*' to 'char**' in assignment
  file = newArr;
         ^~~~~~
23:02:12 **** Incremental Build of configuration Debug for project FirstLabSecTerm ****
Info: Internal Builder is used for build
g++ "-IE:\\Workspace\\FirstLabSecTerm\\Inc" -O0 -g3 -Wall -c -fmessage-length=0 -o "Src\\main.o" "..\\Src\\main.cpp" 
..\Src\main.cpp: In function 'int main()':
..\Src\main.cpp:50:44: error: invalid conversion from 'int' to 'int*' [-fpermissive]
   switch (read_file(FNAME,arr,sizem,newline))
                                            ^
..\Src\main.cpp:33:5: note:   initializing argument 3 of 'int read_file(const char*, char*, int*, int*)'
 int read_file(const char* NAME, char* file,int* sze,int* nl);
     ^~~~~~~~~
..\Src\main.cpp:70:40: error: invalid conversion from 'int' to 'int*' [-fpermissive]
   switch(read_console(arr,sizem,newline)){
                                        ^
..\Src\main.cpp:34:5: note:   initializing argument 2 of 'int read_console(char*, int*, int*)'
 int read_console(char* file, int* sze,int* nl);
     ^~~~~~~~~~~~
..\Src\main.cpp: In function 'void resize_arr(char**, int*)':
..\Src\main.cpp:179:34: error: cannot convert 'char*' to 'char**' in initialization
  char** newArr = new char[newSize];
                                  ^
23:02:46 **** Incremental Build of configuration Debug for project FirstLabSecTerm ****
Info: Internal Builder is used for build
g++ "-IE:\\Workspace\\FirstLabSecTerm\\Inc" -O0 -g3 -Wall -c -fmessage-length=0 -o "Src\\main.o" "..\\Src\\main.cpp" 
..\Src\main.cpp: In function 'int main()':
..\Src\main.cpp:50:44: error: invalid conversion from 'int' to 'int*' [-fpermissive]
   switch (read_file(FNAME,arr,sizem,newline))
                                            ^
..\Src\main.cpp:33:5: note:   initializing argument 3 of 'int read_file(const char*, char*, int*, int*)'
 int read_file(const char* NAME, char* file,int* sze,int* nl);
     ^~~~~~~~~
..\Src\main.cpp:70:40: error: invalid conversion from 'int' to 'int*' [-fpermissive]
   switch(read_console(arr,sizem,newline)){
                                        ^
..\Src\main.cpp:34:5: note:   initializing argument 2 of 'int read_console(char*, int*, int*)'
 int read_console(char* file, int* sze,int* nl);
     ^~~~~~~~~~~~
23:03:17 **** Incremental Build of configuration Debug for project FirstLabSecTerm ****
Info: Internal Builder is used for build
g++ "-IE:\\Workspace\\FirstLabSecTerm\\Inc" -O0 -g3 -Wall -c -fmessage-length=0 -o "Src\\main.o" "..\\Src\\main.cpp" 
..\Src\main.cpp: In function 'void resize_arr(char*, int*)':
..\Src\main.cpp:178:23: error: invalid conversion from 'int*' to 'size_t {aka unsigned int}' [-fpermissive]
  size_t newSize = sze + 1;
                   ~~~~^~~
..\Src\main.cpp:180:22: error: ISO C++ forbids comparison between pointer and integer [-fpermissive]
  for (int i = 1; i < sze; i++)
                      ^~~
..\Src\main.cpp:184:8: error: invalid conversion from 'size_t {aka unsigned int}' to 'int*' [-fpermissive]
  sze = newSize;
        ^~~~~~~
..\Src\main.cpp: In function 'int read_file(const char*, char*, int*, int*)':
..\Src\main.cpp:216:16: error: invalid types 'char*[int*]' for array subscript
    file[sze - 1] = fin.get();//Ð”Ð¾Ð¿Ð¸ÑÑ‹Ð²Ð°ÐµÐ¼ Ð² Ñ‚Ð¾Ð»ÑŒÐºÐ¾ Ñ‡Ñ‚Ð¾ ÑÐ¾Ð·Ð´Ð°Ð½Ð½ÑƒÑŽ ÑÑ‡ÐµÐ¹ÐºÑƒ Ð¼Ð°ÑÑÐ¸Ð²Ð° Ð½Ð¾Ð²Ñ‹Ð¹ ÑÐ¸Ð¼Ð²Ð¾Ð» Ð¸Ð· Ñ„Ð°Ð¹Ð»Ð°
                ^
..\Src\main.cpp:217:24: error: invalid types 'char*[int*]' for array subscript
    if (int(file[sze - 1]) == ENDL)
                        ^
..\Src\main.cpp:220:18: error: invalid conversion from 'int*' to 'int' [-fpermissive]
      nl[0] = sze - 1;
              ~~~~^~~
..\Src\main.cpp:224:18: error: invalid conversion from 'int*' to 'int' [-fpermissive]
      nl[1] = sze - 1;
              ~~~~^~~
..\Src\main.cpp:230:24: error: invalid types 'char*[int*]' for array subscript
    if (int(file[sze - 1]) == SPACE and nl[0] == 0) {//ÐŸÑ€Ð¾Ð²ÐµÑ€ÐºÐ° Ð½Ð° 1 ÑÐ»Ð¾Ð²Ð¾ Ð² Ð¿ÐµÑ€Ð²Ð¾Ð¹ ÑÑ‚Ñ€Ð¾ÐºÐµ
                        ^
..\Src\main.cpp: In function 'int read_console(char*, int*, int*)':
..\Src\main.cpp:244:22: error: invalid types 'char*[int*]' for array subscript
   while (file[sze - 1] != '\n' or flag == 0) {
                      ^
..\Src\main.cpp:247:16: error: invalid types 'char*[int*]' for array subscript
    file[sze - 1] = cin.get();//Ð”Ð¾Ð¿Ð¸ÑÑ‹Ð²Ð°ÐµÐ¼ Ð² Ñ‚Ð¾Ð»ÑŒÐºÐ¾ Ñ‡Ñ‚Ð¾ ÑÐ¾Ð·Ð´Ð°Ð½Ð½ÑƒÑŽ ÑÑ‡ÐµÐ¹ÐºÑƒ Ð¼Ð°ÑÑÐ¸Ð²Ð° Ð½Ð¾Ð²Ñ‹Ð¹ ÑÐ¸Ð¼Ð²Ð¾Ð» Ð¸Ð· Ñ„Ð°Ð¹Ð»Ð°
                ^
..\Src\main.cpp:249:24: error: invalid types 'char*[int*]' for array subscript
    if (int(file[sze - 1]) == SPACE and nl[0] == 0) {//ÐŸÑ€Ð¾Ð²ÐµÑ€ÐºÐ° Ð½Ð° 1 ÑÐ»Ð¾Ð²Ð¾ Ð² Ð¿ÐµÑ€Ð²Ð¾Ð¹ ÑÑ‚Ñ€Ð¾ÐºÐµ
                        ^
..\Src\main.cpp:254:16: error: invalid conversion from 'int*' to 'int' [-fpermissive]
    nl[0] = sze - 1;
            ~~~~^~~
..\Src\main.cpp:258:16: error: invalid conversion from 'int*' to 'int' [-fpermissive]
    nl[1] = sze - 1;
            ~~~~^~~
23:03:38 **** Incremental Build of configuration Debug for project FirstLabSecTerm ****
Info: Internal Builder is used for build
g++ "-IE:\\Workspace\\FirstLabSecTerm\\Inc" -O0 -g3 -Wall -c -fmessage-length=0 -o "Src\\main.o" "..\\Src\\main.cpp" 
g++ -o FirstLabSecTerm.exe "Src\\main.o" 
Info: Nothing to build for FirstLabSecTerm
23:05:50 **** Incremental Build of configuration Debug for project FirstLabSecTerm ****
Info: Internal Builder is used for build
g++ "-IE:\\Workspace\\FirstLabSecTerm\\Inc" -O0 -g3 -Wall -c -fmessage-length=0 -o "Src\\main.o" "..\\Src\\main.cpp" 
g++ -o FirstLabSecTerm.exe "Src\\main.o" 
23:07:44 **** Incremental Build of configuration Debug for project FirstLabSecTerm ****
Info: Internal Builder is used for build
g++ "-IE:\\Workspace\\FirstLabSecTerm\\Inc" -O0 -g3 -Wall -c -fmessage-length=0 -o "Src\\main.o" "..\\Src\\main.cpp" 
g++ -o FirstLabSecTerm.exe "Src\\main.o" 
Info: Nothing to build for FirstLabSecTerm
23:11:33 **** Incremental Build of configuration Debug for project FirstLabSecTerm ****
Info: Internal Builder is used for build
g++ "-IE:\\Workspace\\FirstLabSecTerm\\Inc" -O0 -g3 -Wall -c -fmessage-length=0 -o "Src\\main.o" "..\\Src\\main.cpp" 
g++ -o FirstLabSecTerm.exe "Src\\main.o" 
Info: Nothing to build for FirstLabSecTerm
23:11:54 **** Incremental Build of configuration Debug for project FirstLabSecTerm ****
Info: Internal Builder is used for build
g++ "-IE:\\Workspace\\FirstLabSecTerm\\Inc" -O0 -g3 -Wall -c -fmessage-length=0 -o "Src\\main.o" "..\\Src\\main.cpp" 
g++ -o FirstLabSecTerm.exe "Src\\main.o" 
Info: Nothing to build for FirstLabSecTerm
23:13:12 **** Incremental Build of configuration Debug for project FirstLabSecTerm ****
Info: Internal Builder is used for build
g++ "-IE:\\Workspace\\FirstLabSecTerm\\Inc" -O0 -g3 -Wall -c -fmessage-length=0 -o "Src\\main.o" "..\\Src\\main.cpp" 
..\Src\main.cpp: In function 'int read_console(char*)':
..\Src\main.cpp:264:1: warning: control reaches end of non-void function [-Wreturn-type]
 }
 ^
g++ -o FirstLabSecTerm.exe "Src\\main.o" 
Info: Nothing to build for FirstLabSecTerm
11:21:18 **** Incremental Build of configuration Debug for project FirstLabSecTerm ****
Info: Internal Builder is used for build
g++ "-IE:\\Workspace\\FirstLabSecTerm\\Inc" -O0 -g3 -Wall -c -fmessage-length=0 -o "Src\\main.o" "..\\Src\\main.cpp" 
g++ -o FirstLabSecTerm.exe "Src\\main.o" 
Info: Nothing to build for FirstLabSecTerm
11:21:39 **** Incremental Build of configuration Debug for project FirstLabSecTerm ****
Info: Internal Builder is used for build
g++ "-IE:\\Workspace\\FirstLabSecTerm\\Inc" -O0 -g3 -Wall -c -fmessage-length=0 -o "Src\\main.o" "..\\Src\\main.cpp" 
g++ -o FirstLabSecTerm.exe "Src\\main.o" 
Info: Nothing to build for FirstLabSecTerm
11:22:09 **** Incremental Build of configuration Debug for project FirstLabSecTerm ****
Info: Internal Builder is used for build
g++ "-IE:\\Workspace\\FirstLabSecTerm\\Inc" -O0 -g3 -Wall -c -fmessage-length=0 -o "Src\\main.o" "..\\Src\\main.cpp" 
..\Src\main.cpp: In function 'int read_console(char*, int*, int*)':
..\Src\main.cpp:236:12: error: 'arr' was not declared in this scope
    if (int(arr[*sze - 1]) == SPACE and nl[0] == 0) {//ÃÃ°Ã®Ã¢Ã¥Ã°ÃªÃ  Ã­Ã  1 Ã±Ã«Ã®Ã¢Ã® Ã¢ Ã¯Ã¥Ã°Ã¢Ã®Ã© Ã±Ã²Ã°Ã®ÃªÃ¥
            ^~~
11:22:24 **** Incremental Build of configuration Debug for project FirstLabSecTerm ****
Info: Internal Builder is used for build
g++ "-IE:\\Workspace\\FirstLabSecTerm\\Inc" -O0 -g3 -Wall -c -fmessage-length=0 -o "Src\\main.o" "..\\Src\\main.cpp" 
g++ -o FirstLabSecTerm.exe "Src\\main.o" 
Info: Nothing to build for FirstLabSecTerm
Info: Nothing to build for FirstLabSecTerm
11:28:50 **** Incremental Build of configuration Debug for project FirstLabSecTerm ****
Info: Internal Builder is used for build
g++ "-IE:\\Workspace\\FirstLabSecTerm\\Inc" -O0 -g3 -Wall -c -fmessage-length=0 -o "Src\\main.o" "..\\Src\\main.cpp" 
..\Src\main.cpp: In function 'void resize_arr(char**, int*)':
..\Src\main.cpp:174:7: error: cannot convert 'char*' to 'char**' in assignment
  ar = newArr;
       ^~~~~~
11:29:29 **** Incremental Build of configuration Debug for project FirstLabSecTerm ****
Info: Internal Builder is used for build
g++ "-IE:\\Workspace\\FirstLabSecTerm\\Inc" -O0 -g3 -Wall -c -fmessage-length=0 -o "Src\\main.o" "..\\Src\\main.cpp" 
g++ -o FirstLabSecTerm.exe "Src\\main.o" 
Src\main.o: In function `Z9read_filePKcPcPiS2_':
E:\Workspace\FirstLabSecTerm\Debug/../Src/main.cpp:202: undefined reference to `resize_arr(char*, int*)'
Src\main.o: In function `Z12read_consolePcPiS0_':
E:\Workspace\FirstLabSecTerm\Debug/../Src/main.cpp:233: undefined reference to `resize_arr(char*, int*)'
collect2.exe: error: ld returned 1 exit status
11:29:46 **** Incremental Build of configuration Debug for project FirstLabSecTerm ****
Info: Internal Builder is used for build
g++ "-IE:\\Workspace\\FirstLabSecTerm\\Inc" -O0 -g3 -Wall -c -fmessage-length=0 -o "Src\\main.o" "..\\Src\\main.cpp" 
g++ -o FirstLabSecTerm.exe "Src\\main.o" 
Src\main.o: In function `Z9read_filePKcPcPiS2_':
E:\Workspace\FirstLabSecTerm\Debug/../Src/main.cpp:202: undefined reference to `resize_arr(char*, int*)'
Src\main.o: In function `Z12read_consolePcPiS0_':
E:\Workspace\FirstLabSecTerm\Debug/../Src/main.cpp:233: undefined reference to `resize_arr(char*, int*)'
collect2.exe: error: ld returned 1 exit status
11:30:10 **** Incremental Build of configuration Debug for project FirstLabSecTerm ****
Info: Internal Builder is used for build
g++ "-IE:\\Workspace\\FirstLabSecTerm\\Inc" -O0 -g3 -Wall -c -fmessage-length=0 -o "Src\\main.o" "..\\Src\\main.cpp" 
..\Src\main.cpp: In function 'int read_file(const char*, char*, int*, int*)':
..\Src\main.cpp:202:25: error: no matching function for call to 'resize_arr(char**, int**)'
    resize_arr(&file,&sze);
                         ^
..\Src\main.cpp:23:6: note: candidate: void resize_arr(char*, int*)
 void resize_arr(char *ar,int *sze);
      ^~~~~~~~~~
..\Src\main.cpp:23:6: note:   no known conversion for argument 1 from 'char**' to 'char*'
..\Src\main.cpp:168:6: note: candidate: void resize_arr(char**, int*)
 void resize_arr(char **ar, int *sze) {
      ^~~~~~~~~~
..\Src\main.cpp:168:6: note:   no known conversion for argument 2 from 'int**' to 'int*'
11:30:28 **** Incremental Build of configuration Debug for project FirstLabSecTerm ****
Info: Internal Builder is used for build
g++ "-IE:\\Workspace\\FirstLabSecTerm\\Inc" -O0 -g3 -Wall -c -fmessage-length=0 -o "Src\\main.o" "..\\Src\\main.cpp" 
g++ -o FirstLabSecTerm.exe "Src\\main.o" 
Src\main.o: In function `Z12read_consolePcPiS0_':
E:\Workspace\FirstLabSecTerm\Debug/../Src/main.cpp:233: undefined reference to `resize_arr(char*, int*)'
collect2.exe: error: ld returned 1 exit status
11:30:42 **** Incremental Build of configuration Debug for project FirstLabSecTerm ****
Info: Internal Builder is used for build
g++ "-IE:\\Workspace\\FirstLabSecTerm\\Inc" -O0 -g3 -Wall -c -fmessage-length=0 -o "Src\\main.o" "..\\Src\\main.cpp" 
g++ -o FirstLabSecTerm.exe "Src\\main.o" 
Info: Nothing to build for FirstLabSecTerm
Info: Nothing to build for FirstLabSecTerm
Info: Nothing to build for FirstLabSecTerm
11:32:24 **** Incremental Build of configuration Debug for project FirstLabSecTerm ****
Info: Internal Builder is used for build
g++ "-IE:\\Workspace\\FirstLabSecTerm\\Inc" -O0 -g3 -Wall -c -fmessage-length=0 -o "Src\\main.o" "..\\Src\\main.cpp" 
g++ -o FirstLabSecTerm.exe "Src\\main.o" 
Info: Nothing to build for FirstLabSecTerm
Info: Nothing to build for FirstLabSecTerm
11:32:43 **** Incremental Build of configuration Debug for project FirstLabSecTerm ****
Info: Internal Builder is used for build
g++ "-IE:\\Workspace\\FirstLabSecTerm\\Inc" -O0 -g3 -Wall -c -fmessage-length=0 -o "Src\\main.o" "..\\Src\\main.cpp" 
g++ -o FirstLabSecTerm.exe "Src\\main.o" 
Info: Nothing to build for FirstLabSecTerm
11:33:01 **** Incremental Build of configuration Debug for project FirstLabSecTerm ****
Info: Internal Builder is used for build
g++ "-IE:\\Workspace\\FirstLabSecTerm\\Inc" -O0 -g3 -Wall -c -fmessage-length=0 -o "Src\\main.o" "..\\Src\\main.cpp" 
g++ -o FirstLabSecTerm.exe "Src\\main.o" 
11:33:29 **** Incremental Build of configuration Debug for project FirstLabSecTerm ****
Info: Internal Builder is used for build
g++ "-IE:\\Workspace\\FirstLabSecTerm\\Inc" -O0 -g3 -Wall -c -fmessage-length=0 -o "Src\\main.o" "..\\Src\\main.cpp" 
g++ -o FirstLabSecTerm.exe "Src\\main.o" 
Info: Nothing to build for FirstLabSecTerm
11:34:01 **** Incremental Build of configuration Debug for project FirstLabSecTerm ****
Info: Internal Builder is used for build
g++ "-IE:\\Workspace\\FirstLabSecTerm\\Inc" -O0 -g3 -Wall -c -fmessage-length=0 -o "Src\\main.o" "..\\Src\\main.cpp" 
g++ -o FirstLabSecTerm.exe "Src\\main.o" 
Info: Nothing to build for FirstLabSecTerm
Info: Nothing to build for FirstLabSecTerm
11:35:18 **** Incremental Build of configuration Debug for project FirstLabSecTerm ****
Info: Internal Builder is used for build
g++ "-IE:\\Workspace\\FirstLabSecTerm\\Inc" -O0 -g3 -Wall -c -fmessage-length=0 -o "Src\\main.o" "..\\Src\\main.cpp" 
g++ -o FirstLabSecTerm.exe "Src\\main.o" 
C:/mingw730_32/bin/../lib/gcc/i686-w64-mingw32/7.3.0/../../../../i686-w64-mingw32/bin/ld.exe: cannot open output file FirstLabSecTerm.exe: Permission denied
collect2.exe: error: ld returned 1 exit status
11:35:22 **** Incremental Build of configuration Debug for project FirstLabSecTerm ****
Info: Internal Builder is used for build
g++ -o FirstLabSecTerm.exe "Src\\main.o" 
Info: Nothing to build for FirstLabSecTerm
Info: Nothing to build for FirstLabSecTerm
Info: Nothing to build for FirstLabSecTerm
11:40:12 **** Incremental Build of configuration Debug for project FirstLabSecTerm ****
Info: Internal Builder is used for build
g++ "-IE:\\Workspace\\FirstLabSecTerm\\Inc" -O0 -g3 -Wall -c -fmessage-length=0 -o "Src\\main.o" "..\\Src\\main.cpp" 
g++ -o FirstLabSecTerm.exe "Src\\main.o" 
Info: Nothing to build for FirstLabSecTerm
Info: Nothing to build for FirstLabSecTerm
11:41:44 **** Incremental Build of configuration Debug for project FirstLabSecTerm ****
Info: Internal Builder is used for build
g++ "-IE:\\Workspace\\FirstLabSecTerm\\Inc" -O0 -g3 -Wall -c -fmessage-length=0 -o "Src\\main.o" "..\\Src\\main.cpp" 
g++ -o FirstLabSecTerm.exe "Src\\main.o" 
Info: Nothing to build for FirstLabSecTerm
11:44:21 **** Incremental Build of configuration Debug for project FirstLabSecTerm ****
Info: Internal Builder is used for build
g++ "-IE:\\Workspace\\FirstLabSecTerm\\Inc" -O0 -g3 -Wall -c -fmessage-length=0 -o "Src\\main.o" "..\\Src\\main.cpp" 
g++ -o FirstLabSecTerm.exe "Src\\main.o" 
Src\main.o: In function `main':
E:\Workspace\FirstLabSecTerm\Debug/../Src/main.cpp:40: undefined reference to `read_file(char const*, char*, int*, int*)'
collect2.exe: error: ld returned 1 exit status
11:44:36 **** Incremental Build of configuration Debug for project FirstLabSecTerm ****
Info: Internal Builder is used for build
g++ "-IE:\\Workspace\\FirstLabSecTerm\\Inc" -O0 -g3 -Wall -c -fmessage-length=0 -o "Src\\main.o" "..\\Src\\main.cpp" 
..\Src\main.cpp: In function 'int main()':
..\Src\main.cpp:40:47: error: cannot convert 'char*' to 'char**' for argument '2' to 'int read_file(const char*, char**, int*, int*)'
   switch (read_file(FNAME, arr, &sizem,newline))
                                               ^
11:44:55 **** Incremental Build of configuration Debug for project FirstLabSecTerm ****
Info: Internal Builder is used for build
g++ "-IE:\\Workspace\\FirstLabSecTerm\\Inc" -O0 -g3 -Wall -c -fmessage-length=0 -o "Src\\main.o" "..\\Src\\main.cpp" 
g++ -o FirstLabSecTerm.exe "Src\\main.o" 
Info: Nothing to build for FirstLabSecTerm
11:45:33 **** Incremental Build of configuration Debug for project FirstLabSecTerm ****
Info: Internal Builder is used for build
g++ "-IE:\\Workspace\\FirstLabSecTerm\\Inc" -O0 -g3 -Wall -c -fmessage-length=0 -o "Src\\main.o" "..\\Src\\main.cpp" 
..\Src\main.cpp: In function 'int read_console(char*)':
..\Src\main.cpp:264:1: warning: control reaches end of non-void function [-Wreturn-type]
 }
 ^
g++ -o FirstLabSecTerm.exe "Src\\main.o" 
11:48:09 **** Incremental Build of configuration Debug for project FirstLabSecTerm ****
Info: Internal Builder is used for build
g++ "-IE:\\Workspace\\FirstLabSecTerm\\Inc" -O0 -g3 -Wall -c -fmessage-length=0 -o "Src\\main.o" "..\\Src\\main.cpp" 
g++ -o FirstLabSecTerm.exe "Src\\main.o" 
Src\main.o: In function `main':
E:\Workspace\FirstLabSecTerm\Debug/../Src/main.cpp:40: undefined reference to `read_file(char const*, char**, int*, int*)'
collect2.exe: error: ld returned 1 exit status
11:48:35 **** Incremental Build of configuration Debug for project FirstLabSecTerm ****
Info: Internal Builder is used for build
g++ "-IE:\\Workspace\\FirstLabSecTerm\\Inc" -O0 -g3 -Wall -c -fmessage-length=0 -o "Src\\main.o" "..\\Src\\main.cpp" 
..\Src\main.cpp: In function 'int main()':
..\Src\main.cpp:40:47: error: cannot convert 'char*' to 'char**' for argument '2' to 'int read_file(const char*, char**, int*, int*)'
   switch (read_file(FNAME, arr, &sizem,newline))
                                               ^
11:48:49 **** Incremental Build of configuration Debug for project FirstLabSecTerm ****
Info: Internal Builder is used for build
g++ "-IE:\\Workspace\\FirstLabSecTerm\\Inc" -O0 -g3 -Wall -c -fmessage-length=0 -o "Src\\main.o" "..\\Src\\main.cpp" 
g++ -o FirstLabSecTerm.exe "Src\\main.o" 
Src\main.o: In function `main':
E:\Workspace\FirstLabSecTerm\Debug/../Src/main.cpp:40: undefined reference to `read_file(char const*, char**, int*, int*)'
collect2.exe: error: ld returned 1 exit status
11:56:01 **** Incremental Build of configuration Debug for project FirstLabSecTerm ****
Info: Internal Builder is used for build
g++ "-IE:\\Workspace\\FirstLabSecTerm\\Inc" -O0 -g3 -Wall -c -fmessage-length=0 -o "Src\\main.o" "..\\Src\\main.cpp" 
..\Src\main.cpp: In function 'int main()':
..\Src\main.cpp:70:16: error: too few arguments to function 'void resize_arr(char*&, int&)'
     resize_arr();
                ^
..\Src\main.cpp:25:6: note: declared here
 void resize_arr(char *&file, int &size);
      ^~~~~~~~~~
..\Src\main.cpp: In function 'int read_console(char*)':
..\Src\main.cpp:250:15: error: too few arguments to function 'void resize_arr(char*&, int&)'
    resize_arr();
               ^
..\Src\main.cpp:183:6: note: declared here
 void resize_arr(char *&file, int &sz) {
      ^~~~~~~~~~
..\Src\main.cpp:266:1: warning: control reaches end of non-void function [-Wreturn-type]
 }
 ^
11:56:53 **** Incremental Build of configuration Debug for project FirstLabSecTerm ****
Info: Internal Builder is used for build
g++ "-IE:\\Workspace\\FirstLabSecTerm\\Inc" -O0 -g3 -Wall -c -fmessage-length=0 -o "Src\\main.o" "..\\Src\\main.cpp" 
..\Src\main.cpp: In function 'int main()':
..\Src\main.cpp:70:16: error: too few arguments to function 'void resize_arr(char*&, int&)'
     resize_arr();
                ^
..\Src\main.cpp:25:6: note: declared here
 void resize_arr(char *&file, int &sz);
      ^~~~~~~~~~
..\Src\main.cpp: In function 'int read_console(char*)':
..\Src\main.cpp:250:15: error: too few arguments to function 'void resize_arr(char*&, int&)'
    resize_arr();
               ^
..\Src\main.cpp:183:6: note: declared here
 void resize_arr(char *&file, int &sz) {
      ^~~~~~~~~~
..\Src\main.cpp:266:1: warning: control reaches end of non-void function [-Wreturn-type]
 }
 ^
11:58:06 **** Incremental Build of configuration Debug for project FirstLabSecTerm ****
Info: Internal Builder is used for build
g++ "-IE:\\Workspace\\FirstLabSecTerm\\Inc" -O0 -g3 -Wall -c -fmessage-length=0 -o "Src\\main.o" "..\\Src\\main.cpp" 
..\Src\main.cpp: In function 'int main()':
..\Src\main.cpp:63:23: error: too few arguments to function 'int read_console(char*)'
   switch(read_console()){
                       ^
..\Src\main.cpp:28:5: note: declared here
 int read_console(char* file);
     ^~~~~~~~~~~~
..\Src\main.cpp: In function 'int read_console(char*, int&)':
..\Src\main.cpp:246:1: warning: control reaches end of non-void function [-Wreturn-type]
 }
 ^
11:58:28 **** Incremental Build of configuration Debug for project FirstLabSecTerm ****
Info: Internal Builder is used for build
g++ "-IE:\\Workspace\\FirstLabSecTerm\\Inc" -O0 -g3 -Wall -c -fmessage-length=0 -o "Src\\main.o" "..\\Src\\main.cpp" 
..\Src\main.cpp: In function 'int main()':
..\Src\main.cpp:63:23: error: expected primary-expression before 'char'
   switch(read_console(char* file,int &sze)){
                       ^~~~
..\Src\main.cpp:63:34: error: expected primary-expression before 'int'
   switch(read_console(char* file,int &sze)){
                                  ^~~
..\Src\main.cpp: In function 'int read_console(char*, int&)':
..\Src\main.cpp:246:1: warning: control reaches end of non-void function [-Wreturn-type]
 }
 ^
11:58:35 **** Incremental Build of configuration Debug for project FirstLabSecTerm ****
Info: Internal Builder is used for build
g++ "-IE:\\Workspace\\FirstLabSecTerm\\Inc" -O0 -g3 -Wall -c -fmessage-length=0 -o "Src\\main.o" "..\\Src\\main.cpp" 
..\Src\main.cpp: In function 'int main()':
..\Src\main.cpp:63:23: error: expected primary-expression before 'char'
   switch(read_console(char* file,int &sze)){
                       ^~~~
..\Src\main.cpp:63:34: error: expected primary-expression before 'int'
   switch(read_console(char* file,int &sze)){
                                  ^~~
..\Src\main.cpp: In function 'int read_console(char*, int&)':
..\Src\main.cpp:246:1: warning: control reaches end of non-void function [-Wreturn-type]
 }
 ^
11:58:57 **** Incremental Build of configuration Debug for project FirstLabSecTerm ****
Info: Internal Builder is used for build
g++ "-IE:\\Workspace\\FirstLabSecTerm\\Inc" -O0 -g3 -Wall -c -fmessage-length=0 -o "Src\\main.o" "..\\Src\\main.cpp" 
..\Src\main.cpp: In function 'int read_console(char*, int&)':
..\Src\main.cpp:246:1: warning: control reaches end of non-void function [-Wreturn-type]
 }
 ^
g++ -o FirstLabSecTerm.exe "Src\\main.o" 
Info: Nothing to build for FirstLabSecTerm
11:59:37 **** Incremental Build of configuration Debug for project FirstLabSecTerm ****
Info: Internal Builder is used for build
g++ "-IE:\\Workspace\\FirstLabSecTerm\\Inc" -O0 -g3 -Wall -c -fmessage-length=0 -o "Src\\main.o" "..\\Src\\main.cpp" 
..\Src\main.cpp: In function 'int read_console(char*, int&)':
..\Src\main.cpp:248:1: warning: control reaches end of non-void function [-Wreturn-type]
 }
 ^
g++ -o FirstLabSecTerm.exe "Src\\main.o" 
Info: Nothing to build for FirstLabSecTerm
12:00:20 **** Incremental Build of configuration Debug for project FirstLabSecTerm ****
Info: Internal Builder is used for build
g++ "-IE:\\Workspace\\FirstLabSecTerm\\Inc" -O0 -g3 -Wall -c -fmessage-length=0 -o "Src\\main.o" "..\\Src\\main.cpp" 
..\Src\main.cpp: In function 'int read_console(char*, int&)':
..\Src\main.cpp:249:1: warning: control reaches end of non-void function [-Wreturn-type]
 }
 ^
g++ -o FirstLabSecTerm.exe "Src\\main.o" 
Info: Nothing to build for FirstLabSecTerm
12:00:39 **** Incremental Build of configuration Debug for project FirstLabSecTerm ****
Info: Internal Builder is used for build
g++ "-IE:\\Workspace\\FirstLabSecTerm\\Inc" -O0 -g3 -Wall -c -fmessage-length=0 -o "Src\\main.o" "..\\Src\\main.cpp" 
..\Src\main.cpp: In function 'int read_console(char*, int&)':
..\Src\main.cpp:250:1: warning: control reaches end of non-void function [-Wreturn-type]
 }
 ^
g++ -o FirstLabSecTerm.exe "Src\\main.o" 
Info: Nothing to build for FirstLabSecTerm
12:00:55 **** Incremental Build of configuration Debug for project FirstLabSecTerm ****
Info: Internal Builder is used for build
g++ "-IE:\\Workspace\\FirstLabSecTerm\\Inc" -O0 -g3 -Wall -c -fmessage-length=0 -o "Src\\main.o" "..\\Src\\main.cpp" 
..\Src\main.cpp: In function 'int read_console(char*, int&)':
..\Src\main.cpp:251:1: warning: control reaches end of non-void function [-Wreturn-type]
 }
 ^
g++ -o FirstLabSecTerm.exe "Src\\main.o" 
12:01:11 **** Incremental Build of configuration Debug for project FirstLabSecTerm ****
Info: Internal Builder is used for build
g++ "-IE:\\Workspace\\FirstLabSecTerm\\Inc" -O0 -g3 -Wall -c -fmessage-length=0 -o "Src\\main.o" "..\\Src\\main.cpp" 
..\Src\main.cpp: In function 'int read_console(char*, int&)':
..\Src\main.cpp:248:1: warning: control reaches end of non-void function [-Wreturn-type]
 }
 ^
g++ -o FirstLabSecTerm.exe "Src\\main.o" 
12:43:59 **** Incremental Build of configuration Debug for project FirstLabSecTerm ****
Info: Internal Builder is used for build
g++ "-IE:\\Workspace\\FirstLabSecTerm\\Inc" -O0 -g3 -Wall -c -fmessage-length=0 -o "Src\\main.o" "..\\Src\\main.cpp" 
..\Src\main.cpp: In function 'int read_console(char*, int&)':
..\Src\main.cpp:249:1: warning: control reaches end of non-void function [-Wreturn-type]
 }
 ^
g++ -o FirstLabSecTerm.exe "Src\\main.o" 
12:44:58 **** Incremental Build of configuration Debug for project FirstLabSecTerm ****
Info: Internal Builder is used for build
g++ "-IE:\\Workspace\\FirstLabSecTerm\\Inc" -O0 -g3 -Wall -c -fmessage-length=0 -o "Src\\main.o" "..\\Src\\main.cpp" 
..\Src\main.cpp: In function 'int read_console(char*&, int&)':
..\Src\main.cpp:249:1: warning: control reaches end of non-void function [-Wreturn-type]
 }
 ^
g++ -o FirstLabSecTerm.exe "Src\\main.o" 
Src\main.o: In function `main':
E:\Workspace\FirstLabSecTerm\Debug/../Src/main.cpp:43: undefined reference to `read_file(char const*, char*, int&)'
E:\Workspace\FirstLabSecTerm\Debug/../Src/main.cpp:63: undefined reference to `read_console(char*, int&)'
collect2.exe: error: ld returned 1 exit status
12:45:49 **** Incremental Build of configuration Debug for project FirstLabSecTerm ****
Info: Internal Builder is used for build
g++ "-IE:\\Workspace\\FirstLabSecTerm\\Inc" -O0 -g3 -Wall -c -fmessage-length=0 -o "Src\\main.o" "..\\Src\\main.cpp" 
..\Src\main.cpp: In function 'void resize_arr(char*&, int&)':
..\Src\main.cpp:174:11: error: 'arr' was not declared in this scope
  delete[] arr;
           ^~~
..\Src\main.cpp: In function 'int read_file(const char*, char*&, int&)':
..\Src\main.cpp:204:4: error: 'arr' was not declared in this scope
    arr[sizem - 1] = fin.get();//Ã„Ã®Ã¯Ã¨Ã±Ã»Ã¢Ã Ã¥Ã¬ Ã¢ Ã²Ã®Ã«Ã¼ÃªÃ® Ã·Ã²Ã® Ã±Ã®Ã§Ã¤Ã Ã­Ã­Ã³Ã¾ Ã¿Ã·Ã¥Ã©ÃªÃ³ Ã¬Ã Ã±Ã±Ã¨Ã¢Ã  Ã­Ã®Ã¢Ã»Ã© Ã±Ã¨Ã¬Ã¢Ã®Ã« Ã¨Ã§ Ã´Ã Ã©Ã«Ã 
    ^~~
..\Src\main.cpp:204:8: error: 'sizem' was not declared in this scope
    arr[sizem - 1] = fin.get();//Ã„Ã®Ã¯Ã¨Ã±Ã»Ã¢Ã Ã¥Ã¬ Ã¢ Ã²Ã®Ã«Ã¼ÃªÃ® Ã·Ã²Ã® Ã±Ã®Ã§Ã¤Ã Ã­Ã­Ã³Ã¾ Ã¿Ã·Ã¥Ã©ÃªÃ³ Ã¬Ã Ã±Ã±Ã¨Ã¢Ã  Ã­Ã®Ã¢Ã»Ã© Ã±Ã¨Ã¬Ã¢Ã®Ã« Ã¨Ã§ Ã´Ã Ã©Ã«Ã 
        ^~~~~
..\Src\main.cpp:204:8: note: suggested alternative: 'sze'
    arr[sizem - 1] = fin.get();//Ã„Ã®Ã¯Ã¨Ã±Ã»Ã¢Ã Ã¥Ã¬ Ã¢ Ã²Ã®Ã«Ã¼ÃªÃ® Ã·Ã²Ã® Ã±Ã®Ã§Ã¤Ã Ã­Ã­Ã³Ã¾ Ã¿Ã·Ã¥Ã©ÃªÃ³ Ã¬Ã Ã±Ã±Ã¨Ã¢Ã  Ã­Ã®Ã¢Ã»Ã© Ã±Ã¨Ã¬Ã¢Ã®Ã« Ã¨Ã§ Ã´Ã Ã©Ã«Ã 
        ^~~~~
        sze
..\Src\main.cpp:207:9: error: 'newline' was not declared in this scope
     if (newline[0] == 0) {//ÃÃ¥Ã°Ã¢Ã Ã¿ Ã¬Ã¥Ã²ÃªÃ  Ã¯Ã¥Ã°Ã¥ÃµÃ®Ã¤Ã  Ã­Ã  Ã­Ã®Ã¢Ã³Ã¾ Ã±Ã²Ã°Ã®ÃªÃ³
         ^~~~~~~
..\Src\main.cpp:207:9: note: suggested alternative: 'rewind'
     if (newline[0] == 0) {//ÃÃ¥Ã°Ã¢Ã Ã¿ Ã¬Ã¥Ã²ÃªÃ  Ã¯Ã¥Ã°Ã¥ÃµÃ®Ã¤Ã  Ã­Ã  Ã­Ã®Ã¢Ã³Ã¾ Ã±Ã²Ã°Ã®ÃªÃ³
         ^~~~~~~
         rewind
..\Src\main.cpp:218:41: error: 'newline' was not declared in this scope
    if (int(arr[sizem - 1]) == SPACE and newline[0] == 0) {//ÃÃ°Ã®Ã¢Ã¥Ã°ÃªÃ  Ã­Ã  1 Ã±Ã«Ã®Ã¢Ã® Ã¢ Ã¯Ã¥Ã°Ã¢Ã®Ã© Ã±Ã²Ã°Ã®ÃªÃ¥
                                         ^~~~~~~
..\Src\main.cpp:218:41: note: suggested alternative: 'rewind'
    if (int(arr[sizem - 1]) == SPACE and newline[0] == 0) {//ÃÃ°Ã®Ã¢Ã¥Ã°ÃªÃ  Ã­Ã  1 Ã±Ã«Ã®Ã¢Ã® Ã¢ Ã¯Ã¥Ã°Ã¢Ã®Ã© Ã±Ã²Ã°Ã®ÃªÃ¥
                                         ^~~~~~~
                                         rewind
..\Src\main.cpp: In function 'int read_console(char*&, int&)':
..\Src\main.cpp:232:10: error: 'arr' was not declared in this scope
   while (arr[sizem - 1] != '\n' or flag == 0) {
          ^~~
..\Src\main.cpp:232:14: error: 'sizem' was not declared in this scope
   while (arr[sizem - 1] != '\n' or flag == 0) {
              ^~~~~
..\Src\main.cpp:232:14: note: suggested alternative: 'sze'
   while (arr[sizem - 1] != '\n' or flag == 0) {
              ^~~~~
              sze
..\Src\main.cpp:237:41: error: 'newline' was not declared in this scope
    if (int(arr[sizem - 1]) == SPACE and newline[0] == 0) {//ÃÃ°Ã®Ã¢Ã¥Ã°ÃªÃ  Ã­Ã  1 Ã±Ã«Ã®Ã¢Ã® Ã¢ Ã¯Ã¥Ã°Ã¢Ã®Ã© Ã±Ã²Ã°Ã®ÃªÃ¥
                                         ^~~~~~~
..\Src\main.cpp:237:41: note: suggested alternative: 'rewind'
    if (int(arr[sizem - 1]) == SPACE and newline[0] == 0) {//ÃÃ°Ã®Ã¢Ã¥Ã°ÃªÃ  Ã­Ã  1 Ã±Ã«Ã®Ã¢Ã® Ã¢ Ã¯Ã¥Ã°Ã¢Ã®Ã© Ã±Ã²Ã°Ã®ÃªÃ¥
                                         ^~~~~~~
                                         rewind
..\Src\main.cpp:243:4: error: 'newline' was not declared in this scope
    newline[0] = sizem - 1;
    ^~~~~~~
..\Src\main.cpp:243:4: note: suggested alternative: 'rewind'
    newline[0] = sizem - 1;
    ^~~~~~~
    rewind
..\Src\main.cpp:243:17: error: 'sizem' was not declared in this scope
    newline[0] = sizem - 1;
                 ^~~~~
..\Src\main.cpp:243:17: note: suggested alternative: 'sze'
    newline[0] = sizem - 1;
                 ^~~~~
                 sze
..\Src\main.cpp:247:4: error: 'newline' was not declared in this scope
    newline[1] = sizem - 1;
    ^~~~~~~
..\Src\main.cpp:247:4: note: suggested alternative: 'rewind'
    newline[1] = sizem - 1;
    ^~~~~~~
    rewind
..\Src\main.cpp:247:17: error: 'sizem' was not declared in this scope
    newline[1] = sizem - 1;
                 ^~~~~
..\Src\main.cpp:247:17: note: suggested alternative: 'sze'
    newline[1] = sizem - 1;
                 ^~~~~
                 sze
..\Src\main.cpp:250:1: warning: control reaches end of non-void function [-Wreturn-type]
 }
 ^
12:46:10 **** Incremental Build of configuration Debug for project FirstLabSecTerm ****
Info: Internal Builder is used for build
g++ "-IE:\\Workspace\\FirstLabSecTerm\\Inc" -O0 -g3 -Wall -c -fmessage-length=0 -o "Src\\main.o" "..\\Src\\main.cpp" 
..\Src\main.cpp: In function 'int read_file(const char*, char*&, int&)':
..\Src\main.cpp:204:4: error: 'arr' was not declared in this scope
    arr[sizem - 1] = fin.get();//Ã„Ã®Ã¯Ã¨Ã±Ã»Ã¢Ã Ã¥Ã¬ Ã¢ Ã²Ã®Ã«Ã¼ÃªÃ® Ã·Ã²Ã® Ã±Ã®Ã§Ã¤Ã Ã­Ã­Ã³Ã¾ Ã¿Ã·Ã¥Ã©ÃªÃ³ Ã¬Ã Ã±Ã±Ã¨Ã¢Ã  Ã­Ã®Ã¢Ã»Ã© Ã±Ã¨Ã¬Ã¢Ã®Ã« Ã¨Ã§ Ã´Ã Ã©Ã«Ã 
    ^~~
..\Src\main.cpp:204:8: error: 'sizem' was not declared in this scope
    arr[sizem - 1] = fin.get();//Ã„Ã®Ã¯Ã¨Ã±Ã»Ã¢Ã Ã¥Ã¬ Ã¢ Ã²Ã®Ã«Ã¼ÃªÃ® Ã·Ã²Ã® Ã±Ã®Ã§Ã¤Ã Ã­Ã­Ã³Ã¾ Ã¿Ã·Ã¥Ã©ÃªÃ³ Ã¬Ã Ã±Ã±Ã¨Ã¢Ã  Ã­Ã®Ã¢Ã»Ã© Ã±Ã¨Ã¬Ã¢Ã®Ã« Ã¨Ã§ Ã´Ã Ã©Ã«Ã 
        ^~~~~
..\Src\main.cpp:204:8: note: suggested alternative: 'sze'
    arr[sizem - 1] = fin.get();//Ã„Ã®Ã¯Ã¨Ã±Ã»Ã¢Ã Ã¥Ã¬ Ã¢ Ã²Ã®Ã«Ã¼ÃªÃ® Ã·Ã²Ã® Ã±Ã®Ã§Ã¤Ã Ã­Ã­Ã³Ã¾ Ã¿Ã·Ã¥Ã©ÃªÃ³ Ã¬Ã Ã±Ã±Ã¨Ã¢Ã  Ã­Ã®Ã¢Ã»Ã© Ã±Ã¨Ã¬Ã¢Ã®Ã« Ã¨Ã§ Ã´Ã Ã©Ã«Ã 
        ^~~~~
        sze
..\Src\main.cpp:207:9: error: 'newline' was not declared in this scope
     if (newline[0] == 0) {//ÃÃ¥Ã°Ã¢Ã Ã¿ Ã¬Ã¥Ã²ÃªÃ  Ã¯Ã¥Ã°Ã¥ÃµÃ®Ã¤Ã  Ã­Ã  Ã­Ã®Ã¢Ã³Ã¾ Ã±Ã²Ã°Ã®ÃªÃ³
         ^~~~~~~
..\Src\main.cpp:207:9: note: suggested alternative: 'rewind'
     if (newline[0] == 0) {//ÃÃ¥Ã°Ã¢Ã Ã¿ Ã¬Ã¥Ã²ÃªÃ  Ã¯Ã¥Ã°Ã¥ÃµÃ®Ã¤Ã  Ã­Ã  Ã­Ã®Ã¢Ã³Ã¾ Ã±Ã²Ã°Ã®ÃªÃ³
         ^~~~~~~
         rewind
..\Src\main.cpp:218:41: error: 'newline' was not declared in this scope
    if (int(arr[sizem - 1]) == SPACE and newline[0] == 0) {//ÃÃ°Ã®Ã¢Ã¥Ã°ÃªÃ  Ã­Ã  1 Ã±Ã«Ã®Ã¢Ã® Ã¢ Ã¯Ã¥Ã°Ã¢Ã®Ã© Ã±Ã²Ã°Ã®ÃªÃ¥
                                         ^~~~~~~
..\Src\main.cpp:218:41: note: suggested alternative: 'rewind'
    if (int(arr[sizem - 1]) == SPACE and newline[0] == 0) {//ÃÃ°Ã®Ã¢Ã¥Ã°ÃªÃ  Ã­Ã  1 Ã±Ã«Ã®Ã¢Ã® Ã¢ Ã¯Ã¥Ã°Ã¢Ã®Ã© Ã±Ã²Ã°Ã®ÃªÃ¥
                                         ^~~~~~~
                                         rewind
..\Src\main.cpp: In function 'int read_console(char*&, int&)':
..\Src\main.cpp:232:10: error: 'arr' was not declared in this scope
   while (arr[sizem - 1] != '\n' or flag == 0) {
          ^~~
..\Src\main.cpp:232:14: error: 'sizem' was not declared in this scope
   while (arr[sizem - 1] != '\n' or flag == 0) {
              ^~~~~
..\Src\main.cpp:232:14: note: suggested alternative: 'sze'
   while (arr[sizem - 1] != '\n' or flag == 0) {
              ^~~~~
              sze
..\Src\main.cpp:237:41: error: 'newline' was not declared in this scope
    if (int(arr[sizem - 1]) == SPACE and newline[0] == 0) {//ÃÃ°Ã®Ã¢Ã¥Ã°ÃªÃ  Ã­Ã  1 Ã±Ã«Ã®Ã¢Ã® Ã¢ Ã¯Ã¥Ã°Ã¢Ã®Ã© Ã±Ã²Ã°Ã®ÃªÃ¥
                                         ^~~~~~~
..\Src\main.cpp:237:41: note: suggested alternative: 'rewind'
    if (int(arr[sizem - 1]) == SPACE and newline[0] == 0) {//ÃÃ°Ã®Ã¢Ã¥Ã°ÃªÃ  Ã­Ã  1 Ã±Ã«Ã®Ã¢Ã® Ã¢ Ã¯Ã¥Ã°Ã¢Ã®Ã© Ã±Ã²Ã°Ã®ÃªÃ¥
                                         ^~~~~~~
                                         rewind
..\Src\main.cpp:243:4: error: 'newline' was not declared in this scope
    newline[0] = sizem - 1;
    ^~~~~~~
..\Src\main.cpp:243:4: note: suggested alternative: 'rewind'
    newline[0] = sizem - 1;
    ^~~~~~~
    rewind
..\Src\main.cpp:243:17: error: 'sizem' was not declared in this scope
    newline[0] = sizem - 1;
                 ^~~~~
..\Src\main.cpp:243:17: note: suggested alternative: 'sze'
    newline[0] = sizem - 1;
                 ^~~~~
                 sze
..\Src\main.cpp:247:4: error: 'newline' was not declared in this scope
    newline[1] = sizem - 1;
    ^~~~~~~
..\Src\main.cpp:247:4: note: suggested alternative: 'rewind'
    newline[1] = sizem - 1;
    ^~~~~~~
    rewind
..\Src\main.cpp:247:17: error: 'sizem' was not declared in this scope
    newline[1] = sizem - 1;
                 ^~~~~
..\Src\main.cpp:247:17: note: suggested alternative: 'sze'
    newline[1] = sizem - 1;
                 ^~~~~
                 sze
..\Src\main.cpp:250:1: warning: control reaches end of non-void function [-Wreturn-type]
 }
 ^
12:46:32 **** Incremental Build of configuration Debug for project FirstLabSecTerm ****
Info: Internal Builder is used for build
g++ "-IE:\\Workspace\\FirstLabSecTerm\\Inc" -O0 -g3 -Wall -c -fmessage-length=0 -o "Src\\main.o" "..\\Src\\main.cpp" 
..\Src\main.cpp: In function 'int read_file(const char*, char*&, int&)':
..\Src\main.cpp:204:9: error: 'sizem' was not declared in this scope
    file[sizem - 1] = fin.get();//Ã„Ã®Ã¯Ã¨Ã±Ã»Ã¢Ã Ã¥Ã¬ Ã¢ Ã²Ã®Ã«Ã¼ÃªÃ® Ã·Ã²Ã® Ã±Ã®Ã§Ã¤Ã Ã­Ã­Ã³Ã¾ Ã¿Ã·Ã¥Ã©ÃªÃ³ Ã¬Ã Ã±Ã±Ã¨Ã¢Ã  Ã­Ã®Ã¢Ã»Ã© Ã±Ã¨Ã¬Ã¢Ã®Ã« Ã¨Ã§ Ã´Ã Ã©Ã«Ã 
         ^~~~~
..\Src\main.cpp:204:9: note: suggested alternative: 'sze'
    file[sizem - 1] = fin.get();//Ã„Ã®Ã¯Ã¨Ã±Ã»Ã¢Ã Ã¥Ã¬ Ã¢ Ã²Ã®Ã«Ã¼ÃªÃ® Ã·Ã²Ã® Ã±Ã®Ã§Ã¤Ã Ã­Ã­Ã³Ã¾ Ã¿Ã·Ã¥Ã©ÃªÃ³ Ã¬Ã Ã±Ã±Ã¨Ã¢Ã  Ã­Ã®Ã¢Ã»Ã© Ã±Ã¨Ã¬Ã¢Ã®Ã« Ã¨Ã§ Ã´Ã Ã©Ã«Ã 
         ^~~~~
         sze
..\Src\main.cpp:210:14: error: 'newline' was not declared in this scope
     else if (newline[1] == 0)//Ã‚Ã²Ã®Ã°Ã Ã¿ Ã¬Ã¥Ã²ÃªÃ  Ã¯Ã¥Ã°Ã¥ÃµÃ®Ã¤Ã  Ã­Ã  Ã­Ã®Ã¢Ã³Ã¾ Ã±Ã²Ã°Ã®ÃªÃ³
              ^~~~~~~
..\Src\main.cpp:210:14: note: suggested alternative: 'rewind'
     else if (newline[1] == 0)//Ã‚Ã²Ã®Ã°Ã Ã¿ Ã¬Ã¥Ã²ÃªÃ  Ã¯Ã¥Ã°Ã¥ÃµÃ®Ã¤Ã  Ã­Ã  Ã­Ã®Ã¢Ã³Ã¾ Ã±Ã²Ã°Ã®ÃªÃ³
              ^~~~~~~
              rewind
..\Src\main.cpp:218:42: error: 'newline' was not declared in this scope
    if (int(file[sizem - 1]) == SPACE and newline[0] == 0) {//ÃÃ°Ã®Ã¢Ã¥Ã°ÃªÃ  Ã­Ã  1 Ã±Ã«Ã®Ã¢Ã® Ã¢ Ã¯Ã¥Ã°Ã¢Ã®Ã© Ã±Ã²Ã°Ã®ÃªÃ¥
                                          ^~~~~~~
..\Src\main.cpp:218:42: note: suggested alternative: 'rewind'
    if (int(file[sizem - 1]) == SPACE and newline[0] == 0) {//ÃÃ°Ã®Ã¢Ã¥Ã°ÃªÃ  Ã­Ã  1 Ã±Ã«Ã®Ã¢Ã® Ã¢ Ã¯Ã¥Ã°Ã¢Ã®Ã© Ã±Ã²Ã°Ã®ÃªÃ¥
                                          ^~~~~~~
                                          rewind
..\Src\main.cpp: In function 'int read_console(char*&, int&)':
..\Src\main.cpp:232:10: error: 'arr' was not declared in this scope
   while (arr[sizem - 1] != '\n' or flag == 0) {
          ^~~
..\Src\main.cpp:232:14: error: 'sizem' was not declared in this scope
   while (arr[sizem - 1] != '\n' or flag == 0) {
              ^~~~~
..\Src\main.cpp:232:14: note: suggested alternative: 'sze'
   while (arr[sizem - 1] != '\n' or flag == 0) {
              ^~~~~
              sze
..\Src\main.cpp:237:41: error: 'newline' was not declared in this scope
    if (int(arr[sizem - 1]) == SPACE and newline[0] == 0) {//ÃÃ°Ã®Ã¢Ã¥Ã°ÃªÃ  Ã­Ã  1 Ã±Ã«Ã®Ã¢Ã® Ã¢ Ã¯Ã¥Ã°Ã¢Ã®Ã© Ã±Ã²Ã°Ã®ÃªÃ¥
                                         ^~~~~~~
..\Src\main.cpp:237:41: note: suggested alternative: 'rewind'
    if (int(arr[sizem - 1]) == SPACE and newline[0] == 0) {//ÃÃ°Ã®Ã¢Ã¥Ã°ÃªÃ  Ã­Ã  1 Ã±Ã«Ã®Ã¢Ã® Ã¢ Ã¯Ã¥Ã°Ã¢Ã®Ã© Ã±Ã²Ã°Ã®ÃªÃ¥
                                         ^~~~~~~
                                         rewind
..\Src\main.cpp:243:4: error: 'newline' was not declared in this scope
    newline[0] = sizem - 1;
    ^~~~~~~
..\Src\main.cpp:243:4: note: suggested alternative: 'rewind'
    newline[0] = sizem - 1;
    ^~~~~~~
    rewind
..\Src\main.cpp:243:17: error: 'sizem' was not declared in this scope
    newline[0] = sizem - 1;
                 ^~~~~
..\Src\main.cpp:243:17: note: suggested alternative: 'sze'
    newline[0] = sizem - 1;
                 ^~~~~
                 sze
..\Src\main.cpp:247:4: error: 'newline' was not declared in this scope
    newline[1] = sizem - 1;
    ^~~~~~~
..\Src\main.cpp:247:4: note: suggested alternative: 'rewind'
    newline[1] = sizem - 1;
    ^~~~~~~
    rewind
..\Src\main.cpp:247:17: error: 'sizem' was not declared in this scope
    newline[1] = sizem - 1;
                 ^~~~~
..\Src\main.cpp:247:17: note: suggested alternative: 'sze'
    newline[1] = sizem - 1;
                 ^~~~~
                 sze
..\Src\main.cpp:250:1: warning: control reaches end of non-void function [-Wreturn-type]
 }
 ^
12:46:49 **** Incremental Build of configuration Debug for project FirstLabSecTerm ****
Info: Internal Builder is used for build
g++ "-IE:\\Workspace\\FirstLabSecTerm\\Inc" -O0 -g3 -Wall -c -fmessage-length=0 -o "Src\\main.o" "..\\Src\\main.cpp" 
..\Src\main.cpp: In function 'int read_file(const char*, char*&, int&)':
..\Src\main.cpp:204:9: error: 'sizem' was not declared in this scope
    file[sizem - 1] = fin.get();//Ã„Ã®Ã¯Ã¨Ã±Ã»Ã¢Ã Ã¥Ã¬ Ã¢ Ã²Ã®Ã«Ã¼ÃªÃ® Ã·Ã²Ã® Ã±Ã®Ã§Ã¤Ã Ã­Ã­Ã³Ã¾ Ã¿Ã·Ã¥Ã©ÃªÃ³ Ã¬Ã Ã±Ã±Ã¨Ã¢Ã  Ã­Ã®Ã¢Ã»Ã© Ã±Ã¨Ã¬Ã¢Ã®Ã« Ã¨Ã§ Ã´Ã Ã©Ã«Ã 
         ^~~~~
..\Src\main.cpp:204:9: note: suggested alternative: 'sze'
    file[sizem - 1] = fin.get();//Ã„Ã®Ã¯Ã¨Ã±Ã»Ã¢Ã Ã¥Ã¬ Ã¢ Ã²Ã®Ã«Ã¼ÃªÃ® Ã·Ã²Ã® Ã±Ã®Ã§Ã¤Ã Ã­Ã­Ã³Ã¾ Ã¿Ã·Ã¥Ã©ÃªÃ³ Ã¬Ã Ã±Ã±Ã¨Ã¢Ã  Ã­Ã®Ã¢Ã»Ã© Ã±Ã¨Ã¬Ã¢Ã®Ã« Ã¨Ã§ Ã´Ã Ã©Ã«Ã 
         ^~~~~
         sze
..\Src\main.cpp:210:14: error: 'newline' was not declared in this scope
     else if (newline[1] == 0)//Ã‚Ã²Ã®Ã°Ã Ã¿ Ã¬Ã¥Ã²ÃªÃ  Ã¯Ã¥Ã°Ã¥ÃµÃ®Ã¤Ã  Ã­Ã  Ã­Ã®Ã¢Ã³Ã¾ Ã±Ã²Ã°Ã®ÃªÃ³
              ^~~~~~~
..\Src\main.cpp:210:14: note: suggested alternative: 'rewind'
     else if (newline[1] == 0)//Ã‚Ã²Ã®Ã°Ã Ã¿ Ã¬Ã¥Ã²ÃªÃ  Ã¯Ã¥Ã°Ã¥ÃµÃ®Ã¤Ã  Ã­Ã  Ã­Ã®Ã¢Ã³Ã¾ Ã±Ã²Ã°Ã®ÃªÃ³
              ^~~~~~~
              rewind
..\Src\main.cpp:218:42: error: 'newline' was not declared in this scope
    if (int(file[sizem - 1]) == SPACE and newline[0] == 0) {//ÃÃ°Ã®Ã¢Ã¥Ã°ÃªÃ  Ã­Ã  1 Ã±Ã«Ã®Ã¢Ã® Ã¢ Ã¯Ã¥Ã°Ã¢Ã®Ã© Ã±Ã²Ã°Ã®ÃªÃ¥
                                          ^~~~~~~
..\Src\main.cpp:218:42: note: suggested alternative: 'rewind'
    if (int(file[sizem - 1]) == SPACE and newline[0] == 0) {//ÃÃ°Ã®Ã¢Ã¥Ã°ÃªÃ  Ã­Ã  1 Ã±Ã«Ã®Ã¢Ã® Ã¢ Ã¯Ã¥Ã°Ã¢Ã®Ã© Ã±Ã²Ã°Ã®ÃªÃ¥
                                          ^~~~~~~
                                          rewind
..\Src\main.cpp: In function 'int read_console(char*&, int&)':
..\Src\main.cpp:232:15: error: 'sizem' was not declared in this scope
   while (file[sizem - 1] != '\n' or flag == 0) {
               ^~~~~
..\Src\main.cpp:232:15: note: suggested alternative: 'sze'
   while (file[sizem - 1] != '\n' or flag == 0) {
               ^~~~~
               sze
..\Src\main.cpp:237:12: error: 'arr' was not declared in this scope
    if (int(arr[sizem - 1]) == SPACE and newline[0] == 0) {//ÃÃ°Ã®Ã¢Ã¥Ã°ÃªÃ  Ã­Ã  1 Ã±Ã«Ã®Ã¢Ã® Ã¢ Ã¯Ã¥Ã°Ã¢Ã®Ã© Ã±Ã²Ã°Ã®ÃªÃ¥
            ^~~
..\Src\main.cpp:237:41: error: 'newline' was not declared in this scope
    if (int(arr[sizem - 1]) == SPACE and newline[0] == 0) {//ÃÃ°Ã®Ã¢Ã¥Ã°ÃªÃ  Ã­Ã  1 Ã±Ã«Ã®Ã¢Ã® Ã¢ Ã¯Ã¥Ã°Ã¢Ã®Ã© Ã±Ã²Ã°Ã®ÃªÃ¥
                                         ^~~~~~~
..\Src\main.cpp:237:41: note: suggested alternative: 'rewind'
    if (int(arr[sizem - 1]) == SPACE and newline[0] == 0) {//ÃÃ°Ã®Ã¢Ã¥Ã°ÃªÃ  Ã­Ã  1 Ã±Ã«Ã®Ã¢Ã® Ã¢ Ã¯Ã¥Ã°Ã¢Ã®Ã© Ã±Ã²Ã°Ã®ÃªÃ¥
                                         ^~~~~~~
                                         rewind
..\Src\main.cpp:243:4: error: 'newline' was not declared in this scope
    newline[0] = sizem - 1;
    ^~~~~~~
..\Src\main.cpp:243:4: note: suggested alternative: 'rewind'
    newline[0] = sizem - 1;
    ^~~~~~~
    rewind
..\Src\main.cpp:243:17: error: 'sizem' was not declared in this scope
    newline[0] = sizem - 1;
                 ^~~~~
..\Src\main.cpp:243:17: note: suggested alternative: 'sze'
    newline[0] = sizem - 1;
                 ^~~~~
                 sze
..\Src\main.cpp:247:4: error: 'newline' was not declared in this scope
    newline[1] = sizem - 1;
    ^~~~~~~
..\Src\main.cpp:247:4: note: suggested alternative: 'rewind'
    newline[1] = sizem - 1;
    ^~~~~~~
    rewind
..\Src\main.cpp:247:17: error: 'sizem' was not declared in this scope
    newline[1] = sizem - 1;
                 ^~~~~
..\Src\main.cpp:247:17: note: suggested alternative: 'sze'
    newline[1] = sizem - 1;
                 ^~~~~
                 sze
..\Src\main.cpp:250:1: warning: control reaches end of non-void function [-Wreturn-type]
 }
 ^
12:48:23 **** Incremental Build of configuration Debug for project FirstLabSecTerm ****
Info: Internal Builder is used for build
g++ "-IE:\\Workspace\\FirstLabSecTerm\\Inc" -O0 -g3 -Wall -c -fmessage-length=0 -o "Src\\main.o" "..\\Src\\main.cpp" 
..\Src\main.cpp: In function 'int read_file(const char*, char*&, int&)':
..\Src\main.cpp:204:9: error: 'sizem' was not declared in this scope
    file[sizem - 1] = fin.get();//Ã„Ã®Ã¯Ã¨Ã±Ã»Ã¢Ã Ã¥Ã¬ Ã¢ Ã²Ã®Ã«Ã¼ÃªÃ® Ã·Ã²Ã® Ã±Ã®Ã§Ã¤Ã Ã­Ã­Ã³Ã¾ Ã¿Ã·Ã¥Ã©ÃªÃ³ Ã¬Ã Ã±Ã±Ã¨Ã¢Ã  Ã­Ã®Ã¢Ã»Ã© Ã±Ã¨Ã¬Ã¢Ã®Ã« Ã¨Ã§ Ã´Ã Ã©Ã«Ã 
         ^~~~~
..\Src\main.cpp:204:9: note: suggested alternative: 'sze'
    file[sizem - 1] = fin.get();//Ã„Ã®Ã¯Ã¨Ã±Ã»Ã¢Ã Ã¥Ã¬ Ã¢ Ã²Ã®Ã«Ã¼ÃªÃ® Ã·Ã²Ã® Ã±Ã®Ã§Ã¤Ã Ã­Ã­Ã³Ã¾ Ã¿Ã·Ã¥Ã©ÃªÃ³ Ã¬Ã Ã±Ã±Ã¨Ã¢Ã  Ã­Ã®Ã¢Ã»Ã© Ã±Ã¨Ã¬Ã¢Ã®Ã« Ã¨Ã§ Ã´Ã Ã©Ã«Ã 
         ^~~~~
         sze
..\Src\main.cpp:210:14: error: 'newline' was not declared in this scope
     else if (newline[1] == 0)//Ã‚Ã²Ã®Ã°Ã Ã¿ Ã¬Ã¥Ã²ÃªÃ  Ã¯Ã¥Ã°Ã¥ÃµÃ®Ã¤Ã  Ã­Ã  Ã­Ã®Ã¢Ã³Ã¾ Ã±Ã²Ã°Ã®ÃªÃ³
              ^~~~~~~
..\Src\main.cpp:210:14: note: suggested alternative: 'rewind'
     else if (newline[1] == 0)//Ã‚Ã²Ã®Ã°Ã Ã¿ Ã¬Ã¥Ã²ÃªÃ  Ã¯Ã¥Ã°Ã¥ÃµÃ®Ã¤Ã  Ã­Ã  Ã­Ã®Ã¢Ã³Ã¾ Ã±Ã²Ã°Ã®ÃªÃ³
              ^~~~~~~
              rewind
..\Src\main.cpp:218:42: error: 'newline' was not declared in this scope
    if (int(file[sizem - 1]) == SPACE and newline[0] == 0) {//ÃÃ°Ã®Ã¢Ã¥Ã°ÃªÃ  Ã­Ã  1 Ã±Ã«Ã®Ã¢Ã® Ã¢ Ã¯Ã¥Ã°Ã¢Ã®Ã© Ã±Ã²Ã°Ã®ÃªÃ¥
                                          ^~~~~~~
..\Src\main.cpp:218:42: note: suggested alternative: 'rewind'
    if (int(file[sizem - 1]) == SPACE and newline[0] == 0) {//ÃÃ°Ã®Ã¢Ã¥Ã°ÃªÃ  Ã­Ã  1 Ã±Ã«Ã®Ã¢Ã® Ã¢ Ã¯Ã¥Ã°Ã¢Ã®Ã© Ã±Ã²Ã°Ã®ÃªÃ¥
                                          ^~~~~~~
                                          rewind
..\Src\main.cpp: In function 'int read_console(char*&, int&)':
..\Src\main.cpp:232:15: error: 'sizem' was not declared in this scope
   while (file[sizem - 1] != '\n' or flag == 0) {
               ^~~~~
..\Src\main.cpp:232:15: note: suggested alternative: 'sze'
   while (file[sizem - 1] != '\n' or flag == 0) {
               ^~~~~
               sze
..\Src\main.cpp:237:42: error: 'newline' was not declared in this scope
    if (int(file[sizem - 1]) == SPACE and newline[0] == 0) {//ÃÃ°Ã®Ã¢Ã¥Ã°ÃªÃ  Ã­Ã  1 Ã±Ã«Ã®Ã¢Ã® Ã¢ Ã¯Ã¥Ã°Ã¢Ã®Ã© Ã±Ã²Ã°Ã®ÃªÃ¥
                                          ^~~~~~~
..\Src\main.cpp:237:42: note: suggested alternative: 'rewind'
    if (int(file[sizem - 1]) == SPACE and newline[0] == 0) {//ÃÃ°Ã®Ã¢Ã¥Ã°ÃªÃ  Ã­Ã  1 Ã±Ã«Ã®Ã¢Ã® Ã¢ Ã¯Ã¥Ã°Ã¢Ã®Ã© Ã±Ã²Ã°Ã®ÃªÃ¥
                                          ^~~~~~~
                                          rewind
..\Src\main.cpp:243:4: error: 'newline' was not declared in this scope
    newline[0] = sze - 1;
    ^~~~~~~
..\Src\main.cpp:243:4: note: suggested alternative: 'rewind'
    newline[0] = sze - 1;
    ^~~~~~~
    rewind
..\Src\main.cpp:247:4: error: 'newline' was not declared in this scope
    newline[1] = sze - 1;
    ^~~~~~~
..\Src\main.cpp:247:4: note: suggested alternative: 'rewind'
    newline[1] = sze - 1;
    ^~~~~~~
    rewind
..\Src\main.cpp:250:1: warning: control reaches end of non-void function [-Wreturn-type]
 }
 ^
12:48:47 **** Incremental Build of configuration Debug for project FirstLabSecTerm ****
Info: Internal Builder is used for build
g++ "-IE:\\Workspace\\FirstLabSecTerm\\Inc" -O0 -g3 -Wall -c -fmessage-length=0 -o "Src\\main.o" "..\\Src\\main.cpp" 
..\Src\main.cpp: In function 'int read_file(const char*, char*&, int&)':
..\Src\main.cpp:204:9: error: 'sizem' was not declared in this scope
    file[sizem - 1] = fin.get();//Ã„Ã®Ã¯Ã¨Ã±Ã»Ã¢Ã Ã¥Ã¬ Ã¢ Ã²Ã®Ã«Ã¼ÃªÃ® Ã·Ã²Ã® Ã±Ã®Ã§Ã¤Ã Ã­Ã­Ã³Ã¾ Ã¿Ã·Ã¥Ã©ÃªÃ³ Ã¬Ã Ã±Ã±Ã¨Ã¢Ã  Ã­Ã®Ã¢Ã»Ã© Ã±Ã¨Ã¬Ã¢Ã®Ã« Ã¨Ã§ Ã´Ã Ã©Ã«Ã 
         ^~~~~
..\Src\main.cpp:204:9: note: suggested alternative: 'sze'
    file[sizem - 1] = fin.get();//Ã„Ã®Ã¯Ã¨Ã±Ã»Ã¢Ã Ã¥Ã¬ Ã¢ Ã²Ã®Ã«Ã¼ÃªÃ® Ã·Ã²Ã® Ã±Ã®Ã§Ã¤Ã Ã­Ã­Ã³Ã¾ Ã¿Ã·Ã¥Ã©ÃªÃ³ Ã¬Ã Ã±Ã±Ã¨Ã¢Ã  Ã­Ã®Ã¢Ã»Ã© Ã±Ã¨Ã¬Ã¢Ã®Ã« Ã¨Ã§ Ã´Ã Ã©Ã«Ã 
         ^~~~~
         sze
..\Src\main.cpp:210:14: error: 'newline' was not declared in this scope
     else if (newline[1] == 0)//Ã‚Ã²Ã®Ã°Ã Ã¿ Ã¬Ã¥Ã²ÃªÃ  Ã¯Ã¥Ã°Ã¥ÃµÃ®Ã¤Ã  Ã­Ã  Ã­Ã®Ã¢Ã³Ã¾ Ã±Ã²Ã°Ã®ÃªÃ³
              ^~~~~~~
..\Src\main.cpp:210:14: note: suggested alternative: 'rewind'
     else if (newline[1] == 0)//Ã‚Ã²Ã®Ã°Ã Ã¿ Ã¬Ã¥Ã²ÃªÃ  Ã¯Ã¥Ã°Ã¥ÃµÃ®Ã¤Ã  Ã­Ã  Ã­Ã®Ã¢Ã³Ã¾ Ã±Ã²Ã°Ã®ÃªÃ³
              ^~~~~~~
              rewind
..\Src\main.cpp:218:40: error: 'newline' was not declared in this scope
    if (int(file[sze - 1]) == SPACE and newline[0] == 0) {//ÃÃ°Ã®Ã¢Ã¥Ã°ÃªÃ  Ã­Ã  1 Ã±Ã«Ã®Ã¢Ã® Ã¢ Ã¯Ã¥Ã°Ã¢Ã®Ã© Ã±Ã²Ã°Ã®ÃªÃ¥
                                        ^~~~~~~
..\Src\main.cpp:218:40: note: suggested alternative: 'rewind'
    if (int(file[sze - 1]) == SPACE and newline[0] == 0) {//ÃÃ°Ã®Ã¢Ã¥Ã°ÃªÃ  Ã­Ã  1 Ã±Ã«Ã®Ã¢Ã® Ã¢ Ã¯Ã¥Ã°Ã¢Ã®Ã© Ã±Ã²Ã°Ã®ÃªÃ¥
                                        ^~~~~~~
                                        rewind
..\Src\main.cpp: In function 'int read_console(char*&, int&)':
..\Src\main.cpp:237:40: error: 'newline' was not declared in this scope
    if (int(file[sze - 1]) == SPACE and newline[0] == 0) {//ÃÃ°Ã®Ã¢Ã¥Ã°ÃªÃ  Ã­Ã  1 Ã±Ã«Ã®Ã¢Ã® Ã¢ Ã¯Ã¥Ã°Ã¢Ã®Ã© Ã±Ã²Ã°Ã®ÃªÃ¥
                                        ^~~~~~~
..\Src\main.cpp:237:40: note: suggested alternative: 'rewind'
    if (int(file[sze - 1]) == SPACE and newline[0] == 0) {//ÃÃ°Ã®Ã¢Ã¥Ã°ÃªÃ  Ã­Ã  1 Ã±Ã«Ã®Ã¢Ã® Ã¢ Ã¯Ã¥Ã°Ã¢Ã®Ã© Ã±Ã²Ã°Ã®ÃªÃ¥
                                        ^~~~~~~
                                        rewind
..\Src\main.cpp:243:4: error: 'newline' was not declared in this scope
    newline[0] = sze - 1;
    ^~~~~~~
..\Src\main.cpp:243:4: note: suggested alternative: 'rewind'
    newline[0] = sze - 1;
    ^~~~~~~
    rewind
..\Src\main.cpp:247:4: error: 'newline' was not declared in this scope
    newline[1] = sze - 1;
    ^~~~~~~
..\Src\main.cpp:247:4: note: suggested alternative: 'rewind'
    newline[1] = sze - 1;
    ^~~~~~~
    rewind
..\Src\main.cpp:250:1: warning: control reaches end of non-void function [-Wreturn-type]
 }
 ^
12:48:57 **** Incremental Build of configuration Debug for project FirstLabSecTerm ****
Info: Internal Builder is used for build
g++ "-IE:\\Workspace\\FirstLabSecTerm\\Inc" -O0 -g3 -Wall -c -fmessage-length=0 -o "Src\\main.o" "..\\Src\\main.cpp" 
..\Src\main.cpp: In function 'int read_file(const char*, char*&, int&)':
..\Src\main.cpp:210:14: error: 'newline' was not declared in this scope
     else if (newline[1] == 0)//Ã‚Ã²Ã®Ã°Ã Ã¿ Ã¬Ã¥Ã²ÃªÃ  Ã¯Ã¥Ã°Ã¥ÃµÃ®Ã¤Ã  Ã­Ã  Ã­Ã®Ã¢Ã³Ã¾ Ã±Ã²Ã°Ã®ÃªÃ³
              ^~~~~~~
..\Src\main.cpp:210:14: note: suggested alternative: 'rewind'
     else if (newline[1] == 0)//Ã‚Ã²Ã®Ã°Ã Ã¿ Ã¬Ã¥Ã²ÃªÃ  Ã¯Ã¥Ã°Ã¥ÃµÃ®Ã¤Ã  Ã­Ã  Ã­Ã®Ã¢Ã³Ã¾ Ã±Ã²Ã°Ã®ÃªÃ³
              ^~~~~~~
              rewind
..\Src\main.cpp:218:40: error: 'newline' was not declared in this scope
    if (int(file[sze - 1]) == SPACE and newline[0] == 0) {//ÃÃ°Ã®Ã¢Ã¥Ã°ÃªÃ  Ã­Ã  1 Ã±Ã«Ã®Ã¢Ã® Ã¢ Ã¯Ã¥Ã°Ã¢Ã®Ã© Ã±Ã²Ã°Ã®ÃªÃ¥
                                        ^~~~~~~
..\Src\main.cpp:218:40: note: suggested alternative: 'rewind'
    if (int(file[sze - 1]) == SPACE and newline[0] == 0) {//ÃÃ°Ã®Ã¢Ã¥Ã°ÃªÃ  Ã­Ã  1 Ã±Ã«Ã®Ã¢Ã® Ã¢ Ã¯Ã¥Ã°Ã¢Ã®Ã© Ã±Ã²Ã°Ã®ÃªÃ¥
                                        ^~~~~~~
                                        rewind
..\Src\main.cpp: In function 'int read_console(char*&, int&)':
..\Src\main.cpp:237:40: error: 'newline' was not declared in this scope
    if (int(file[sze - 1]) == SPACE and newline[0] == 0) {//ÃÃ°Ã®Ã¢Ã¥Ã°ÃªÃ  Ã­Ã  1 Ã±Ã«Ã®Ã¢Ã® Ã¢ Ã¯Ã¥Ã°Ã¢Ã®Ã© Ã±Ã²Ã°Ã®ÃªÃ¥
                                        ^~~~~~~
..\Src\main.cpp:237:40: note: suggested alternative: 'rewind'
    if (int(file[sze - 1]) == SPACE and newline[0] == 0) {//ÃÃ°Ã®Ã¢Ã¥Ã°ÃªÃ  Ã­Ã  1 Ã±Ã«Ã®Ã¢Ã® Ã¢ Ã¯Ã¥Ã°Ã¢Ã®Ã© Ã±Ã²Ã°Ã®ÃªÃ¥
                                        ^~~~~~~
                                        rewind
..\Src\main.cpp:243:4: error: 'newline' was not declared in this scope
    newline[0] = sze - 1;
    ^~~~~~~
..\Src\main.cpp:243:4: note: suggested alternative: 'rewind'
    newline[0] = sze - 1;
    ^~~~~~~
    rewind
..\Src\main.cpp:247:4: error: 'newline' was not declared in this scope
    newline[1] = sze - 1;
    ^~~~~~~
..\Src\main.cpp:247:4: note: suggested alternative: 'rewind'
    newline[1] = sze - 1;
    ^~~~~~~
    rewind
..\Src\main.cpp:250:1: warning: control reaches end of non-void function [-Wreturn-type]
 }
 ^
12:49:44 **** Incremental Build of configuration Debug for project FirstLabSecTerm ****
Info: Internal Builder is used for build
g++ "-IE:\\Workspace\\FirstLabSecTerm\\Inc" -O0 -g3 -Wall -c -fmessage-length=0 -o "Src\\main.o" "..\\Src\\main.cpp" 
..\Src\main.cpp: In function 'int read_console(char*&, int&, int*&)':
..\Src\main.cpp:250:1: warning: control reaches end of non-void function [-Wreturn-type]
 }
 ^
g++ -o FirstLabSecTerm.exe "Src\\main.o" 
Src\main.o: In function `main':
E:\Workspace\FirstLabSecTerm\Debug/../Src/main.cpp:44: undefined reference to `read_file(char const*, char*&, int&)'
E:\Workspace\FirstLabSecTerm\Debug/../Src/main.cpp:64: undefined reference to `read_console(char*&, int&)'
collect2.exe: error: ld returned 1 exit status
12:50:08 **** Incremental Build of configuration Debug for project FirstLabSecTerm ****
Info: Internal Builder is used for build
g++ "-IE:\\Workspace\\FirstLabSecTerm\\Inc" -O0 -g3 -Wall -c -fmessage-length=0 -o "Src\\main.o" "..\\Src\\main.cpp" 
..\Src\main.cpp: In function 'int main()':
..\Src\main.cpp:44:45: error: too many arguments to function 'int read_file(const char*, char*&, int&)'
   switch (read_file(FNAME, arr,sizem,newline))
                                             ^
..\Src\main.cpp:25:5: note: declared here
 int read_file(const char* NAME, char *&file,int &sze);
     ^~~~~~~~~
..\Src\main.cpp:64:40: error: too many arguments to function 'int read_console(char*&, int&)'
   switch(read_console(arr,sizem,newline)){
                                        ^
..\Src\main.cpp:26:5: note: declared here
 int read_console(char *&file,int &sze);
     ^~~~~~~~~~~~
..\Src\main.cpp: In function 'int read_console(char*&, int&, int*&)':
..\Src\main.cpp:250:1: warning: control reaches end of non-void function [-Wreturn-type]
 }
 ^
12:50:37 **** Incremental Build of configuration Debug for project FirstLabSecTerm ****
Info: Internal Builder is used for build
g++ "-IE:\\Workspace\\FirstLabSecTerm\\Inc" -O0 -g3 -Wall -c -fmessage-length=0 -o "Src\\main.o" "..\\Src\\main.cpp" 
..\Src\main.cpp: In function 'int main()':
..\Src\main.cpp:44:45: error: cannot bind non-const lvalue reference of type 'int*&' to an rvalue of type 'int*'
   switch (read_file(FNAME, arr,sizem,newline))
                                             ^
..\Src\main.cpp:25:5: note:   initializing argument 4 of 'int read_file(const char*, char*&, int&, int*&)'
 int read_file(const char* NAME, char *&file,int &sze, int *&nl);
     ^~~~~~~~~
..\Src\main.cpp:64:40: error: cannot bind non-const lvalue reference of type 'int*&' to an rvalue of type 'int*'
   switch(read_console(arr,sizem,newline)){
                                        ^
..\Src\main.cpp:26:5: note:   initializing argument 3 of 'int read_console(char*&, int&, int*&)'
 int read_console(char *&file,int &sze, int *&nl);
     ^~~~~~~~~~~~
..\Src\main.cpp: In function 'int read_console(char*&, int&, int*&)':
..\Src\main.cpp:250:1: warning: control reaches end of non-void function [-Wreturn-type]
 }
 ^
12:52:23 **** Incremental Build of configuration Debug for project FirstLabSecTerm ****
Info: Internal Builder is used for build
g++ "-IE:\\Workspace\\FirstLabSecTerm\\Inc" -O0 -g3 -Wall -c -fmessage-length=0 -o "Src\\main.o" "..\\Src\\main.cpp" 
..\Src\main.cpp: In function 'int read_console(char*&, int&, int*&)':
..\Src\main.cpp:252:1: warning: control reaches end of non-void function [-Wreturn-type]
 }
 ^
g++ -o FirstLabSecTerm.exe "Src\\main.o" 
Info: Nothing to build for FirstLabSecTerm
Info: Nothing to build for FirstLabSecTerm
Info: Nothing to build for FirstLabSecTerm
Info: Nothing to build for FirstLabSecTerm
Info: Nothing to build for FirstLabSecTerm
12:54:20 **** Incremental Build of configuration Debug for project FirstLabSecTerm ****
Info: Internal Builder is used for build
g++ "-IE:\\Workspace\\FirstLabSecTerm\\Inc" -O0 -g3 -Wall -c -fmessage-length=0 -o "Src\\main.o" "..\\Src\\main.cpp" 
..\Src\main.cpp: In function 'int read_console(char*&, int&, int*&)':
..\Src\main.cpp:247:1: warning: control reaches end of non-void function [-Wreturn-type]
 }
 ^
g++ -o FirstLabSecTerm.exe "Src\\main.o" 
12:55:55 **** Incremental Build of configuration Debug for project FirstLabSecTerm ****
Info: Internal Builder is used for build
g++ "-IE:\\Workspace\\FirstLabSecTerm\\Inc" -O0 -g3 -Wall -c -fmessage-length=0 -o "Src\\main.o" "..\\Src\\main.cpp" 
..\Src\main.cpp: In function 'int read_console(char*&, int&, int*&)':
..\Src\main.cpp:248:1: warning: control reaches end of non-void function [-Wreturn-type]
 }
 ^
g++ -o FirstLabSecTerm.exe "Src\\main.o" 
Info: Nothing to build for FirstLabSecTerm
12:57:18 **** Incremental Build of configuration Debug for project FirstLabSecTerm ****
Info: Internal Builder is used for build
g++ "-IE:\\Workspace\\FirstLabSecTerm\\Inc" -O0 -g3 -Wall -c -fmessage-length=0 -o "Src\\main.o" "..\\Src\\main.cpp" 
..\Src\main.cpp: In function 'int read_console(char*&, int&, int*&)':
..\Src\main.cpp:248:1: warning: control reaches end of non-void function [-Wreturn-type]
 }
 ^
g++ -o FirstLabSecTerm.exe "Src\\main.o" 
12:58:51 **** Incremental Build of configuration Debug for project FirstLabSecTerm ****
Info: Internal Builder is used for build
g++ "-IE:\\Workspace\\FirstLabSecTerm\\Inc" -O0 -g3 -Wall -c -fmessage-length=0 -o "Src\\main.o" "..\\Src\\main.cpp" 
..\Src\main.cpp: In function 'int read_console(char*&, int&, int*&)':
..\Src\main.cpp:247:1: warning: control reaches end of non-void function [-Wreturn-type]
 }
 ^
g++ -o FirstLabSecTerm.exe "Src\\main.o" 
Info: Nothing to build for FirstLabSecTerm
12:59:23 **** Incremental Build of configuration Debug for project FirstLabSecTerm ****
Info: Internal Builder is used for build
g++ "-IE:\\Workspace\\FirstLabSecTerm\\Inc" -O0 -g3 -Wall -c -fmessage-length=0 -o "Src\\main.o" "..\\Src\\main.cpp" 
..\Src\main.cpp: In function 'int read_console(char*&, int&, int*&)':
..\Src\main.cpp:245:1: warning: control reaches end of non-void function [-Wreturn-type]
 }
 ^
g++ -o FirstLabSecTerm.exe "Src\\main.o" 
12:59:38 **** Incremental Build of configuration Debug for project FirstLabSecTerm ****
Info: Internal Builder is used for build
g++ "-IE:\\Workspace\\FirstLabSecTerm\\Inc" -O0 -g3 -Wall -c -fmessage-length=0 -o "Src\\main.o" "..\\Src\\main.cpp" 
..\Src\main.cpp: In function 'int read_console(char*&, int&, int*&)':
..\Src\main.cpp:246:1: warning: control reaches end of non-void function [-Wreturn-type]
 }
 ^
g++ -o FirstLabSecTerm.exe "Src\\main.o" 
Info: Nothing to build for FirstLabSecTerm
Info: Nothing to build for FirstLabSecTerm
13:03:14 **** Incremental Build of configuration Debug for project FirstLabSecTerm ****
Info: Internal Builder is used for build
g++ "-IE:\\Workspace\\FirstLabSecTerm\\Inc" -O0 -g3 -Wall -c -fmessage-length=0 -o "Src\\main.o" "..\\Src\\main.cpp" 
..\Src\main.cpp: In function 'int read_console(char*&, int&, int*&)':
..\Src\main.cpp:248:1: warning: control reaches end of non-void function [-Wreturn-type]
 }
 ^
g++ -o FirstLabSecTerm.exe "Src\\main.o" 
Info: Nothing to build for FirstLabSecTerm
Info: Nothing to build for FirstLabSecTerm
Info: Nothing to build for FirstLabSecTerm
Info: Nothing to build for FirstLabSecTerm
13:06:56 **** Incremental Build of configuration Debug for project FirstLabSecTerm ****
Info: Internal Builder is used for build
g++ "-IE:\\Workspace\\FirstLabSecTerm\\Inc" -O0 -g3 -Wall -c -fmessage-length=0 -o "Src\\main.o" "..\\Src\\main.cpp" 
..\Src\main.cpp: In function 'int read_file(const char*, char*&, int&, int*&)':
..\Src\main.cpp:202:9: warning: unused variable 'a' [-Wunused-variable]
    char a = file[sze - 1];
         ^
..\Src\main.cpp: In function 'int read_console(char*&, int&, int*&)':
..\Src\main.cpp:249:1: warning: control reaches end of non-void function [-Wreturn-type]
 }
 ^
g++ -o FirstLabSecTerm.exe "Src\\main.o" 
13:07:16 **** Incremental Build of configuration Debug for project FirstLabSecTerm ****
Info: Internal Builder is used for build
g++ "-IE:\\Workspace\\FirstLabSecTerm\\Inc" -O0 -g3 -Wall -c -fmessage-length=0 -o "Src\\main.o" "..\\Src\\main.cpp" 
..\Src\main.cpp: In function 'int read_file(const char*, char*&, int&, int*&)':
..\Src\main.cpp:202:9: warning: unused variable 'a' [-Wunused-variable]
    char a = file[sze - 1];
         ^
..\Src\main.cpp: In function 'int read_console(char*&, int&, int*&)':
..\Src\main.cpp:249:1: warning: control reaches end of non-void function [-Wreturn-type]
 }
 ^
g++ -o FirstLabSecTerm.exe "Src\\main.o" 
13:09:16 **** Incremental Build of configuration Debug for project FirstLabSecTerm ****
Info: Internal Builder is used for build
g++ "-IE:\\Workspace\\FirstLabSecTerm\\Inc" -O0 -g3 -Wall -c -fmessage-length=0 -o "Src\\main.o" "..\\Src\\main.cpp" 
g++ -o FirstLabSecTerm.exe "Src\\main.o" 
13:14:58 **** Incremental Build of configuration Debug for project FirstLabSecTerm ****
Info: Internal Builder is used for build
g++ "-IE:\\Workspace\\FirstLabSecTerm\\Inc" -O0 -g3 -Wall -c -fmessage-length=0 -o "Src\\main.o" "..\\Src\\main.cpp" 
g++ -o FirstLabSecTerm.exe "Src\\main.o" 
Info: Nothing to build for FirstLabSecTerm
13:16:14 **** Incremental Build of configuration Debug for project FirstLabSecTerm ****
Info: Internal Builder is used for build
g++ "-IE:\\Workspace\\FirstLabSecTerm\\Inc" -O0 -g3 -Wall -c -fmessage-length=0 -o "Src\\main.o" "..\\Src\\main.cpp" 
g++ -o FirstLabSecTerm.exe "Src\\main.o" 
13:16:28 **** Incremental Build of configuration Debug for project FirstLabSecTerm ****
Info: Internal Builder is used for build
g++ "-IE:\\Workspace\\FirstLabSecTerm\\Inc" -O0 -g3 -Wall -c -fmessage-length=0 -o "Src\\main.o" "..\\Src\\main.cpp" 
g++ -o FirstLabSecTerm.exe "Src\\main.o" 
Info: Nothing to build for FirstLabSecTerm
13:17:02 **** Incremental Build of configuration Debug for project FirstLabSecTerm ****
Info: Internal Builder is used for build
g++ "-IE:\\Workspace\\FirstLabSecTerm\\Inc" -O0 -g3 -Wall -c -fmessage-length=0 -o "Src\\main.o" "..\\Src\\main.cpp" 
..\Src\main.cpp: In function 'int read_file(const char*, char*&, int&, int*&)':
..\Src\main.cpp:198:7: warning: unused variable 'a' [-Wunused-variable]
   int a =0;
       ^
g++ -o FirstLabSecTerm.exe "Src\\main.o" 
13:17:40 **** Incremental Build of configuration Debug for project FirstLabSecTerm ****
Info: Internal Builder is used for build
g++ "-IE:\\Workspace\\FirstLabSecTerm\\Inc" -O0 -g3 -Wall -c -fmessage-length=0 -o "Src\\main.o" "..\\Src\\main.cpp" 
..\Src\main.cpp: In function 'int read_file(const char*, char*&, int&, int*&)':
..\Src\main.cpp:198:7: warning: unused variable 'a' [-Wunused-variable]
   int a =0;
       ^
g++ -o FirstLabSecTerm.exe "Src\\main.o" 
13:17:46 **** Incremental Build of configuration Debug for project FirstLabSecTerm ****
Info: Internal Builder is used for build
g++ "-IE:\\Workspace\\FirstLabSecTerm\\Inc" -O0 -g3 -Wall -c -fmessage-length=0 -o "Src\\main.o" "..\\Src\\main.cpp" 
g++ -o FirstLabSecTerm.exe "Src\\main.o" 
Info: Nothing to build for FirstLabSecTerm
13:19:29 **** Incremental Build of configuration Debug for project FirstLabSecTerm ****
Info: Internal Builder is used for build
g++ "-IE:\\Workspace\\FirstLabSecTerm\\Inc" -O0 -g3 -Wall -c -fmessage-length=0 -o "Src\\main.o" "..\\Src\\main.cpp" 
..\Src\main.cpp: In function 'int read_file(const char*, char*&, int&, int*&)':
..\Src\main.cpp:198:8: warning: variable 'a' set but not used [-Wunused-but-set-variable]
   char a;
        ^
g++ -o FirstLabSecTerm.exe "Src\\main.o" 
Info: Nothing to build for FirstLabSecTerm
13:21:56 **** Incremental Build of configuration Debug for project FirstLabSecTerm ****
Info: Internal Builder is used for build
g++ "-IE:\\Workspace\\FirstLabSecTerm\\Inc" -O0 -g3 -Wall -c -fmessage-length=0 -o "Src\\main.o" "..\\Src\\main.cpp" 
g++ -o FirstLabSecTerm.exe "Src\\main.o" 
13:23:12 **** Incremental Build of configuration Debug for project FirstLabSecTerm ****
Info: Internal Builder is used for build
g++ "-IE:\\Workspace\\FirstLabSecTerm\\Inc" -O0 -g3 -Wall -c -fmessage-length=0 -o "Src\\main.o" "..\\Src\\main.cpp" 
..\Src\main.cpp: In function 'int read_file(const char*, char*&, int&, int*&)':
..\Src\main.cpp:200:8: warning: unused variable 'a' [-Wunused-variable]
   char a;
        ^
g++ -o FirstLabSecTerm.exe "Src\\main.o" 
13:23:48 **** Incremental Build of configuration Debug for project FirstLabSecTerm ****
Info: Internal Builder is used for build
g++ "-IE:\\Workspace\\FirstLabSecTerm\\Inc" -O0 -g3 -Wall -c -fmessage-length=0 -o "Src\\main.o" "..\\Src\\main.cpp" 
..\Src\main.cpp: In function 'int read_file(const char*, char*&, int&, int*&)':
..\Src\main.cpp:200:8: warning: unused variable 'a' [-Wunused-variable]
   char a;
        ^
g++ -o FirstLabSecTerm.exe "Src\\main.o" 
13:24:08 **** Incremental Build of configuration Debug for project FirstLabSecTerm ****
Info: Internal Builder is used for build
g++ "-IE:\\Workspace\\FirstLabSecTerm\\Inc" -O0 -g3 -Wall -c -fmessage-length=0 -o "Src\\main.o" "..\\Src\\main.cpp" 
..\Src\main.cpp: In function 'int main()':
..\Src\main.cpp:66:7: warning: unused variable 'a' [-Wunused-variable]
  char a;
       ^
..\Src\main.cpp: In function 'int read_file(const char*, char*&, int&, int*&)':
..\Src\main.cpp:199:8: warning: unused variable 'a' [-Wunused-variable]
   char a;
        ^
g++ -o FirstLabSecTerm.exe "Src\\main.o" 
13:24:21 **** Incremental Build of configuration Debug for project FirstLabSecTerm ****
Info: Internal Builder is used for build
g++ "-IE:\\Workspace\\FirstLabSecTerm\\Inc" -O0 -g3 -Wall -c -fmessage-length=0 -o "Src\\main.o" "..\\Src\\main.cpp" 
..\Src\main.cpp: In function 'int read_file(const char*, char*&, int&, int*&)':
..\Src\main.cpp:200:8: warning: unused variable 'a' [-Wunused-variable]
   char a;
        ^
g++ -o FirstLabSecTerm.exe "Src\\main.o" 
13:24:36 **** Incremental Build of configuration Debug for project FirstLabSecTerm ****
Info: Internal Builder is used for build
g++ "-IE:\\Workspace\\FirstLabSecTerm\\Inc" -O0 -g3 -Wall -c -fmessage-length=0 -o "Src\\main.o" "..\\Src\\main.cpp" 
..\Src\main.cpp: In function 'int read_file(const char*, char*&, int&, int*&)':
..\Src\main.cpp:200:8: warning: unused variable 'a' [-Wunused-variable]
   char a;
        ^
g++ -o FirstLabSecTerm.exe "Src\\main.o" 
Info: Nothing to build for FirstLabSecTerm
Info: Nothing to build for FirstLabSecTerm
Info: Nothing to build for FirstLabSecTerm
13:26:49 **** Incremental Build of configuration Debug for project FirstLabSecTerm ****
Info: Internal Builder is used for build
g++ "-IE:\\Workspace\\FirstLabSecTerm\\Inc" -O0 -g3 -Wall -c -fmessage-length=0 -o "Src\\main.o" "..\\Src\\main.cpp" 
g++ -o FirstLabSecTerm.exe "Src\\main.o" 
13:27:37 **** Incremental Build of configuration Debug for project FirstLabSecTerm ****
Info: Internal Builder is used for build
g++ "-IE:\\Workspace\\FirstLabSecTerm\\Inc" -O0 -g3 -Wall -c -fmessage-length=0 -o "Src\\main.o" "..\\Src\\main.cpp" 
g++ -o FirstLabSecTerm.exe "Src\\main.o" 
13:27:55 **** Incremental Build of configuration Debug for project FirstLabSecTerm ****
Info: Internal Builder is used for build
g++ "-IE:\\Workspace\\FirstLabSecTerm\\Inc" -O0 -g3 -Wall -c -fmessage-length=0 -o "Src\\main.o" "..\\Src\\main.cpp" 
g++ -o FirstLabSecTerm.exe "Src\\main.o" 
13:29:31 **** Incremental Build of configuration Debug for project FirstLabSecTerm ****
Info: Internal Builder is used for build
g++ "-IE:\\Workspace\\FirstLabSecTerm\\Inc" -O0 -g3 -Wall -c -fmessage-length=0 -o "Src\\main.o" "..\\Src\\main.cpp" 
g++ -o FirstLabSecTerm.exe "Src\\main.o" 
13:30:03 **** Incremental Build of configuration Debug for project FirstLabSecTerm ****
Info: Internal Builder is used for build
g++ "-IE:\\Workspace\\FirstLabSecTerm\\Inc" -O0 -g3 -Wall -c -fmessage-length=0 -o "Src\\main.o" "..\\Src\\main.cpp" 
g++ -o FirstLabSecTerm.exe "Src\\main.o" 
13:32:00 **** Incremental Build of configuration Debug for project FirstLabSecTerm ****
Info: Internal Builder is used for build
g++ "-IE:\\Workspace\\FirstLabSecTerm\\Inc" -O0 -g3 -Wall -c -fmessage-length=0 -o "Src\\main.o" "..\\Src\\main.cpp" 
..\Src\main.cpp: In function 'int read_file(const char*, char*&, int&, int*&)':
..\Src\main.cpp:200:8: warning: unused variable 'a' [-Wunused-variable]
   char a;
        ^
g++ -o FirstLabSecTerm.exe "Src\\main.o" 
13:32:23 **** Incremental Build of configuration Debug for project FirstLabSecTerm ****
Info: Internal Builder is used for build
g++ "-IE:\\Workspace\\FirstLabSecTerm\\Inc" -O0 -g3 -Wall -c -fmessage-length=0 -o "Src\\main.o" "..\\Src\\main.cpp" 
..\Src\main.cpp: In function 'int read_file(const char*, char*&, int&, int*&)':
..\Src\main.cpp:200:8: warning: unused variable 'a' [-Wunused-variable]
   char a;
        ^
g++ -o FirstLabSecTerm.exe "Src\\main.o" 
13:35:19 **** Incremental Build of configuration Debug for project FirstLabSecTerm ****
Info: Internal Builder is used for build
g++ "-IE:\\Workspace\\FirstLabSecTerm\\Inc" -O0 -g3 -Wall -c -fmessage-length=0 -o "Src\\main.o" "..\\Src\\main.cpp" 
g++ -o FirstLabSecTerm.exe "Src\\main.o" 
Info: Nothing to build for FirstLabSecTerm
13:40:27 **** Incremental Build of configuration Debug for project FirstLabSecTerm ****
Info: Internal Builder is used for build
g++ "-IE:\\Workspace\\FirstLabSecTerm\\Inc" -O0 -g3 -Wall -c -fmessage-length=0 -o "Src\\main.o" "..\\Src\\main.cpp" 
g++ -o FirstLabSecTerm.exe "Src\\main.o" 
13:40:44 **** Incremental Build of configuration Debug for project FirstLabSecTerm ****
Info: Internal Builder is used for build
g++ "-IE:\\Workspace\\FirstLabSecTerm\\Inc" -O0 -g3 -Wall -c -fmessage-length=0 -o "Src\\main.o" "..\\Src\\main.cpp" 
g++ -o FirstLabSecTerm.exe "Src\\main.o" 
13:44:45 **** Incremental Build of configuration Debug for project FirstLabSecTerm ****
Info: Internal Builder is used for build
g++ "-IE:\\Workspace\\FirstLabSecTerm\\Inc" -O0 -g3 -Wall -c -fmessage-length=0 -o "Src\\main.o" "..\\Src\\main.cpp" 
..\Src\main.cpp: In function 'int main()':
..\Src\main.cpp:39:8: warning: unused variable 'buff' [-Wunused-variable]
  char* buff = new char[2];
        ^~~~
g++ -o FirstLabSecTerm.exe "Src\\main.o" 
Info: Nothing to build for FirstLabSecTerm
13:47:24 **** Incremental Build of configuration Debug for project FirstLabSecTerm ****
Info: Internal Builder is used for build
g++ "-IE:\\Workspace\\FirstLabSecTerm\\Inc" -O0 -g3 -Wall -c -fmessage-length=0 -o "Src\\main.o" "..\\Src\\main.cpp" 
g++ -o FirstLabSecTerm.exe "Src\\main.o" 
13:47:53 **** Incremental Build of configuration Debug for project FirstLabSecTerm ****
Info: Internal Builder is used for build
g++ "-IE:\\Workspace\\FirstLabSecTerm\\Inc" -O0 -g3 -Wall -c -fmessage-length=0 -o "Src\\main.o" "..\\Src\\main.cpp" 
g++ -o FirstLabSecTerm.exe "Src\\main.o" 
13:48:34 **** Incremental Build of configuration Debug for project FirstLabSecTerm ****
Info: Internal Builder is used for build
g++ "-IE:\\Workspace\\FirstLabSecTerm\\Inc" -O0 -g3 -Wall -c -fmessage-length=0 -o "Src\\main.o" "..\\Src\\main.cpp" 
g++ -o FirstLabSecTerm.exe "Src\\main.o" 
13:49:09 **** Incremental Build of configuration Debug for project FirstLabSecTerm ****
Info: Internal Builder is used for build
g++ "-IE:\\Workspace\\FirstLabSecTerm\\Inc" -O0 -g3 -Wall -c -fmessage-length=0 -o "Src\\main.o" "..\\Src\\main.cpp" 
g++ -o FirstLabSecTerm.exe "Src\\main.o" 
Info: Nothing to build for FirstLabSecTerm
13:49:51 **** Incremental Build of configuration Debug for project FirstLabSecTerm ****
Info: Internal Builder is used for build
g++ "-IE:\\Workspace\\FirstLabSecTerm\\Inc" -O0 -g3 -Wall -c -fmessage-length=0 -o "Src\\main.o" "..\\Src\\main.cpp" 
g++ -o FirstLabSecTerm.exe "Src\\main.o" 
Info: Nothing to build for FirstLabSecTerm
Info: Nothing to build for FirstLabSecTerm
Info: Nothing to build for FirstLabSecTerm
13:50:17 **** Incremental Build of configuration Debug for project FirstLabSecTerm ****
Info: Internal Builder is used for build
g++ "-IE:\\Workspace\\FirstLabSecTerm\\Inc" -O0 -g3 -Wall -c -fmessage-length=0 -o "Src\\main.o" "..\\Src\\main.cpp" 
g++ -o FirstLabSecTerm.exe "Src\\main.o" 
13:51:01 **** Incremental Build of configuration Debug for project FirstLabSecTerm ****
Info: Internal Builder is used for build
g++ "-IE:\\Workspace\\FirstLabSecTerm\\Inc" -O0 -g3 -Wall -c -fmessage-length=0 -o "Src\\main.o" "..\\Src\\main.cpp" 
..\Src\main.cpp: In function 'int read_file(const char*, char*&, int&, int*&)':
..\Src\main.cpp:200:3: error: 'bu' was not declared in this scope
   bu[0] = fin.get();
   ^~
13:51:25 **** Incremental Build of configuration Debug for project FirstLabSecTerm ****
Info: Internal Builder is used for build
g++ "-IE:\\Workspace\\FirstLabSecTerm\\Inc" -O0 -g3 -Wall -c -fmessage-length=0 -o "Src\\main.o" "..\\Src\\main.cpp" 
g++ -o FirstLabSecTerm.exe "Src\\main.o" 
13:54:57 **** Incremental Build of configuration Debug for project FirstLabSecTerm ****
Info: Internal Builder is used for build
g++ "-IE:\\Workspace\\FirstLabSecTerm\\Inc" -O0 -g3 -Wall -c -fmessage-length=0 -o "Src\\main.o" "..\\Src\\main.cpp" 
g++ -o FirstLabSecTerm.exe "Src\\main.o" 
14:02:07 **** Incremental Build of configuration Debug for project FirstLabSecTerm ****
Info: Internal Builder is used for build
g++ "-IE:\\Workspace\\FirstLabSecTerm\\Inc" -O0 -g3 -Wall -c -fmessage-length=0 -o "Src\\main.o" "..\\Src\\main.cpp" 
g++ -o FirstLabSecTerm.exe "Src\\main.o" 
14:02:47 **** Incremental Build of configuration Debug for project FirstLabSecTerm ****
Info: Internal Builder is used for build
g++ "-IE:\\Workspace\\FirstLabSecTerm\\Inc" -O0 -g3 -Wall -c -fmessage-length=0 -o "Src\\main.o" "..\\Src\\main.cpp" 
g++ -o FirstLabSecTerm.exe "Src\\main.o" 
14:03:34 **** Incremental Build of configuration Debug for project FirstLabSecTerm ****
Info: Internal Builder is used for build
g++ "-IE:\\Workspace\\FirstLabSecTerm\\Inc" -O0 -g3 -Wall -c -fmessage-length=0 -o "Src\\main.o" "..\\Src\\main.cpp" 
g++ -o FirstLabSecTerm.exe "Src\\main.o" 
14:04:02 **** Incremental Build of configuration Debug for project FirstLabSecTerm ****
Info: Internal Builder is used for build
g++ "-IE:\\Workspace\\FirstLabSecTerm\\Inc" -O0 -g3 -Wall -c -fmessage-length=0 -o "Src\\main.o" "..\\Src\\main.cpp" 
..\Src\main.cpp: In function 'int main()':
..\Src\main.cpp:66:7: warning: unused variable 'a' [-Wunused-variable]
  char a;
       ^
g++ -o FirstLabSecTerm.exe "Src\\main.o" 
14:06:39 **** Incremental Build of configuration Debug for project FirstLabSecTerm ****
Info: Internal Builder is used for build
g++ "-IE:\\Workspace\\FirstLabSecTerm\\Inc" -O0 -g3 -Wall -c -fmessage-length=0 -o "Src\\main.o" "..\\Src\\main.cpp" 
g++ -o FirstLabSecTerm.exe "Src\\main.o" 
14:07:04 **** Incremental Build of configuration Debug for project FirstLabSecTerm ****
Info: Internal Builder is used for build
g++ "-IE:\\Workspace\\FirstLabSecTerm\\Inc" -O0 -g3 -Wall -c -fmessage-length=0 -o "Src\\main.o" "..\\Src\\main.cpp" 
g++ -o FirstLabSecTerm.exe "Src\\main.o" 
Info: Nothing to build for FirstLabSecTerm
14:10:16 **** Incremental Build of configuration Debug for project FirstLabSecTerm ****
Info: Internal Builder is used for build
g++ "-IE:\\Workspace\\FirstLabSecTerm\\Inc" -O0 -g3 -Wall -c -fmessage-length=0 -o "Src\\main.o" "..\\Src\\main.cpp" 
g++ -o FirstLabSecTerm.exe "Src\\main.o" 
Info: Nothing to build for FirstLabSecTerm
14:10:49 **** Incremental Build of configuration Debug for project FirstLabSecTerm ****
Info: Internal Builder is used for build
g++ "-IE:\\Workspace\\FirstLabSecTerm\\Inc" -O0 -g3 -Wall -c -fmessage-length=0 -o "Src\\main.o" "..\\Src\\main.cpp" 
g++ -o FirstLabSecTerm.exe "Src\\main.o" 
14:11:27 **** Incremental Build of configuration Debug for project FirstLabSecTerm ****
Info: Internal Builder is used for build
g++ "-IE:\\Workspace\\FirstLabSecTerm\\Inc" -O0 -g3 -Wall -c -fmessage-length=0 -o "Src\\main.o" "..\\Src\\main.cpp" 
g++ -o FirstLabSecTerm.exe "Src\\main.o" 
14:13:27 **** Incremental Build of configuration Debug for project FirstLabSecTerm ****
Info: Internal Builder is used for build
g++ "-IE:\\Workspace\\FirstLabSecTerm\\Inc" -O0 -g3 -Wall -c -fmessage-length=0 -o "Src\\main.o" "..\\Src\\main.cpp" 
g++ -o FirstLabSecTerm.exe "Src\\main.o" 
14:13:36 **** Incremental Build of configuration Debug for project FirstLabSecTerm ****
Info: Internal Builder is used for build
g++ "-IE:\\Workspace\\FirstLabSecTerm\\Inc" -O0 -g3 -Wall -c -fmessage-length=0 -o "Src\\main.o" "..\\Src\\main.cpp" 
g++ -o FirstLabSecTerm.exe "Src\\main.o" 
14:13:43 **** Incremental Build of configuration Debug for project FirstLabSecTerm ****
Info: Internal Builder is used for build
g++ "-IE:\\Workspace\\FirstLabSecTerm\\Inc" -O0 -g3 -Wall -c -fmessage-length=0 -o "Src\\main.o" "..\\Src\\main.cpp" 
g++ -o FirstLabSecTerm.exe "Src\\main.o" 
14:14:29 **** Incremental Build of configuration Debug for project FirstLabSecTerm ****
Info: Internal Builder is used for build
g++ "-IE:\\Workspace\\FirstLabSecTerm\\Inc" -O0 -g3 -Wall -c -fmessage-length=0 -o "Src\\main.o" "..\\Src\\main.cpp" 
g++ -o FirstLabSecTerm.exe "Src\\main.o" 
14:17:16 **** Incremental Build of configuration Debug for project FirstLabSecTerm ****
Info: Internal Builder is used for build
g++ "-IE:\\Workspace\\FirstLabSecTerm\\Inc" -O0 -g3 -Wall -c -fmessage-length=0 -o "Src\\main.o" "..\\Src\\main.cpp" 
..\Src\main.cpp: In function 'int read_file(const char*, char*&, int&, int*&)':
..\Src\main.cpp:198:15: warning: unused variable 'buff' [-Wunused-variable]
    if(int(buff) = -1){
               ^
..\Src\main.cpp:195:8: warning: variable 'buff' set but not used [-Wunused-but-set-variable]
   char buff;
        ^~~~
g++ -o FirstLabSecTerm.exe "Src\\main.o" 
14:18:05 **** Incremental Build of configuration Debug for project FirstLabSecTerm ****
Info: Internal Builder is used for build
g++ "-IE:\\Workspace\\FirstLabSecTerm\\Inc" -O0 -g3 -Wall -c -fmessage-length=0 -o "Src\\main.o" "..\\Src\\main.cpp" 
..\Src\main.cpp: In function 'int read_file(const char*, char*&, int&, int*&)':
..\Src\main.cpp:195:8: warning: variable 'bu' set but not used [-Wunused-but-set-variable]
   char bu;
        ^~
g++ -o FirstLabSecTerm.exe "Src\\main.o" 
14:18:31 **** Incremental Build of configuration Debug for project FirstLabSecTerm ****
Info: Internal Builder is used for build
g++ "-IE:\\Workspace\\FirstLabSecTerm\\Inc" -O0 -g3 -Wall -c -fmessage-length=0 -o "Src\\main.o" "..\\Src\\main.cpp" 
g++ -o FirstLabSecTerm.exe "Src\\main.o" 
14:19:03 **** Incremental Build of configuration Debug for project FirstLabSecTerm ****
Info: Internal Builder is used for build
g++ "-IE:\\Workspace\\FirstLabSecTerm\\Inc" -O0 -g3 -Wall -c -fmessage-length=0 -o "Src\\main.o" "..\\Src\\main.cpp" 
g++ -o FirstLabSecTerm.exe "Src\\main.o" 
Info: Nothing to build for FirstLabSecTerm
Info: Nothing to build for FirstLabSecTerm
14:19:50 **** Incremental Build of configuration Debug for project FirstLabSecTerm ****
Info: Internal Builder is used for build
g++ "-IE:\\Workspace\\FirstLabSecTerm\\Inc" -O0 -g3 -Wall -c -fmessage-length=0 -o "Src\\main.o" "..\\Src\\main.cpp" 
g++ -o FirstLabSecTerm.exe "Src\\main.o" 
14:20:47 **** Incremental Build of configuration Debug for project FirstLabSecTerm ****
Info: Internal Builder is used for build
g++ "-IE:\\Workspace\\FirstLabSecTerm\\Inc" -O0 -g3 -Wall -c -fmessage-length=0 -o "Src\\main.o" "..\\Src\\main.cpp" 
g++ -o FirstLabSecTerm.exe "Src\\main.o" 
14:21:10 **** Incremental Build of configuration Debug for project FirstLabSecTerm ****
Info: Internal Builder is used for build
g++ "-IE:\\Workspace\\FirstLabSecTerm\\Inc" -O0 -g3 -Wall -c -fmessage-length=0 -o "Src\\main.o" "..\\Src\\main.cpp" 
g++ -o FirstLabSecTerm.exe "Src\\main.o" 
14:22:12 **** Incremental Build of configuration Debug for project FirstLabSecTerm ****
Info: Internal Builder is used for build
g++ "-IE:\\Workspace\\FirstLabSecTerm\\Inc" -O0 -g3 -Wall -c -fmessage-length=0 -o "Src\\main.o" "..\\Src\\main.cpp" 
g++ -o FirstLabSecTerm.exe "Src\\main.o" 
14:22:49 **** Incremental Build of configuration Debug for project FirstLabSecTerm ****
Info: Internal Builder is used for build
g++ "-IE:\\Workspace\\FirstLabSecTerm\\Inc" -O0 -g3 -Wall -c -fmessage-length=0 -o "Src\\main.o" "..\\Src\\main.cpp" 
g++ -o FirstLabSecTerm.exe "Src\\main.o" 
14:23:17 **** Incremental Build of configuration Debug for project FirstLabSecTerm ****
Info: Internal Builder is used for build
g++ "-IE:\\Workspace\\FirstLabSecTerm\\Inc" -O0 -g3 -Wall -c -fmessage-length=0 -o "Src\\main.o" "..\\Src\\main.cpp" 
g++ -o FirstLabSecTerm.exe "Src\\main.o" 
14:23:55 **** Incremental Build of configuration Debug for project FirstLabSecTerm ****
Info: Internal Builder is used for build
g++ "-IE:\\Workspace\\FirstLabSecTerm\\Inc" -O0 -g3 -Wall -c -fmessage-length=0 -o "Src\\main.o" "..\\Src\\main.cpp" 
g++ -o FirstLabSecTerm.exe "Src\\main.o" 
14:24:32 **** Incremental Build of configuration Debug for project FirstLabSecTerm ****
Info: Internal Builder is used for build
g++ "-IE:\\Workspace\\FirstLabSecTerm\\Inc" -O0 -g3 -Wall -c -fmessage-length=0 -o "Src\\main.o" "..\\Src\\main.cpp" 
g++ -o FirstLabSecTerm.exe "Src\\main.o" 
14:25:11 **** Incremental Build of configuration Debug for project FirstLabSecTerm ****
Info: Internal Builder is used for build
g++ "-IE:\\Workspace\\FirstLabSecTerm\\Inc" -O0 -g3 -Wall -c -fmessage-length=0 -o "Src\\main.o" "..\\Src\\main.cpp" 
g++ -o FirstLabSecTerm.exe "Src\\main.o" 
14:25:58 **** Incremental Build of configuration Debug for project FirstLabSecTerm ****
Info: Internal Builder is used for build
g++ "-IE:\\Workspace\\FirstLabSecTerm\\Inc" -O0 -g3 -Wall -c -fmessage-length=0 -o "Src\\main.o" "..\\Src\\main.cpp" 
g++ -o FirstLabSecTerm.exe "Src\\main.o" 
14:26:06 **** Incremental Build of configuration Debug for project FirstLabSecTerm ****
Info: Internal Builder is used for build
g++ "-IE:\\Workspace\\FirstLabSecTerm\\Inc" -O0 -g3 -Wall -c -fmessage-length=0 -o "Src\\main.o" "..\\Src\\main.cpp" 
g++ -o FirstLabSecTerm.exe "Src\\main.o" 
14:27:29 **** Incremental Build of configuration Debug for project FirstLabSecTerm ****
Info: Internal Builder is used for build
g++ "-IE:\\Workspace\\FirstLabSecTerm\\Inc" -O0 -g3 -Wall -c -fmessage-length=0 -o "Src\\main.o" "..\\Src\\main.cpp" 
g++ -o FirstLabSecTerm.exe "Src\\main.o" 
14:28:36 **** Incremental Build of configuration Debug for project FirstLabSecTerm ****
Info: Internal Builder is used for build
g++ "-IE:\\Workspace\\FirstLabSecTerm\\Inc" -O0 -g3 -Wall -c -fmessage-length=0 -o "Src\\main.o" "..\\Src\\main.cpp" 
g++ -o FirstLabSecTerm.exe "Src\\main.o" 
14:29:21 **** Incremental Build of configuration Debug for project FirstLabSecTerm ****
Info: Internal Builder is used for build
g++ "-IE:\\Workspace\\FirstLabSecTerm\\Inc" -O0 -g3 -Wall -c -fmessage-length=0 -o "Src\\main.o" "..\\Src\\main.cpp" 
g++ -o FirstLabSecTerm.exe "Src\\main.o" 
14:30:22 **** Incremental Build of configuration Debug for project FirstLabSecTerm ****
Info: Internal Builder is used for build
g++ "-IE:\\Workspace\\FirstLabSecTerm\\Inc" -O0 -g3 -Wall -c -fmessage-length=0 -o "Src\\main.o" "..\\Src\\main.cpp" 
g++ -o FirstLabSecTerm.exe "Src\\main.o" 
Info: Nothing to build for FirstLabSecTerm
14:31:12 **** Incremental Build of configuration Debug for project FirstLabSecTerm ****
Info: Internal Builder is used for build
g++ "-IE:\\Workspace\\FirstLabSecTerm\\Inc" -O0 -g3 -Wall -c -fmessage-length=0 -o "Src\\main.o" "..\\Src\\main.cpp" 
g++ -o FirstLabSecTerm.exe "Src\\main.o" 
14:32:45 **** Incremental Build of configuration Debug for project FirstLabSecTerm ****
Info: Internal Builder is used for build
g++ "-IE:\\Workspace\\FirstLabSecTerm\\Inc" -O0 -g3 -Wall -c -fmessage-length=0 -o "Src\\main.o" "..\\Src\\main.cpp" 
..\Src\main.cpp: In function 'int read_file(const char*, char*&, int&, int*&)':
..\Src\main.cpp:200:8: warning: unused variable 'flag' [-Wunused-variable]
   bool flag = 0;
        ^~~~
..\Src\main.cpp:222:11: warning: 'bu' may be used uninitialized in this function [-Wmaybe-uninitialized]
   file[0] = bu;
   ~~~~~~~~^~~~
g++ -o FirstLabSecTerm.exe "Src\\main.o" 
14:33:02 **** Incremental Build of configuration Debug for project FirstLabSecTerm ****
Info: Internal Builder is used for build
g++ "-IE:\\Workspace\\FirstLabSecTerm\\Inc" -O0 -g3 -Wall -c -fmessage-length=0 -o "Src\\main.o" "..\\Src\\main.cpp" 
g++ -o FirstLabSecTerm.exe "Src\\main.o" 
14:34:44 **** Incremental Build of configuration Debug for project FirstLabSecTerm ****
Info: Internal Builder is used for build
g++ "-IE:\\Workspace\\FirstLabSecTerm\\Inc" -O0 -g3 -Wall -c -fmessage-length=0 -o "Src\\main.o" "..\\Src\\main.cpp" 
..\Src\main.cpp: In function 'int read_file(const char*, char*&, int&, int*&)':
..\Src\main.cpp:202:12: warning: suggest parentheses around assignment used as truth value [-Wparentheses]
    if(buff = -1){
       ~~~~~^~~~
g++ -o FirstLabSecTerm.exe "Src\\main.o" 
14:35:12 **** Incremental Build of configuration Debug for project FirstLabSecTerm ****
Info: Internal Builder is used for build
g++ "-IE:\\Workspace\\FirstLabSecTerm\\Inc" -O0 -g3 -Wall -c -fmessage-length=0 -o "Src\\main.o" "..\\Src\\main.cpp" 
g++ -o FirstLabSecTerm.exe "Src\\main.o" 
14:38:45 **** Incremental Build of configuration Debug for project FirstLabSecTerm ****
Info: Internal Builder is used for build
g++ "-IE:\\Workspace\\FirstLabSecTerm\\Inc" -O0 -g3 -Wall -c -fmessage-length=0 -o "Src\\main.o" "..\\Src\\main.cpp" 
..\Src\main.cpp: In function 'int read_file(const char*, char*&, int&, int*&)':
..\Src\main.cpp:220:20: error: type 'char' argument given to 'delete', expected pointer
   delete file[sze-1];
                    ^
14:38:55 **** Incremental Build of configuration Debug for project FirstLabSecTerm ****
Info: Internal Builder is used for build
g++ "-IE:\\Workspace\\FirstLabSecTerm\\Inc" -O0 -g3 -Wall -c -fmessage-length=0 -o "Src\\main.o" "..\\Src\\main.cpp" 
g++ -o FirstLabSecTerm.exe "Src\\main.o" 
00:43:29 **** Incremental Build of configuration Debug for project FirstLabSecTerm ****
Info: Internal Builder is used for build
g++ "-IE:\\Workspace\\FirstLabSecTerm\\Inc" -O0 -g3 -Wall -c -fmessage-length=0 -o "Src\\main.o" "..\\Src\\main.cpp" 
g++ -o FirstLabSecTerm.exe "Src\\main.o" 
Info: Nothing to build for FirstLabSecTerm
00:44:49 **** Incremental Build of configuration Debug for project FirstLabSecTerm ****
Info: Internal Builder is used for build
g++ "-IE:\\Workspace\\FirstLabSecTerm\\Inc" -O0 -g3 -Wall -c -fmessage-length=0 -o "Src\\main.o" "..\\Src\\main.cpp" 
g++ -o FirstLabSecTerm.exe "Src\\main.o" 
Info: Nothing to build for FirstLabSecTerm
00:45:24 **** Incremental Build of configuration Debug for project FirstLabSecTerm ****
Info: Internal Builder is used for build
g++ "-IE:\\Workspace\\FirstLabSecTerm\\Inc" -O0 -g3 -Wall -c -fmessage-length=0 -o "Src\\main.o" "..\\Src\\main.cpp" 
g++ -o FirstLabSecTerm.exe "Src\\main.o" 
Info: Nothing to build for FirstLabSecTerm
00:49:00 **** Incremental Build of configuration Debug for project FirstLabSecTerm ****
Info: Internal Builder is used for build
g++ "-IE:\\Workspace\\FirstLabSecTerm\\Inc" -O0 -g3 -Wall -c -fmessage-length=0 -o "Src\\main.o" "..\\Src\\main.cpp" 
g++ -o FirstLabSecTerm.exe "Src\\main.o" 
00:49:36 **** Incremental Build of configuration Debug for project FirstLabSecTerm ****
Info: Internal Builder is used for build
g++ "-IE:\\Workspace\\FirstLabSecTerm\\Inc" -O0 -g3 -Wall -c -fmessage-length=0 -o "Src\\main.o" "..\\Src\\main.cpp" 
g++ -o FirstLabSecTerm.exe "Src\\main.o" 
Info: Nothing to build for FirstLabSecTerm
01:16:50 **** Incremental Build of configuration Debug for project FirstLabSecTerm ****
Info: Internal Builder is used for build
g++ "-IE:\\Workspace\\FirstLabSecTerm\\Inc" -O0 -g3 -Wall -c -fmessage-length=0 -o "Src\\main.o" "..\\Src\\main.cpp" 
g++ -o FirstLabSecTerm.exe "Src\\main.o" 
Info: Nothing to build for FirstLabSecTerm
Info: Nothing to build for FirstLabSecTerm
Info: Nothing to build for FirstLabSecTerm
Info: Nothing to build for FirstLabSecTerm
Info: Nothing to build for FirstLabSecTerm
Info: Nothing to build for FirstLabSecTerm
01:28:21 **** Rebuild of configuration Debug for project SecLabSecTermNoDynamic ****
Info: Internal Builder is used for build
g++ -O0 -g3 -Wall -c -fmessage-length=0 -o "src\\main.o" "..\\src\\main.cpp" 
g++ -o SecLabSecTermNoDynamic.exe "src\\main.o" 
Info: Nothing to build for SecLabSecTermNoDynamic
Info: Nothing to build for SecLabSecTermNoDynamic
Info: Nothing to build for FirstLabSecTerm
Info: Nothing to build for FirstLabSecTerm
Info: Nothing to build for FirstLabSecTerm
Info: Nothing to build for FirstLabSecTerm
Info: Nothing to build for FirstLabSecTerm
Info: Nothing to build for FirstLabSecTerm
01:46:39 **** Rebuild of configuration Debug for project SecLabSecTermNoDyn ****
Info: Internal Builder is used for build
g++ -O0 -g3 -Wall -c -fmessage-length=0 -o "src\\SecLabSecTermNoDyn.o" "..\\src\\SecLabSecTermNoDyn.cpp" 
g++ -o SecLabSecTermNoDyn.exe "src\\SecLabSecTermNoDyn.o" 
01:48:50 **** Incremental Build of configuration Debug for project SecLabSecTermNoDyn ****
Info: Internal Builder is used for build
g++ -O0 -g3 -Wall -c -fmessage-length=0 -o "src\\main.o" "..\\src\\main.cpp" 
g++ -o SecLabSecTermNoDyn.exe "src\\main.o" 
01:49:47 **** Incremental Build of configuration Debug for project FirstLabSecTerm ****
Info: Internal Builder is used for build
g++ "-IE:\\Workspace\\FirstLabSecTerm\\Inc" -O0 -g3 -Wall -c -fmessage-length=0 -o "Src\\main.o" "..\\Src\\main.cpp" 
g++ -o FirstLabSecTerm.exe "Src\\main.o" 
Info: Nothing to build for SecLabSecTermNoDyn
01:49:53 **** Incremental Build of configuration Debug for project SecLabSecTermNoDyn ****
Info: Internal Builder is used for build
g++ -O0 -g3 -Wall -c -fmessage-length=0 -o "src\\main.o" "..\\src\\main.cpp" 
g++ -o SecLabSecTermNoDyn.exe "src\\main.o" 
02:04:51 **** Incremental Build of configuration Debug for project SecLabSecTermNoDyn ****
Info: Internal Builder is used for build
g++ -O0 -g3 -Wall -c -fmessage-length=0 -o "src\\main.o" "..\\src\\main.cpp" 
g++ -o SecLabSecTermNoDyn.exe "src\\main.o" 
Info: Nothing to build for SecLabSecTermNoDyn
Info: Nothing to build for SecLabSecTermNoDyn
02:17:54 **** Incremental Build of configuration Debug for project SecLabSecTermNoDyn ****
Info: Internal Builder is used for build
g++ -O0 -g3 -Wall -c -fmessage-length=0 -o "src\\main.o" "..\\src\\main.cpp" 
g++ -o SecLabSecTermNoDyn.exe "src\\main.o" 
02:19:11 **** Incremental Build of configuration Debug for project SecLabSecTermNoDyn ****
Info: Internal Builder is used for build
g++ -O0 -g3 -Wall -c -fmessage-length=0 -o "src\\main.o" "..\\src\\main.cpp" 
g++ -o SecLabSecTermNoDyn.exe "src\\main.o" 
02:21:31 **** Incremental Build of configuration Debug for project SecLabSecTermNoDyn ****
Info: Internal Builder is used for build
g++ -O0 -g3 -Wall -c -fmessage-length=0 -o "src\\main.o" "..\\src\\main.cpp" 
..\src\main.cpp: In function 'int main()':
..\src\main.cpp:45:30: error: switch quantity not an integer
   switch(read_console(matrix))
                              ^
..\src\main.cpp: In function 'int read_console(int (*)[7])':
..\src\main.cpp:103:5: error: ambiguating new declaration of 'int read_console(int (*)[7])'
 int read_console(int a[MAX_SIZE_A][MAX_SIZE_B]) {
     ^~~~~~~~~~~~
..\src\main.cpp:23:6: note: old declaration 'void read_console(int (*)[7])'
 void read_console(int a[MAX_SIZE_A][MAX_SIZE_B]);//reading data from console
      ^~~~~~~~~~~~
02:22:44 **** Incremental Build of configuration Debug for project SecLabSecTermNoDyn ****
Info: Internal Builder is used for build
g++ -O0 -g3 -Wall -c -fmessage-length=0 -o "src\\main.o" "..\\src\\main.cpp" 
g++ -o SecLabSecTermNoDyn.exe "src\\main.o" 
Info: Nothing to build for SecLabSecTermNoDyn
02:23:08 **** Incremental Build of configuration Debug for project SecLabSecTermNoDyn ****
Info: Internal Builder is used for build
g++ -O0 -g3 -Wall -c -fmessage-length=0 -o "src\\main.o" "..\\src\\main.cpp" 
g++ -o SecLabSecTermNoDyn.exe "src\\main.o" 
Info: Nothing to build for SecLabSecTermNoDyn
02:25:57 **** Incremental Build of configuration Debug for project FirstLabSecTerm ****
Info: Internal Builder is used for build
g++ "-IE:\\Workspace\\FirstLabSecTerm\\Inc" -O0 -g3 -Wall -c -fmessage-length=0 -o "Src\\main.o" "..\\Src\\main.cpp" 
g++ -o FirstLabSecTerm.exe "Src\\main.o" 
Info: Nothing to build for SecLabSecTermNoDyn
02:26:00 **** Rebuild of configuration Debug for project SecLabSecTermWithDyn ****
Info: Internal Builder is used for build
g++ -O0 -g3 -Wall -c -fmessage-length=0 -o "src\\main.o" "..\\src\\main.cpp" 
g++ -o SecLabSecTermWithDyn.exe "src\\main.o" 
Info: Nothing to build for FirstLabSecTerm
Info: Nothing to build for SecLabSecTermNoDyn
02:27:34 **** Incremental Build of configuration Debug for project SecLabSecTermWithDyn ****
Info: Internal Builder is used for build
g++ "-IE:\\Workspace\\SecLabSecTermWithDyn\\Inc" -O0 -g3 -Wall -c -fmessage-length=0 -o "src\\main.o" "..\\src\\main.cpp" 
g++ -o SecLabSecTermWithDyn.exe "src\\main.o" 
Info: Nothing to build for FirstLabSecTerm
Info: Nothing to build for SecLabSecTermNoDyn
Info: Nothing to build for SecLabSecTermWithDyn
02:28:00 **** Incremental Build of configuration Debug for project SecLabSecTermWithDyn ****
Info: Internal Builder is used for build
g++ "-IE:\\Workspace\\SecLabSecTermWithDyn\\Inc" -O0 -g3 -Wall -c -fmessage-length=0 -o "src\\main.o" "..\\src\\main.cpp" 
..\src\main.cpp: In function 'int* check_params(const char*)':
..\src\main.cpp:124:10: warning: value computed is not used [-Wunused-value]
  params[0], params[1] = 0, 0;
  ~~~~~~~~^
..\src\main.cpp:124:10: warning: left operand of comma operator has no effect [-Wunused-value]
..\src\main.cpp:124:29: warning: right operand of comma operator has no effect [-Wunused-value]
  params[0], params[1] = 0, 0;
                             ^
g++ -o SecLabSecTermWithDyn.exe "src\\main.o" 
Info: Nothing to build for FirstLabSecTerm
02:36:51 **** Incremental Build of configuration Debug for project SecLabSecTermNoDyn ****
Info: Internal Builder is used for build
g++ -O0 -g3 -Wall -c -fmessage-length=0 -o "src\\main.o" "..\\src\\main.cpp" 
g++ -o SecLabSecTermNoDyn.exe "src\\main.o" 
02:36:53 **** Incremental Build of configuration Debug for project SecLabSecTermWithDyn ****
Info: Internal Builder is used for build
g++ "-IE:\\Workspace\\SecLabSecTermWithDyn\\Inc" -O0 -g3 -Wall -c -fmessage-length=0 -o "src\\main.o" "..\\src\\main.cpp" 
..\src\main.cpp: In function 'int main()':
..\src\main.cpp:27:10: warning: 'params1' may be used uninitialized in this function [-Wmaybe-uninitialized]
   matrix = get_matrix_from_console(params1);
   ~~~~~~~^~~~~~~~~~~~~~~~~~~~~~~~~~~~~~~~~~
g++ -o SecLabSecTermWithDyn.exe "src\\main.o" 
C:/mingw730_32/bin/../lib/gcc/i686-w64-mingw32/7.3.0/../../../../i686-w64-mingw32/bin/ld.exe: cannot open output file SecLabSecTermWithDyn.exe: Permission denied
collect2.exe: error: ld returned 1 exit status
02:37:08 **** Incremental Build of configuration Debug for project SecLabSecTermWithDyn ****
Info: Internal Builder is used for build
g++ -o SecLabSecTermWithDyn.exe "src\\main.o" 
C:/mingw730_32/bin/../lib/gcc/i686-w64-mingw32/7.3.0/../../../../i686-w64-mingw32/bin/ld.exe: cannot open output file SecLabSecTermWithDyn.exe: Permission denied
collect2.exe: error: ld returned 1 exit status
02:38:08 **** Incremental Build of configuration Debug for project SecLabSecTermWithDyn ****
Info: Internal Builder is used for build
g++ -o SecLabSecTermWithDyn.exe "src\\main.o" 
Info: Nothing to build for SecLabSecTermWithDyn
02:39:11 **** Incremental Build of configuration Debug for project SecLabSecTermWithDyn ****
Info: Internal Builder is used for build
g++ "-IE:\\Workspace\\SecLabSecTermWithDyn\\Inc" -O0 -g3 -Wall -c -fmessage-length=0 -o "src\\main.o" "..\\src\\main.cpp" 
..\src\main.cpp: In function 'int main()':
..\src\main.cpp:27:10: warning: 'params1' may be used uninitialized in this function [-Wmaybe-uninitialized]
   matrix = get_matrix_from_console(params1);
   ~~~~~~~^~~~~~~~~~~~~~~~~~~~~~~~~~~~~~~~~~
g++ -o SecLabSecTermWithDyn.exe "src\\main.o" 
src\main.o: In function `main':
E:\Workspace\SecLabSecTermWithDyn\Debug/../src/main.cpp:27: undefined reference to `get_matrix_from_console(int*)'
collect2.exe: error: ld returned 1 exit status
02:39:30 **** Incremental Build of configuration Debug for project SecLabSecTermWithDyn ****
Info: Internal Builder is used for build
g++ "-IE:\\Workspace\\SecLabSecTermWithDyn\\Inc" -O0 -g3 -Wall -c -fmessage-length=0 -o "src\\main.o" "..\\src\\main.cpp" 
g++ -o SecLabSecTermWithDyn.exe "src\\main.o" 
Info: Nothing to build for FirstLabSecTerm
Info: Nothing to build for SecLabSecTermNoDyn
02:40:58 **** Incremental Build of configuration Debug for project SecLabSecTermWithDyn ****
Info: Internal Builder is used for build
g++ "-IE:\\Workspace\\SecLabSecTermWithDyn\\Inc" -O0 -g3 -Wall -c -fmessage-length=0 -o "src\\main.o" "..\\src\\main.cpp" 
g++ -o SecLabSecTermWithDyn.exe "src\\main.o" 
02:41:14 **** Incremental Build of configuration Debug for project SecLabSecTermWithDyn ****
Info: Internal Builder is used for build
g++ "-IE:\\Workspace\\SecLabSecTermWithDyn\\Inc" -O0 -g3 -Wall -c -fmessage-length=0 -o "src\\main.o" "..\\src\\main.cpp" 
g++ -o SecLabSecTermWithDyn.exe "src\\main.o" 
02:42:02 **** Incremental Build of configuration Debug for project SecLabSecTermWithDyn ****
Info: Internal Builder is used for build
g++ "-IE:\\Workspace\\SecLabSecTermWithDyn\\Inc" -O0 -g3 -Wall -c -fmessage-length=0 -o "src\\main.o" "..\\src\\main.cpp" 
..\src\main.cpp: In function 'int* check_params(const char*)':
..\src\main.cpp:143:19: error: 'SPACE' was not declared in this scope
   if (int(buf) == SPACE) {
                   ^~~~~
..\src\main.cpp:143:19: note: suggested alternative: '_SPACE'
   if (int(buf) == SPACE) {
                   ^~~~~
                   _SPACE
..\src\main.cpp:146:19: error: 'ENDL' was not declared in this scope
   if (int(buf) == ENDL)
                   ^~~~
02:43:01 **** Incremental Build of configuration Debug for project SecLabSecTermWithDyn ****
Info: Internal Builder is used for build
g++ "-IE:\\Workspace\\SecLabSecTermWithDyn\\Inc" -O0 -g3 -Wall -c -fmessage-length=0 -o "src\\main.o" "..\\src\\main.cpp" 
g++ -o SecLabSecTermWithDyn.exe "src\\main.o" 
03:02:13 **** Incremental Build of configuration Debug for project SecLabSecTermWithDyn ****
Info: Internal Builder is used for build
g++ "-IE:\\Workspace\\SecLabSecTermWithDyn\\Inc" -O0 -g3 -Wall -c -fmessage-length=0 -o "src\\main.o" "..\\src\\main.cpp" 
..\src\main.cpp: In function 'int main()':
..\src\main.cpp:28:10: warning: init-statement in selection statements only available with -std=c++1z or -std=gnu++1z
   switch(get_params(params1);){//Asking the user to enter the size of matrix
          ^~~~~~~~~~
..\src\main.cpp:28:30: error: expected primary-expression before ')' token
   switch(get_params(params1);){//Asking the user to enter the size of matrix
                              ^
..\src\main.cpp: In function 'int create_matrix(int*, int**)':
..\src\main.cpp:70:5: error: ambiguating new declaration of 'int create_matrix(int*, int**)'
 int create_matrix(int *params, int **matrix) {//function gets the size of matrix
     ^~~~~~~~~~~~~
..\src\main.cpp:12:7: note: old declaration 'int** create_matrix(int*, int**)'
 int** create_matrix(int *params, int **matrix);//creating matrix
       ^~~~~~~~~~~~~
..\src\main.cpp: In function 'int get_params(int*)':
..\src\main.cpp:92:5: error: ambiguating new declaration of 'int get_params(int*)'
 int get_params(int *params) {
     ^~~~~~~~~~
..\src\main.cpp:14:6: note: old declaration 'int* get_params(int*)'
 int* get_params(int *params);//gettting parametrs of the matrix from console
      ^~~~~~~~~~
03:02:46 **** Incremental Build of configuration Debug for project SecLabSecTermWithDyn ****
Info: Internal Builder is used for build
g++ "-IE:\\Workspace\\SecLabSecTermWithDyn\\Inc" -O0 -g3 -Wall -c -fmessage-length=0 -o "src\\main.o" "..\\src\\main.cpp" 
..\src\main.cpp: In function 'int main()':
..\src\main.cpp:28:10: warning: init-statement in selection statements only available with -std=c++1z or -std=gnu++1z
   switch(get_params(params1);){//Asking the user to enter the size of matrix
          ^~~~~~~~~~
..\src\main.cpp:28:30: error: expected primary-expression before ')' token
   switch(get_params(params1);){//Asking the user to enter the size of matrix
                              ^
03:02:59 **** Incremental Build of configuration Debug for project SecLabSecTermWithDyn ****
Info: Internal Builder is used for build
g++ "-IE:\\Workspace\\SecLabSecTermWithDyn\\Inc" -O0 -g3 -Wall -c -fmessage-length=0 -o "src\\main.o" "..\\src\\main.cpp" 
..\src\main.cpp: In function 'int main()':
..\src\main.cpp:35:16: warning: 'matrix' may be used uninitialized in this function [-Wmaybe-uninitialized]
   create_matrix(params1,matrix);//creating empty matrix with given size
   ~~~~~~~~~~~~~^~~~~~~~~~~~~~~~
g++ -o SecLabSecTermWithDyn.exe "src\\main.o" 
Info: Nothing to build for SecLabSecTermWithDyn
03:04:55 **** Incremental Build of configuration Debug for project SecLabSecTermWithDyn ****
Info: Internal Builder is used for build
g++ "-IE:\\Workspace\\SecLabSecTermWithDyn\\Inc" -O0 -g3 -Wall -c -fmessage-length=0 -o "src\\main.o" "..\\src\\main.cpp" 
..\src\main.cpp: In function 'int main()':
..\src\main.cpp:35:16: warning: 'matrix' may be used uninitialized in this function [-Wmaybe-uninitialized]
   create_matrix(params1,matrix);//creating empty matrix with given size
   ~~~~~~~~~~~~~^~~~~~~~~~~~~~~~
g++ -o SecLabSecTermWithDyn.exe "src\\main.o" 
03:06:29 **** Incremental Build of configuration Debug for project SecLabSecTermWithDyn ****
Info: Internal Builder is used for build
g++ "-IE:\\Workspace\\SecLabSecTermWithDyn\\Inc" -O0 -g3 -Wall -c -fmessage-length=0 -o "src\\main.o" "..\\src\\main.cpp" 
g++ -o SecLabSecTermWithDyn.exe "src\\main.o" 
src\main.o: In function `main':
E:\Workspace\SecLabSecTermWithDyn\Debug/../src/main.cpp:35: undefined reference to `create_matrix(int*, int**)'
E:\Workspace\SecLabSecTermWithDyn\Debug/../src/main.cpp:36: undefined reference to `get_matrix_from_console(int*&, int**&)'
collect2.exe: error: ld returned 1 exit status
03:07:32 **** Incremental Build of configuration Debug for project SecLabSecTermWithDyn ****
Info: Internal Builder is used for build
g++ "-IE:\\Workspace\\SecLabSecTermWithDyn\\Inc" -O0 -g3 -Wall -c -fmessage-length=0 -o "src\\main.o" "..\\src\\main.cpp" 
..\src\main.cpp: In function 'int main()':
..\src\main.cpp:35:16: warning: 'matrix' may be used uninitialized in this function [-Wmaybe-uninitialized]
   create_matrix(params1,matrix);//creating empty matrix with given size
   ~~~~~~~~~~~~~^~~~~~~~~~~~~~~~
g++ -o SecLabSecTermWithDyn.exe "src\\main.o" 
03:08:00 **** Incremental Build of configuration Debug for project SecLabSecTermWithDyn ****
Info: Internal Builder is used for build
g++ "-IE:\\Workspace\\SecLabSecTermWithDyn\\Inc" -O0 -g3 -Wall -c -fmessage-length=0 -o "src\\main.o" "..\\src\\main.cpp" 
..\src\main.cpp: In function 'int main()':
..\src\main.cpp:35:16: warning: 'matrix' may be used uninitialized in this function [-Wmaybe-uninitialized]
   create_matrix(params1,matrix);//creating empty matrix with given size
   ~~~~~~~~~~~~~^~~~~~~~~~~~~~~~
g++ -o SecLabSecTermWithDyn.exe "src\\main.o" 
03:09:33 **** Incremental Build of configuration Debug for project SecLabSecTermWithDyn ****
Info: Internal Builder is used for build
g++ "-IE:\\Workspace\\SecLabSecTermWithDyn\\Inc" -O0 -g3 -Wall -c -fmessage-length=0 -o "src\\main.o" "..\\src\\main.cpp" 
..\src\main.cpp: In function 'int main()':
..\src\main.cpp:35:16: warning: 'matrix' may be used uninitialized in this function [-Wmaybe-uninitialized]
   create_matrix(params1,matrix);//creating empty matrix with given size
   ~~~~~~~~~~~~~^~~~~~~~~~~~~~~~
g++ -o SecLabSecTermWithDyn.exe "src\\main.o" 
src\main.o: In function `main':
E:\Workspace\SecLabSecTermWithDyn\Debug/../src/main.cpp:28: undefined reference to `get_params(int*)'
collect2.exe: error: ld returned 1 exit status
03:09:45 **** Incremental Build of configuration Debug for project SecLabSecTermWithDyn ****
Info: Internal Builder is used for build
g++ "-IE:\\Workspace\\SecLabSecTermWithDyn\\Inc" -O0 -g3 -Wall -c -fmessage-length=0 -o "src\\main.o" "..\\src\\main.cpp" 
..\src\main.cpp: In function 'int main()':
..\src\main.cpp:35:16: warning: 'matrix' may be used uninitialized in this function [-Wmaybe-uninitialized]
   create_matrix(params1,matrix);//creating empty matrix with given size
   ~~~~~~~~~~~~~^~~~~~~~~~~~~~~~
g++ -o SecLabSecTermWithDyn.exe "src\\main.o" 
03:10:54 **** Incremental Build of configuration Debug for project SecLabSecTermWithDyn ****
Info: Internal Builder is used for build
g++ "-IE:\\Workspace\\SecLabSecTermWithDyn\\Inc" -O0 -g3 -Wall -c -fmessage-length=0 -o "src\\main.o" "..\\src\\main.cpp" 
g++ -o SecLabSecTermWithDyn.exe "src\\main.o" 
03:11:19 **** Incremental Build of configuration Debug for project SecLabSecTermWithDyn ****
Info: Internal Builder is used for build
g++ "-IE:\\Workspace\\SecLabSecTermWithDyn\\Inc" -O0 -g3 -Wall -c -fmessage-length=0 -o "src\\main.o" "..\\src\\main.cpp" 
g++ -o SecLabSecTermWithDyn.exe "src\\main.o" 
Info: Nothing to build for SecLabSecTermWithDyn
03:11:57 **** Incremental Build of configuration Debug for project SecLabSecTermWithDyn ****
Info: Internal Builder is used for build
g++ "-IE:\\Workspace\\SecLabSecTermWithDyn\\Inc" -O0 -g3 -Wall -c -fmessage-length=0 -o "src\\main.o" "..\\src\\main.cpp" 
g++ -o SecLabSecTermWithDyn.exe "src\\main.o" 
03:12:22 **** Incremental Build of configuration Debug for project SecLabSecTermWithDyn ****
Info: Internal Builder is used for build
g++ "-IE:\\Workspace\\SecLabSecTermWithDyn\\Inc" -O0 -g3 -Wall -c -fmessage-length=0 -o "src\\main.o" "..\\src\\main.cpp" 
g++ -o SecLabSecTermWithDyn.exe "src\\main.o" 
03:13:26 **** Incremental Build of configuration Debug for project SecLabSecTermWithDyn ****
Info: Internal Builder is used for build
g++ "-IE:\\Workspace\\SecLabSecTermWithDyn\\Inc" -O0 -g3 -Wall -c -fmessage-length=0 -o "src\\main.o" "..\\src\\main.cpp" 
g++ -o SecLabSecTermWithDyn.exe "src\\main.o" 
03:14:27 **** Incremental Build of configuration Debug for project SecLabSecTermWithDyn ****
Info: Internal Builder is used for build
g++ "-IE:\\Workspace\\SecLabSecTermWithDyn\\Inc" -O0 -g3 -Wall -c -fmessage-length=0 -o "src\\main.o" "..\\src\\main.cpp" 
g++ -o SecLabSecTermWithDyn.exe "src\\main.o" 
03:14:41 **** Incremental Build of configuration Debug for project SecLabSecTermWithDyn ****
Info: Internal Builder is used for build
g++ "-IE:\\Workspace\\SecLabSecTermWithDyn\\Inc" -O0 -g3 -Wall -c -fmessage-length=0 -o "src\\main.o" "..\\src\\main.cpp" 
g++ -o SecLabSecTermWithDyn.exe "src\\main.o" 
03:15:47 **** Incremental Build of configuration Debug for project SecLabSecTermWithDyn ****
Info: Internal Builder is used for build
g++ "-IE:\\Workspace\\SecLabSecTermWithDyn\\Inc" -O0 -g3 -Wall -c -fmessage-length=0 -o "src\\main.o" "..\\src\\main.cpp" 
g++ -o SecLabSecTermWithDyn.exe "src\\main.o" 
03:16:07 **** Incremental Build of configuration Debug for project SecLabSecTermWithDyn ****
Info: Internal Builder is used for build
g++ "-IE:\\Workspace\\SecLabSecTermWithDyn\\Inc" -O0 -g3 -Wall -c -fmessage-length=0 -o "src\\main.o" "..\\src\\main.cpp" 
g++ -o SecLabSecTermWithDyn.exe "src\\main.o" 
03:16:46 **** Incremental Build of configuration Debug for project SecLabSecTermWithDyn ****
Info: Internal Builder is used for build
g++ "-IE:\\Workspace\\SecLabSecTermWithDyn\\Inc" -O0 -g3 -Wall -c -fmessage-length=0 -o "src\\main.o" "..\\src\\main.cpp" 
g++ -o SecLabSecTermWithDyn.exe "src\\main.o" 
03:17:08 **** Incremental Build of configuration Debug for project SecLabSecTermWithDyn ****
Info: Internal Builder is used for build
g++ "-IE:\\Workspace\\SecLabSecTermWithDyn\\Inc" -O0 -g3 -Wall -c -fmessage-length=0 -o "src\\main.o" "..\\src\\main.cpp" 
g++ -o SecLabSecTermWithDyn.exe "src\\main.o" 
03:17:22 **** Incremental Build of configuration Debug for project SecLabSecTermWithDyn ****
Info: Internal Builder is used for build
g++ "-IE:\\Workspace\\SecLabSecTermWithDyn\\Inc" -O0 -g3 -Wall -c -fmessage-length=0 -o "src\\main.o" "..\\src\\main.cpp" 
g++ -o SecLabSecTermWithDyn.exe "src\\main.o" 
03:18:19 **** Incremental Build of configuration Debug for project SecLabSecTermWithDyn ****
Info: Internal Builder is used for build
g++ "-IE:\\Workspace\\SecLabSecTermWithDyn\\Inc" -O0 -g3 -Wall -c -fmessage-length=0 -o "src\\main.o" "..\\src\\main.cpp" 
g++ -o SecLabSecTermWithDyn.exe "src\\main.o" 
03:18:50 **** Incremental Build of configuration Debug for project SecLabSecTermWithDyn ****
Info: Internal Builder is used for build
g++ "-IE:\\Workspace\\SecLabSecTermWithDyn\\Inc" -O0 -g3 -Wall -c -fmessage-length=0 -o "src\\main.o" "..\\src\\main.cpp" 
g++ -o SecLabSecTermWithDyn.exe "src\\main.o" 
03:20:31 **** Incremental Build of configuration Debug for project SecLabSecTermWithDyn ****
Info: Internal Builder is used for build
g++ "-IE:\\Workspace\\SecLabSecTermWithDyn\\Inc" -O0 -g3 -Wall -c -fmessage-length=0 -o "src\\main.o" "..\\src\\main.cpp" 
..\src\main.cpp: In function 'int main()':
..\src\main.cpp:35:16: warning: 'matrix' may be used uninitialized in this function [-Wmaybe-uninitialized]
   create_matrix(params1,matrix);//creating empty matrix with given size
   ~~~~~~~~~~~~~^~~~~~~~~~~~~~~~
g++ -o SecLabSecTermWithDyn.exe "src\\main.o" 
Info: Nothing to build for SecLabSecTermWithDyn
03:21:55 **** Incremental Build of configuration Debug for project SecLabSecTermWithDyn ****
Info: Internal Builder is used for build
g++ "-IE:\\Workspace\\SecLabSecTermWithDyn\\Inc" -O0 -g3 -Wall -c -fmessage-length=0 -o "src\\main.o" "..\\src\\main.cpp" 
..\src\main.cpp: In function 'int main()':
..\src\main.cpp:35:16: warning: 'matrix' may be used uninitialized in this function [-Wmaybe-uninitialized]
   create_matrix(params1,matrix);//creating empty matrix with given size
   ~~~~~~~~~~~~~^~~~~~~~~~~~~~~~
g++ -o SecLabSecTermWithDyn.exe "src\\main.o" 
03:22:26 **** Incremental Build of configuration Debug for project SecLabSecTermWithDyn ****
Info: Internal Builder is used for build
g++ "-IE:\\Workspace\\SecLabSecTermWithDyn\\Inc" -O0 -g3 -Wall -c -fmessage-length=0 -o "src\\main.o" "..\\src\\main.cpp" 
g++ -o SecLabSecTermWithDyn.exe "src\\main.o" 
03:31:19 **** Incremental Build of configuration Debug for project SecLabSecTermWithDyn ****
Info: Internal Builder is used for build
g++ "-IE:\\Workspace\\SecLabSecTermWithDyn\\Inc" -O0 -g3 -Wall -c -fmessage-length=0 -o "src\\main.o" "..\\src\\main.cpp" 
..\src\main.cpp: In function 'int main()':
..\src\main.cpp:59:10: warning: init-statement in selection statements only available with -std=c++1z or -std=gnu++1z
   switch(get_matrix_from_file(FNAME, params1,matrix);){
          ^~~~~~~~~~~~~~~~~~~~
..\src\main.cpp:59:54: error: expected primary-expression before ')' token
   switch(get_matrix_from_file(FNAME, params1,matrix);){
                                                      ^
03:31:28 **** Incremental Build of configuration Debug for project SecLabSecTermWithDyn ****
Info: Internal Builder is used for build
g++ "-IE:\\Workspace\\SecLabSecTermWithDyn\\Inc" -O0 -g3 -Wall -c -fmessage-length=0 -o "src\\main.o" "..\\src\\main.cpp" 
..\src\main.cpp: In function 'int main()':
..\src\main.cpp:36:33: warning: 'matrix' may be used uninitialized in this function [-Wmaybe-uninitialized]
   switch(get_matrix_from_console(params1,matrix)){
          ~~~~~~~~~~~~~~~~~~~~~~~^~~~~~~~~~~~~~~~
g++ -o SecLabSecTermWithDyn.exe "src\\main.o" 
Info: Nothing to build for SecLabSecTermWithDyn
Info: Nothing to build for SecLabSecTermWithDyn
Info: Nothing to build for SecLabSecTermWithDyn
03:33:21 **** Incremental Build of configuration Debug for project SecLabSecTermWithDyn ****
Info: Internal Builder is used for build
g++ "-IE:\\Workspace\\SecLabSecTermWithDyn\\Inc" -O0 -g3 -Wall -c -fmessage-length=0 -o "src\\main.o" "..\\src\\main.cpp" 
..\src\main.cpp: In function 'int main()':
..\src\main.cpp:36:33: warning: 'matrix' may be used uninitialized in this function [-Wmaybe-uninitialized]
   switch(get_matrix_from_console(params1,matrix)){
          ~~~~~~~~~~~~~~~~~~~~~~~^~~~~~~~~~~~~~~~
g++ -o SecLabSecTermWithDyn.exe "src\\main.o" 
03:33:46 **** Incremental Build of configuration Debug for project SecLabSecTermWithDyn ****
Info: Internal Builder is used for build
g++ "-IE:\\Workspace\\SecLabSecTermWithDyn\\Inc" -O0 -g3 -Wall -c -fmessage-length=0 -o "src\\main.o" "..\\src\\main.cpp" 
..\src\main.cpp: In function 'int main()':
..\src\main.cpp:36:33: warning: 'matrix' may be used uninitialized in this function [-Wmaybe-uninitialized]
   switch(get_matrix_from_console(params1,matrix)){
          ~~~~~~~~~~~~~~~~~~~~~~~^~~~~~~~~~~~~~~~
g++ -o SecLabSecTermWithDyn.exe "src\\main.o" 
03:34:18 **** Incremental Build of configuration Debug for project SecLabSecTermWithDyn ****
Info: Internal Builder is used for build
g++ "-IE:\\Workspace\\SecLabSecTermWithDyn\\Inc" -O0 -g3 -Wall -c -fmessage-length=0 -o "src\\main.o" "..\\src\\main.cpp" 
..\src\main.cpp: In function 'int main()':
..\src\main.cpp:36:33: warning: 'matrix' may be used uninitialized in this function [-Wmaybe-uninitialized]
   switch(get_matrix_from_console(params1,matrix)){
          ~~~~~~~~~~~~~~~~~~~~~~~^~~~~~~~~~~~~~~~
g++ -o SecLabSecTermWithDyn.exe "src\\main.o" 
03:34:31 **** Incremental Build of configuration Debug for project SecLabSecTermWithDyn ****
Info: Internal Builder is used for build
g++ "-IE:\\Workspace\\SecLabSecTermWithDyn\\Inc" -O0 -g3 -Wall -c -fmessage-length=0 -o "src\\main.o" "..\\src\\main.cpp" 
..\src\main.cpp: In function 'int main()':
..\src\main.cpp:36:33: warning: 'matrix' may be used uninitialized in this function [-Wmaybe-uninitialized]
   switch(get_matrix_from_console(params1,matrix)){
          ~~~~~~~~~~~~~~~~~~~~~~~^~~~~~~~~~~~~~~~
g++ -o SecLabSecTermWithDyn.exe "src\\main.o" 
03:34:57 **** Incremental Build of configuration Debug for project SecLabSecTermWithDyn ****
Info: Internal Builder is used for build
g++ "-IE:\\Workspace\\SecLabSecTermWithDyn\\Inc" -O0 -g3 -Wall -c -fmessage-length=0 -o "src\\main.o" "..\\src\\main.cpp" 
..\src\main.cpp: In function 'int main()':
..\src\main.cpp:36:33: warning: 'matrix' may be used uninitialized in this function [-Wmaybe-uninitialized]
   switch(get_matrix_from_console(params1,matrix)){
          ~~~~~~~~~~~~~~~~~~~~~~~^~~~~~~~~~~~~~~~
g++ -o SecLabSecTermWithDyn.exe "src\\main.o" 
03:35:09 **** Incremental Build of configuration Debug for project SecLabSecTermWithDyn ****
Info: Internal Builder is used for build
g++ "-IE:\\Workspace\\SecLabSecTermWithDyn\\Inc" -O0 -g3 -Wall -c -fmessage-length=0 -o "src\\main.o" "..\\src\\main.cpp" 
..\src\main.cpp: In function 'int main()':
..\src\main.cpp:36:33: warning: 'matrix' may be used uninitialized in this function [-Wmaybe-uninitialized]
   switch(get_matrix_from_console(params1,matrix)){
          ~~~~~~~~~~~~~~~~~~~~~~~^~~~~~~~~~~~~~~~
g++ -o SecLabSecTermWithDyn.exe "src\\main.o" 
src\main.o: In function `main':
E:\Workspace\SecLabSecTermWithDyn\Debug/../src/main.cpp:59: undefined reference to `get_matrix_from_file(char const*, int*, int**)'
collect2.exe: error: ld returned 1 exit status
03:35:26 **** Incremental Build of configuration Debug for project SecLabSecTermWithDyn ****
Info: Internal Builder is used for build
g++ "-IE:\\Workspace\\SecLabSecTermWithDyn\\Inc" -O0 -g3 -Wall -c -fmessage-length=0 -o "src\\main.o" "..\\src\\main.cpp" 
..\src\main.cpp: In function 'int main()':
..\src\main.cpp:36:33: warning: 'matrix' may be used uninitialized in this function [-Wmaybe-uninitialized]
   switch(get_matrix_from_console(params1,matrix)){
          ~~~~~~~~~~~~~~~~~~~~~~~^~~~~~~~~~~~~~~~
g++ -o SecLabSecTermWithDyn.exe "src\\main.o" 
03:36:37 **** Incremental Build of configuration Debug for project SecLabSecTermWithDyn ****
Info: Internal Builder is used for build
g++ "-IE:\\Workspace\\SecLabSecTermWithDyn\\Inc" -O0 -g3 -Wall -c -fmessage-length=0 -o "src\\main.o" "..\\src\\main.cpp" 
g++ -o SecLabSecTermWithDyn.exe "src\\main.o" 
03:37:11 **** Incremental Build of configuration Debug for project SecLabSecTermWithDyn ****
Info: Internal Builder is used for build
g++ "-IE:\\Workspace\\SecLabSecTermWithDyn\\Inc" -O0 -g3 -Wall -c -fmessage-length=0 -o "src\\main.o" "..\\src\\main.cpp" 
g++ -o SecLabSecTermWithDyn.exe "src\\main.o" 
03:38:16 **** Incremental Build of configuration Debug for project SecLabSecTermWithDyn ****
Info: Internal Builder is used for build
g++ "-IE:\\Workspace\\SecLabSecTermWithDyn\\Inc" -O0 -g3 -Wall -c -fmessage-length=0 -o "src\\main.o" "..\\src\\main.cpp" 
g++ -o SecLabSecTermWithDyn.exe "src\\main.o" 
03:38:33 **** Incremental Build of configuration Debug for project SecLabSecTermWithDyn ****
Info: Internal Builder is used for build
g++ "-IE:\\Workspace\\SecLabSecTermWithDyn\\Inc" -O0 -g3 -Wall -c -fmessage-length=0 -o "src\\main.o" "..\\src\\main.cpp" 
g++ -o SecLabSecTermWithDyn.exe "src\\main.o" 
03:39:23 **** Incremental Build of configuration Debug for project SecLabSecTermWithDyn ****
Info: Internal Builder is used for build
g++ "-IE:\\Workspace\\SecLabSecTermWithDyn\\Inc" -O0 -g3 -Wall -c -fmessage-length=0 -o "src\\main.o" "..\\src\\main.cpp" 
g++ -o SecLabSecTermWithDyn.exe "src\\main.o" 
03:42:07 **** Incremental Build of configuration Debug for project SecLabSecTermWithDyn ****
Info: Internal Builder is used for build
g++ "-IE:\\Workspace\\SecLabSecTermWithDyn\\Inc" -O0 -g3 -Wall -c -fmessage-length=0 -o "src\\main.o" "..\\src\\main.cpp" 
..\src\main.cpp: In function 'int main()':
..\src\main.cpp:70:8: error: too few arguments to function 'void tasks(int*, int**)'
  tasks();
        ^
..\src\main.cpp:20:6: note: declared here
 void tasks(int* params, int **matrix);
      ^~~~~
03:42:18 **** Incremental Build of configuration Debug for project SecLabSecTermWithDyn ****
Info: Internal Builder is used for build
g++ "-IE:\\Workspace\\SecLabSecTermWithDyn\\Inc" -O0 -g3 -Wall -c -fmessage-length=0 -o "src\\main.o" "..\\src\\main.cpp" 
..\src\main.cpp: In function 'int main()':
..\src\main.cpp:70:8: error: too few arguments to function 'void tasks(int*, int**)'
  tasks();
        ^
..\src\main.cpp:20:6: note: declared here
 void tasks(int* params, int **matrix);
      ^~~~~
03:42:42 **** Incremental Build of configuration Debug for project SecLabSecTermWithDyn ****
Info: Internal Builder is used for build
g++ "-IE:\\Workspace\\SecLabSecTermWithDyn\\Inc" -O0 -g3 -Wall -c -fmessage-length=0 -o "src\\main.o" "..\\src\\main.cpp" 
g++ -o SecLabSecTermWithDyn.exe "src\\main.o" 
Info: Nothing to build for SecLabSecTermWithDyn
03:43:41 **** Incremental Build of configuration Debug for project SecLabSecTermWithDyn ****
Info: Internal Builder is used for build
g++ "-IE:\\Workspace\\SecLabSecTermWithDyn\\Inc" -O0 -g3 -Wall -c -fmessage-length=0 -o "src\\main.o" "..\\src\\main.cpp" 
g++ -o SecLabSecTermWithDyn.exe "src\\main.o" 
03:45:00 **** Incremental Build of configuration Debug for project SecLabSecTermWithDyn ****
Info: Internal Builder is used for build
g++ "-IE:\\Workspace\\SecLabSecTermWithDyn\\Inc" -O0 -g3 -Wall -c -fmessage-length=0 -o "src\\main.o" "..\\src\\main.cpp" 
g++ -o SecLabSecTermWithDyn.exe "src\\main.o" 
Info: Nothing to build for SecLabSecTermWithDyn
03:46:28 **** Incremental Build of configuration Debug for project SecLabSecTermWithDyn ****
Info: Internal Builder is used for build
g++ "-IE:\\Workspace\\SecLabSecTermWithDyn\\Inc" -O0 -g3 -Wall -c -fmessage-length=0 -o "src\\main.o" "..\\src\\main.cpp" 
g++ -o SecLabSecTermWithDyn.exe "src\\main.o" 
Info: Nothing to build for SecLabSecTermWithDyn
